Built from '6000.0/staging' branch; Version is '6000.0.65f1 (a18e2220bd50) revision 10587682'; Using compiler version '193933523'; Build Type 'Release'
OS: 'Windows 11  (10.0.26200) 64bit Core' Language: 'fr' Physical Memory: 16163 MB
BatchMode: 1, IsHumanControllingUs: 0, StartBugReporterOnCrash: 0, Is64bit: 1
Date: 2026-03-18T14:16:48Z
[Licensing::Module] Trying to connect to existing licensing client channel...
[Licensing::IpcConnector] Successfully connected to: "LicenseClient-cleme" at "2026-03-18T14:16:48.0278816Z"

COMMAND LINE ARGUMENTS:
C:\Users\cleme\OneDrive\Documents\unity\6000.0.65f1\Editor\Unity.exe
-adb2
-batchMode
-noUpm
-name
AssetImportWorker1
-projectPath
C:/Users/cleme/Documents/unity/zelda like
-logFile
Logs/AssetImportWorker1.log
-srvPort
49694
-job-worker-count
3
-background-job-worker-count
8
-gc-helper-count
1
-name
AssetImport
Successfully changed project path to: C:/Users/cleme/Documents/unity/zelda like
C:/Users/cleme/Documents/unity/zelda like
[UnityMemory] Configuration Parameters - Can be set up in boot.config
    "memorysetup-bucket-allocator-granularity=16"
    "memorysetup-bucket-allocator-bucket-count=8"
    "memorysetup-bucket-allocator-block-size=33554432"
    "memorysetup-bucket-allocator-block-count=8"
    "memorysetup-main-allocator-block-size=16777216"
    "memorysetup-thread-allocator-block-size=16777216"
    "memorysetup-gfx-main-allocator-block-size=16777216"
    "memorysetup-gfx-thread-allocator-block-size=16777216"
    "memorysetup-cache-allocator-block-size=4194304"
    "memorysetup-typetree-allocator-block-size=2097152"
    "memorysetup-profiler-bucket-allocator-granularity=16"
    "memorysetup-profiler-bucket-allocator-bucket-count=8"
    "memorysetup-profiler-bucket-allocator-block-size=33554432"
    "memorysetup-profiler-bucket-allocator-block-count=8"
    "memorysetup-profiler-allocator-block-size=16777216"
    "memorysetup-profiler-editor-allocator-block-size=1048576"
    "memorysetup-temp-allocator-size-main=16777216"
    "memorysetup-job-temp-allocator-block-size=2097152"
    "memorysetup-job-temp-allocator-block-size-background=1048576"
    "memorysetup-job-temp-allocator-reduction-small-platforms=262144"
    "memorysetup-allocator-temp-initial-block-size-main=262144"
    "memorysetup-allocator-temp-initial-block-size-worker=262144"
    "memorysetup-temp-allocator-size-background-worker=32768"
    "memorysetup-temp-allocator-size-job-worker=262144"
    "memorysetup-temp-allocator-size-preload-manager=33554432"
    "memorysetup-temp-allocator-size-nav-mesh-worker=65536"
    "memorysetup-temp-allocator-size-audio-worker=65536"
    "memorysetup-temp-allocator-size-cloud-worker=32768"
    "memorysetup-temp-allocator-size-gi-baking-worker=262144"
    "memorysetup-temp-allocator-size-gi-baking-worker=262144"
    "memorysetup-temp-allocator-size-gi-baking-worker=262144"
    "memorysetup-temp-allocator-size-gi-baking-worker=262144"
    "memorysetup-temp-allocator-size-gi-baking-worker=262144"
    "memorysetup-temp-allocator-size-gfx=262144"
Player connection [12428]  Target information:

Player connection [12428]  * "[IP] 10.240.55.151 [Port] 0 [Flags] 2 [Guid] 1366039648 [EditorId] 1366039648 [Version] 1048832 [Id] WindowsEditor(7,AcerAspire3) [Debug] 1 [PackageName] WindowsEditor [ProjectName] Editor" 

Player connection [12428] Host joined multi-casting on [225.0.0.222:54997]...
Player connection [12428] Host joined alternative multi-casting on [225.0.0.222:34997]...
JobSystem: Creating JobQueue using job-worker-count value 3
Input System module state changed to: Initialized.
[Physics::Module] Initialized fallback backend.
[Physics::Module] Id: 0xdecafbad
Library Redirect Path: Library/
[Physics::Module] Selected backend.
[Physics::Module] Name: PhysX
[Physics::Module] Id: 0xf2b8ea05
[Physics::Module] SDK Version: 4.1.2
[Physics::Module] Integration Version: 1.0.0
[Physics::Module] Threading Mode: Multi-Threaded
Refreshing native plugins compatible for Editor in 0.00 ms, found 0 plugins.
Preloading 0 native plugins for Editor in 0.00 ms.
Initialize engine version: 6000.0.65f1 (a18e2220bd50)
[Subsystems] Discovering subsystems at path C:/Users/cleme/OneDrive/Documents/unity/6000.0.65f1/Editor/Data/Resources/UnitySubsystems
[Subsystems] Discovering subsystems at path C:/Users/cleme/Documents/unity/zelda like/Assets
GfxDevice: creating device client; kGfxThreadingModeNonThreaded
Direct3D:
    Version:  Direct3D 11.0 [level 11.1]
    Renderer: Intel(R) Iris(R) Xe Graphics (ID=0x9a49)
    Vendor:   Intel
    VRAM:     8081 MB
    Driver:   30.0.101.1404
Initialize mono
Mono path[0] = 'C:/Users/cleme/OneDrive/Documents/unity/6000.0.65f1/Editor/Data/Managed'
Mono path[1] = 'C:/Users/cleme/OneDrive/Documents/unity/6000.0.65f1/Editor/Data/MonoBleedingEdge/lib/mono/unityjit-win32'
Mono config path = 'C:/Users/cleme/OneDrive/Documents/unity/6000.0.65f1/Editor/Data/MonoBleedingEdge/etc'
Using monoOptions --debugger-agent=transport=dt_socket,embedding=1,server=y,suspend=n,address=127.0.0.1:56920
Begin MonoManager ReloadAssembly
[Licensing::Client] Handshaking with LicensingClient:
  Version:                 1.17.4+4293ba1
  Session Id:              bb6362845a6d4d559616dbdfc31380a8
  Correlation Id:          b49abe4b641931eb838582436526f821
  External correlation Id: 7582585646404883060
  Machine Id:              TKYlbcUYATvSqXUcPGtrgB1i15k=
[Licensing::Module] Successfully connected to LicensingClient on channel: "LicenseClient-cleme" (connect: 0.00s, validation: 0.00s, handshake: 4.60s)
[Licensing::IpcConnector] Successfully connected to: "LicenseClient-cleme-notifications" at "2026-03-18T14:16:52.6327426Z"
[Licensing::Module] Licensing Background thread has ended after 4.61s
Registering precompiled unity dll's ...
Register platform support module: C:/Users/cleme/OneDrive/Documents/unity/6000.0.65f1/Editor/Data/PlaybackEngines/WindowsStandaloneSupport/UnityEditor.WindowsStandalone.Extensions.dll
Registered in 0.011099 seconds.
- Loaded All Assemblies, in  1.269 seconds
Native extension for WindowsStandalone target not found
Mono: successfully reloaded assembly
- Finished resetting the current domain, in  1.126 seconds
Domain Reload Profiling: 2389ms
	BeginReloadAssembly (485ms)
		ExecutionOrderSort (0ms)
		DisableScriptedObjects (0ms)
		BackupInstance (0ms)
		ReleaseScriptingObjects (0ms)
		CreateAndSetChildDomain (2ms)
	RebuildCommonClasses (137ms)
	RebuildNativeTypeToScriptingClass (68ms)
	initialDomainReloadingComplete (161ms)
	LoadAllAssembliesAndSetupDomain (412ms)
		LoadAssemblies (464ms)
		RebuildTransferFunctionScriptingTraits (0ms)
		AnalyzeDomain (407ms)
			TypeCache.Refresh (403ms)
				TypeCache.ScanAssembly (365ms)
			BuildScriptInfoCaches (0ms)
			ResolveRequiredComponents (1ms)
	FinalizeReload (1127ms)
		ReleaseScriptCaches (0ms)
		RebuildScriptCaches (0ms)
		SetupLoadedEditorAssemblies (1039ms)
			LogAssemblyErrors (0ms)
			InitializePlatformSupportModulesInManaged (67ms)
			SetLoadedEditorAssemblies (11ms)
			BeforeProcessingInitializeOnLoad (200ms)
			ProcessInitializeOnLoadAttributes (638ms)
			ProcessInitializeOnLoadMethodAttributes (123ms)
			AfterProcessingInitializeOnLoad (0ms)
			EditorAssembliesLoaded (0ms)
		ExecutionOrderSort2 (0ms)
		AwakeInstancesAfterBackupRestoration (0ms)
========================================================================
Worker process is ready to serve import requests
Import Worker Mode flag is 0x00
Begin MonoManager ReloadAssembly
[Licensing::Client] Successfully resolved entitlement details
[Licensing::Module] License group:
  Id: 20067137549237-UnityPersXXXX
  Product: Unity Personal
  Type: Assigned
  Expiration: Unlimited
- Loaded All Assemblies, in  0.691 seconds
Refreshing native plugins compatible for Editor in 0.00 ms, found 0 plugins.
Native extension for WindowsStandalone target not found
Mono: successfully reloaded assembly
- Finished resetting the current domain, in  1.019 seconds
Domain Reload Profiling: 1701ms
	BeginReloadAssembly (438ms)
		ExecutionOrderSort (0ms)
		DisableScriptedObjects (16ms)
		BackupInstance (0ms)
		ReleaseScriptingObjects (0ms)
		CreateAndSetChildDomain (64ms)
	RebuildCommonClasses (92ms)
	RebuildNativeTypeToScriptingClass (32ms)
	initialDomainReloadingComplete (44ms)
	LoadAllAssembliesAndSetupDomain (75ms)
		LoadAssemblies (234ms)
		RebuildTransferFunctionScriptingTraits (0ms)
		AnalyzeDomain (61ms)
			TypeCache.Refresh (40ms)
				TypeCache.ScanAssembly (31ms)
			BuildScriptInfoCaches (10ms)
			ResolveRequiredComponents (5ms)
	FinalizeReload (1020ms)
		ReleaseScriptCaches (0ms)
		RebuildScriptCaches (0ms)
		SetupLoadedEditorAssemblies (758ms)
			LogAssemblyErrors (0ms)
			InitializePlatformSupportModulesInManaged (4ms)
			SetLoadedEditorAssemblies (5ms)
			BeforeProcessingInitializeOnLoad (199ms)
			ProcessInitializeOnLoadAttributes (449ms)
			ProcessInitializeOnLoadMethodAttributes (86ms)
			AfterProcessingInitializeOnLoad (15ms)
			EditorAssembliesLoaded (0ms)
		ExecutionOrderSort2 (0ms)
		AwakeInstancesAfterBackupRestoration (14ms)
Launched and connected shader compiler UnityShaderCompiler.exe after 0.03 seconds
Refreshing native plugins compatible for Editor in 0.00 ms, found 0 plugins.
Preloading 0 native plugins for Editor in 0.00 ms.
Unloading 0 Unused Serialized files (Serialized files now loaded: 0)
Unloading 597 unused Assets / (163.1 KB). Loaded Objects now: 1097.
Memory consumption went from 56.9 MB to 56.8 MB.
Total: 9.002400 ms (FindLiveObjects: 0.167100 ms CreateObjectMapping: 0.160600 ms MarkObjects: 8.271300 ms  DeleteObjects: 0.401400 ms)

========================================================================
Received Import Request.
  Time since last request: 376086.385464 seconds.
  path: Assets/Tilesets/Tilemap-Zelda-like_123.asset
  artifactKey: Guid(d32f1d6b287db104081cde40910d1e43) Importer(2089858483,192608db42251d675da83286b1cce702)
Start importing Assets/Tilesets/Tilemap-Zelda-like_123.asset using Guid(d32f1d6b287db104081cde40910d1e43) Importer(2089858483,192608db42251d675da83286b1cce702) (ScriptedImporter) -> (artifact id: '54b62c292163d12c9d7c98701f8413ef') in 0.3531093 seconds
Number of updated asset objects reloaded before import = 0Number of asset objects unloaded after import = 2

========================================================================
Received Import Request.
  Time since last request: 0.000044 seconds.
  path: Assets/Tilesets/Tilemap-Zelda-like_131.asset
  artifactKey: Guid(8b1bb835b44ba3f4496237195df7c9f4) Importer(2089858483,192608db42251d675da83286b1cce702)
Start importing Assets/Tilesets/Tilemap-Zelda-like_131.asset using Guid(8b1bb835b44ba3f4496237195df7c9f4) Importer(2089858483,192608db42251d675da83286b1cce702) (ScriptedImporter) -> (artifact id: 'c8da9f03e8298bc99830133e761c06e3') in 0.0328248 seconds
Number of updated asset objects reloaded before import = 0Number of asset objects unloaded after import = 2

========================================================================
Received Import Request.
  Time since last request: 0.000050 seconds.
  path: Assets/Tilesets/Tilemap-Zelda-like_141.asset
  artifactKey: Guid(9235c91d199ca6e42baec366b9109d70) Importer(2089858483,192608db42251d675da83286b1cce702)
Start importing Assets/Tilesets/Tilemap-Zelda-like_141.asset using Guid(9235c91d199ca6e42baec366b9109d70) Importer(2089858483,192608db42251d675da83286b1cce702) (ScriptedImporter) -> (artifact id: '25efd54ea0b82db216e4aa16c2787f97') in 0.0332517 seconds
Number of updated asset objects reloaded before import = 0Number of asset objects unloaded after import = 2

========================================================================
Received Import Request.
  Time since last request: 0.000036 seconds.
  path: Assets/Scripts/attackHitbox.cs
  artifactKey: Guid(b3e1c33f65bce92478d68bf76e42f60b) Importer(2089858483,192608db42251d675da83286b1cce702)
Start importing Assets/Scripts/attackHitbox.cs using Guid(b3e1c33f65bce92478d68bf76e42f60b) Importer(2089858483,192608db42251d675da83286b1cce702) (ScriptedImporter) -> (artifact id: 'd549797c177fe20150d31ce667d38d96') in 0.0456373 seconds
Number of updated asset objects reloaded before import = 0Number of asset objects unloaded after import = 0

========================================================================
Received Import Request.
  Time since last request: 0.000435 seconds.
  path: Assets/Palettes/Tree.prefab
  artifactKey: Guid(1bbc13ed76b307243a8dad5569f12590) Importer(2089858483,192608db42251d675da83286b1cce702)
Start importing Assets/Palettes/Tree.prefab using Guid(1bbc13ed76b307243a8dad5569f12590) Importer(2089858483,192608db42251d675da83286b1cce702) (ScriptedImporter) -> (artifact id: 'ab365dd61965e1f9d6e6523dfee6c921') in 0.0993589 seconds
Number of updated asset objects reloaded before import = 0Number of asset objects unloaded after import = 10

========================================================================
Received Import Request.
  Time since last request: 0.000033 seconds.
  path: Assets/Palettes/Grass.prefab
  artifactKey: Guid(eff3be24d2c41cf4d9a9f8cd33bd416a) Importer(2089858483,192608db42251d675da83286b1cce702)
Start importing Assets/Palettes/Grass.prefab using Guid(eff3be24d2c41cf4d9a9f8cd33bd416a) Importer(2089858483,192608db42251d675da83286b1cce702) (ScriptedImporter) -> (artifact id: '21a077d6c57300560e969846c803a1e1') in 0.0602165 seconds
Number of updated asset objects reloaded before import = 0Number of asset objects unloaded after import = 10

========================================================================
Received Import Request.
  Time since last request: 0.000054 seconds.
  path: Assets/Scripts/PlayerHealth.cs
  artifactKey: Guid(9924d23e125aafb4dad311a33d20be2a) Importer(2089858483,192608db42251d675da83286b1cce702)
Start importing Assets/Scripts/PlayerHealth.cs using Guid(9924d23e125aafb4dad311a33d20be2a) Importer(2089858483,192608db42251d675da83286b1cce702) (ScriptedImporter) -> (artifact id: '8a67cbe61182cdc83ea40d2202fe9664') in 0.0302013 seconds
Number of updated asset objects reloaded before import = 0Number of asset objects unloaded after import = 0

========================================================================
Received Import Request.
  Time since last request: 0.000502 seconds.
  path: Assets/Scripts/SwordScript.cs
  artifactKey: Guid(505ab94482df22f40b0f54a6b21d2b1a) Importer(2089858483,192608db42251d675da83286b1cce702)
Start importing Assets/Scripts/SwordScript.cs using Guid(505ab94482df22f40b0f54a6b21d2b1a) Importer(2089858483,192608db42251d675da83286b1cce702) (ScriptedImporter) -> (artifact id: 'ab21a591ca6766e46d6faea9e596bad6') in 0.0268846 seconds
Number of updated asset objects reloaded before import = 0Number of asset objects unloaded after import = 0

========================================================================
Received Import Request.
  Time since last request: 0.000037 seconds.
  path: Assets/Tilesets/Tilemap-Zelda-like_134.asset
  artifactKey: Guid(4c5d5ed65ae6a0b4180fb835481bd320) Importer(2089858483,192608db42251d675da83286b1cce702)
Start importing Assets/Tilesets/Tilemap-Zelda-like_134.asset using Guid(4c5d5ed65ae6a0b4180fb835481bd320) Importer(2089858483,192608db42251d675da83286b1cce702) (ScriptedImporter) -> (artifact id: '8be14cecdbc957a5f9b5deb04b3eeacd') in 0.0381529 seconds
Number of updated asset objects reloaded before import = 0Number of asset objects unloaded after import = 2

========================================================================
Received Import Request.
  Time since last request: 0.000059 seconds.
  path: Assets/Palettes/DungeonHoles.prefab
  artifactKey: Guid(ab9c2648502be1444babf34498d19382) Importer(2089858483,192608db42251d675da83286b1cce702)
Start importing Assets/Palettes/DungeonHoles.prefab using Guid(ab9c2648502be1444babf34498d19382) Importer(2089858483,192608db42251d675da83286b1cce702) (ScriptedImporter) -> (artifact id: 'b4ce0df660e56084ba3a28d0934f2dac') in 0.0554514 seconds
Number of updated asset objects reloaded before import = 0Number of asset objects unloaded after import = 10

========================================================================
Received Import Request.
  Time since last request: 0.000067 seconds.
  path: Assets/Sprites/NPC01.png
  artifactKey: Guid(40df1dc065fc7b04b803874357e4c8c4) Importer(2089858483,192608db42251d675da83286b1cce702)
Start importing Assets/Sprites/NPC01.png using Guid(40df1dc065fc7b04b803874357e4c8c4) Importer(2089858483,192608db42251d675da83286b1cce702) (ScriptedImporter) -> (artifact id: '59abaef079c6f5fb1b8666fee69e7c45') in 0.2275208 seconds
Number of updated asset objects reloaded before import = 0Number of asset objects unloaded after import = 3

========================================================================
Received Import Request.
  Time since last request: 0.002438 seconds.
  path: Assets/Tilesets/Tilemap-Zelda-like_148.asset
  artifactKey: Guid(853a0ee6f2b861e45868bd7fdc5760a0) Importer(2089858483,192608db42251d675da83286b1cce702)
Start importing Assets/Tilesets/Tilemap-Zelda-like_148.asset using Guid(853a0ee6f2b861e45868bd7fdc5760a0) Importer(2089858483,192608db42251d675da83286b1cce702) (ScriptedImporter) -> (artifact id: '0690bdeb3513b32afba9d2c983281209') in 0.0338464 seconds
Number of updated asset objects reloaded before import = 0Number of asset objects unloaded after import = 2

========================================================================
Received Import Request.
  Time since last request: 0.000452 seconds.
  path: Assets/Tilesets/Tilemap-Zelda-like_150.asset
  artifactKey: Guid(7b4f1a8575743714fbaf56d335830879) Importer(2089858483,192608db42251d675da83286b1cce702)
Start importing Assets/Tilesets/Tilemap-Zelda-like_150.asset using Guid(7b4f1a8575743714fbaf56d335830879) Importer(2089858483,192608db42251d675da83286b1cce702) (ScriptedImporter) -> (artifact id: '5d4156bd3e92e075d796866ff512652f') in 0.0433153 seconds
Number of updated asset objects reloaded before import = 0Number of asset objects unloaded after import = 2

========================================================================
Received Import Request.
  Time since last request: 0.000047 seconds.
  path: Assets/Tilesets/Tilemap-Zelda-like_152.asset
  artifactKey: Guid(74ac83abfc2fb3c4ab2c8beba7a8b392) Importer(2089858483,192608db42251d675da83286b1cce702)
Start importing Assets/Tilesets/Tilemap-Zelda-like_152.asset using Guid(74ac83abfc2fb3c4ab2c8beba7a8b392) Importer(2089858483,192608db42251d675da83286b1cce702) (ScriptedImporter) -> (artifact id: '23c368e72718ea4389706a462a847970') in 0.0437165 seconds
Number of updated asset objects reloaded before import = 0Number of asset objects unloaded after import = 2

========================================================================
Received Import Request.
  Time since last request: 0.000033 seconds.
  path: Assets/Tilesets/Tilemap-Zelda-like_149.asset
  artifactKey: Guid(33e1c67ad7f01ee45906ff824b0161a6) Importer(2089858483,192608db42251d675da83286b1cce702)
Start importing Assets/Tilesets/Tilemap-Zelda-like_149.asset using Guid(33e1c67ad7f01ee45906ff824b0161a6) Importer(2089858483,192608db42251d675da83286b1cce702) (ScriptedImporter) -> (artifact id: 'ba4972daa74441d6510b273988db668e') in 0.0381277 seconds
Number of updated asset objects reloaded before import = 0Number of asset objects unloaded after import = 2

========================================================================
Received Import Request.
  Time since last request: 0.000399 seconds.
  path: Assets/Tilesets/Tilemap-Zelda-like_118.asset
  artifactKey: Guid(2eee84d6d76e4434b81db4325ac2b403) Importer(2089858483,192608db42251d675da83286b1cce702)
Start importing Assets/Tilesets/Tilemap-Zelda-like_118.asset using Guid(2eee84d6d76e4434b81db4325ac2b403) Importer(2089858483,192608db42251d675da83286b1cce702) (ScriptedImporter) -> (artifact id: '371d8b0da97bed2536978c4fa62763b6') in 0.0444485 seconds
Number of updated asset objects reloaded before import = 0Number of asset objects unloaded after import = 2

========================================================================
Received Import Request.
  Time since last request: 0.000756 seconds.
  path: Assets/Tilesets/Tilemap-Zelda-like_119.asset
  artifactKey: Guid(949936f4a717f864c95e10a7f913664e) Importer(2089858483,192608db42251d675da83286b1cce702)
Start importing Assets/Tilesets/Tilemap-Zelda-like_119.asset using Guid(949936f4a717f864c95e10a7f913664e) Importer(2089858483,192608db42251d675da83286b1cce702) (ScriptedImporter) -> (artifact id: '474113730120b68dab90f8a912fd3fd8') in 0.0481874 seconds
Number of updated asset objects reloaded before import = 0Number of asset objects unloaded after import = 2

========================================================================
Received Import Request.
  Time since last request: 0.000048 seconds.
  path: Assets/Tilesets/cc.prefab
  artifactKey: Guid(9ec42e8f46e197641bac43e6c4535d0f) Importer(2089858483,192608db42251d675da83286b1cce702)
Start importing Assets/Tilesets/cc.prefab using Guid(9ec42e8f46e197641bac43e6c4535d0f) Importer(2089858483,192608db42251d675da83286b1cce702) (ScriptedImporter) -> (artifact id: 'bc50689249358d79a85804996dbcf5f3') in 0.1663316 seconds
Number of updated asset objects reloaded before import = 0Number of asset objects unloaded after import = 10

========================================================================
Received Import Request.
  Time since last request: 0.000036 seconds.
  path: Assets/Tilesets/Tilemap-Zelda-like_157.asset
  artifactKey: Guid(6aaad353f8fb5a542adeb68283feb544) Importer(2089858483,192608db42251d675da83286b1cce702)
Start importing Assets/Tilesets/Tilemap-Zelda-like_157.asset using Guid(6aaad353f8fb5a542adeb68283feb544) Importer(2089858483,192608db42251d675da83286b1cce702) (ScriptedImporter) -> (artifact id: '69cdc9b2acbdca7c90db20ac07670c28') in 0.033241 seconds
Number of updated asset objects reloaded before import = 0Number of asset objects unloaded after import = 2

========================================================================
Received Import Request.
  Time since last request: 0.000843 seconds.
  path: Assets/Tilesets/Tilemap-Zelda-like_30.asset
  artifactKey: Guid(eefe8bdefc4ad4340a3456c5884b3428) Importer(2089858483,192608db42251d675da83286b1cce702)
Start importing Assets/Tilesets/Tilemap-Zelda-like_30.asset using Guid(eefe8bdefc4ad4340a3456c5884b3428) Importer(2089858483,192608db42251d675da83286b1cce702) (ScriptedImporter) -> (artifact id: '9ba1c0ec7407142a31da75315f5a4f63') in 0.0379192 seconds
Number of updated asset objects reloaded before import = 0Number of asset objects unloaded after import = 2

========================================================================
Received Import Request.
  Time since last request: 0.000040 seconds.
  path: Assets/Tilesets/Tilemap-Zelda-like_178.asset
  artifactKey: Guid(debbcda7f4444ec42a6986b17cac5cc2) Importer(2089858483,192608db42251d675da83286b1cce702)
Start importing Assets/Tilesets/Tilemap-Zelda-like_178.asset using Guid(debbcda7f4444ec42a6986b17cac5cc2) Importer(2089858483,192608db42251d675da83286b1cce702) (ScriptedImporter) -> (artifact id: '169879ade93e899b8e52cf4427de130f') in 0.0306636 seconds
Number of updated asset objects reloaded before import = 0Number of asset objects unloaded after import = 2

========================================================================
Received Import Request.
  Time since last request: 0.000034 seconds.
  path: Assets/Tilesets/Tilemap-Zelda-like_175.asset
  artifactKey: Guid(388b50fc082536e4ea85205af5e5aa45) Importer(2089858483,192608db42251d675da83286b1cce702)
Start importing Assets/Tilesets/Tilemap-Zelda-like_175.asset using Guid(388b50fc082536e4ea85205af5e5aa45) Importer(2089858483,192608db42251d675da83286b1cce702) (ScriptedImporter) -> (artifact id: '853c1e0dc331bfb09ce829197c60eec8') in 0.0333598 seconds
Number of updated asset objects reloaded before import = 0Number of asset objects unloaded after import = 2

========================================================================
Received Import Request.
  Time since last request: 0.000829 seconds.
  path: Assets/Tilesets/Tilemap-Zelda-like_174.asset
  artifactKey: Guid(aacc9e9b08767c84bbf1aa48a77ffc32) Importer(2089858483,192608db42251d675da83286b1cce702)
Start importing Assets/Tilesets/Tilemap-Zelda-like_174.asset using Guid(aacc9e9b08767c84bbf1aa48a77ffc32) Importer(2089858483,192608db42251d675da83286b1cce702) (ScriptedImporter) -> (artifact id: 'a74aa23badb7ec992c52e95d9c9c443b') in 0.0361519 seconds
Number of updated asset objects reloaded before import = 0Number of asset objects unloaded after import = 2

========================================================================
Received Import Request.
  Time since last request: 0.000690 seconds.
  path: Assets/Tilesets/Tilemap-Zelda-like_177.asset
  artifactKey: Guid(3db5985b701805d41b957b4b43b3aaa6) Importer(2089858483,192608db42251d675da83286b1cce702)
Start importing Assets/Tilesets/Tilemap-Zelda-like_177.asset using Guid(3db5985b701805d41b957b4b43b3aaa6) Importer(2089858483,192608db42251d675da83286b1cce702) (ScriptedImporter) -> (artifact id: 'c8551ffb3b6d7b36a0a0649547164bc7') in 0.0342944 seconds
Number of updated asset objects reloaded before import = 0Number of asset objects unloaded after import = 2

========================================================================
Received Import Request.
  Time since last request: 0.000036 seconds.
  path: Assets/Tilesets/Tilemap-Zelda-like_33.asset
  artifactKey: Guid(f2df1580b4dd3054ba1a5a9eaf88bfdd) Importer(2089858483,192608db42251d675da83286b1cce702)
Start importing Assets/Tilesets/Tilemap-Zelda-like_33.asset using Guid(f2df1580b4dd3054ba1a5a9eaf88bfdd) Importer(2089858483,192608db42251d675da83286b1cce702) (ScriptedImporter) -> (artifact id: '9a7cdbe5c5dd5d259a243e747c04faaa') in 0.0373389 seconds
Number of updated asset objects reloaded before import = 0Number of asset objects unloaded after import = 2

========================================================================
Received Import Request.
  Time since last request: 0.000496 seconds.
  path: Assets/Sprites/Fire.png
  artifactKey: Guid(1ce6022218b64f04fb56ea670d990af3) Importer(2089858483,192608db42251d675da83286b1cce702)
Start importing Assets/Sprites/Fire.png using Guid(1ce6022218b64f04fb56ea670d990af3) Importer(2089858483,192608db42251d675da83286b1cce702) (ScriptedImporter) -> (artifact id: '7a8f3c711ea6f8533bee94eed35ea799') in 0.0407596 seconds
Number of updated asset objects reloaded before import = 0Number of asset objects unloaded after import = 3

========================================================================
Received Import Request.
  Time since last request: 0.000032 seconds.
  path: Assets/Tilesets/Tilemap-Zelda-like_111.asset
  artifactKey: Guid(eec271ebbb3a404439be5a0cfb6594bc) Importer(2089858483,192608db42251d675da83286b1cce702)
Start importing Assets/Tilesets/Tilemap-Zelda-like_111.asset using Guid(eec271ebbb3a404439be5a0cfb6594bc) Importer(2089858483,192608db42251d675da83286b1cce702) (ScriptedImporter) -> (artifact id: 'ffef8388176fefed70bf98bce84d9bd5') in 0.029176 seconds
Number of updated asset objects reloaded before import = 0Number of asset objects unloaded after import = 2

========================================================================
Received Import Request.
  Time since last request: 0.000046 seconds.
  path: Assets/Tilesets/Tilemap-Zelda-like_171.asset
  artifactKey: Guid(a4ddc4de8a9eaa044bc9bcc8d01e1f6d) Importer(2089858483,192608db42251d675da83286b1cce702)
Start importing Assets/Tilesets/Tilemap-Zelda-like_171.asset using Guid(a4ddc4de8a9eaa044bc9bcc8d01e1f6d) Importer(2089858483,192608db42251d675da83286b1cce702) (ScriptedImporter) -> (artifact id: '7dcca71d43c4a93783f3cf00474043b3') in 0.0350737 seconds
Number of updated asset objects reloaded before import = 0Number of asset objects unloaded after import = 2

========================================================================
Received Import Request.
  Time since last request: 0.000027 seconds.
  path: Assets/Tilesets/Tilemap-Zelda-like_109.asset
  artifactKey: Guid(651990b774b82b94db76b7c49e9803d5) Importer(2089858483,192608db42251d675da83286b1cce702)
Start importing Assets/Tilesets/Tilemap-Zelda-like_109.asset using Guid(651990b774b82b94db76b7c49e9803d5) Importer(2089858483,192608db42251d675da83286b1cce702) (ScriptedImporter) -> (artifact id: '2d07502120ce2bb828b62c49d986b52a') in 0.0389286 seconds
Number of updated asset objects reloaded before import = 0Number of asset objects unloaded after import = 2

========================================================================
Received Import Request.
  Time since last request: 0.002705 seconds.
  path: Assets/Sprites/BlankSprite.png
  artifactKey: Guid(1640c87f92573c44582846fb20fa2ccf) Importer(2089858483,192608db42251d675da83286b1cce702)
Start importing Assets/Sprites/BlankSprite.png using Guid(1640c87f92573c44582846fb20fa2ccf) Importer(2089858483,192608db42251d675da83286b1cce702) (ScriptedImporter) -> (artifact id: '137098e4a5c13c2c01e4cd2490417c93') in 0.0742258 seconds
Number of updated asset objects reloaded before import = 0Number of asset objects unloaded after import = 3

========================================================================
Received Import Request.
  Time since last request: 0.000097 seconds.
  path: Assets/Tilesets/Tilemap-Zelda-like_169.asset
  artifactKey: Guid(87daaf8f05880124185ca198c020bc97) Importer(2089858483,192608db42251d675da83286b1cce702)
Start importing Assets/Tilesets/Tilemap-Zelda-like_169.asset using Guid(87daaf8f05880124185ca198c020bc97) Importer(2089858483,192608db42251d675da83286b1cce702) (ScriptedImporter) -> (artifact id: 'b7345b0c4fdcb211bea56af64e659140') in 0.0470756 seconds
Number of updated asset objects reloaded before import = 0Number of asset objects unloaded after import = 2

========================================================================
Received Import Request.
  Time since last request: 0.000027 seconds.
  path: Assets/Tilesets/Tilemap-Zelda-like_41.asset
  artifactKey: Guid(bae592b61e9e69241b784a862da5b822) Importer(2089858483,192608db42251d675da83286b1cce702)
Start importing Assets/Tilesets/Tilemap-Zelda-like_41.asset using Guid(bae592b61e9e69241b784a862da5b822) Importer(2089858483,192608db42251d675da83286b1cce702) (ScriptedImporter) -> (artifact id: 'c57f47a8e3f36c1bcfb725f2a828c576') in 0.0485001 seconds
Number of updated asset objects reloaded before import = 0Number of asset objects unloaded after import = 2

========================================================================
Received Import Request.
  Time since last request: 0.000218 seconds.
  path: Assets/Tilesets/Tilemap-Zelda-like_56.asset
  artifactKey: Guid(bee818020bc961e4c88e5a1f1646f824) Importer(2089858483,192608db42251d675da83286b1cce702)
Start importing Assets/Tilesets/Tilemap-Zelda-like_56.asset using Guid(bee818020bc961e4c88e5a1f1646f824) Importer(2089858483,192608db42251d675da83286b1cce702) (ScriptedImporter) -> (artifact id: 'a3f7b3b16e659dfbb21d3382d06ff8a1') in 0.0410503 seconds
Number of updated asset objects reloaded before import = 0Number of asset objects unloaded after import = 2

========================================================================
Received Import Request.
  Time since last request: 0.000048 seconds.
  path: Assets/Tilesets/Tilemap-Zelda-like_69.asset
  artifactKey: Guid(781a774d0621ac342a98475f23758f84) Importer(2089858483,192608db42251d675da83286b1cce702)
Start importing Assets/Tilesets/Tilemap-Zelda-like_69.asset using Guid(781a774d0621ac342a98475f23758f84) Importer(2089858483,192608db42251d675da83286b1cce702) (ScriptedImporter) -> (artifact id: '39023379569ac0576fbf3fa4a669b062') in 0.0451032 seconds
Number of updated asset objects reloaded before import = 0Number of asset objects unloaded after import = 2

========================================================================
Received Import Request.
  Time since last request: 0.000033 seconds.
  path: Assets/Tilesets/Tilemap-Zelda-like_55.asset
  artifactKey: Guid(4024f461e879c6c48b7235a112e75cd8) Importer(2089858483,192608db42251d675da83286b1cce702)
Start importing Assets/Tilesets/Tilemap-Zelda-like_55.asset using Guid(4024f461e879c6c48b7235a112e75cd8) Importer(2089858483,192608db42251d675da83286b1cce702) (ScriptedImporter) -> (artifact id: '1f7c3ab807e4128e04d63e36e7568419') in 0.0389365 seconds
Number of updated asset objects reloaded before import = 0Number of asset objects unloaded after import = 2

========================================================================
Received Import Request.
  Time since last request: 0.000095 seconds.
  path: Assets/Tilesets/Tilemap-Zelda-like_66.asset
  artifactKey: Guid(4e0a00e87dc1ca64aaa1dbf62754fa29) Importer(2089858483,192608db42251d675da83286b1cce702)
Start importing Assets/Tilesets/Tilemap-Zelda-like_66.asset using Guid(4e0a00e87dc1ca64aaa1dbf62754fa29) Importer(2089858483,192608db42251d675da83286b1cce702) (ScriptedImporter) -> (artifact id: '450d4d9426d22571d57d737d4740f065') in 0.0350441 seconds
Number of updated asset objects reloaded before import = 0Number of asset objects unloaded after import = 2

========================================================================
Received Import Request.
  Time since last request: 0.000050 seconds.
  path: Assets/Tilesets/Tilemap-Zelda-like_59.asset
  artifactKey: Guid(cc305111025adb543adbe4da6a81c02a) Importer(2089858483,192608db42251d675da83286b1cce702)
Start importing Assets/Tilesets/Tilemap-Zelda-like_59.asset using Guid(cc305111025adb543adbe4da6a81c02a) Importer(2089858483,192608db42251d675da83286b1cce702) (ScriptedImporter) -> (artifact id: '58edeb6388944e938598a18c6e9e2e7a') in 0.0360715 seconds
Number of updated asset objects reloaded before import = 0Number of asset objects unloaded after import = 2

========================================================================
Received Import Request.
  Time since last request: 0.000037 seconds.
  path: Assets/Tilesets/Tilemap-Zelda-like_179.asset
  artifactKey: Guid(51ff5504ffd2ea54d8b85ace223d7492) Importer(2089858483,192608db42251d675da83286b1cce702)
Start importing Assets/Tilesets/Tilemap-Zelda-like_179.asset using Guid(51ff5504ffd2ea54d8b85ace223d7492) Importer(2089858483,192608db42251d675da83286b1cce702) (ScriptedImporter) -> (artifact id: 'ce894bd43d36ff13cb9353d45deff279') in 0.0346515 seconds
Number of updated asset objects reloaded before import = 0Number of asset objects unloaded after import = 2

========================================================================
Received Import Request.
  Time since last request: 0.000036 seconds.
  path: Assets/Tilesets/Tilemap-Zelda-like_155.asset
  artifactKey: Guid(7217b4aa5ae42e94396dcb5847752e98) Importer(2089858483,192608db42251d675da83286b1cce702)
Start importing Assets/Tilesets/Tilemap-Zelda-like_155.asset using Guid(7217b4aa5ae42e94396dcb5847752e98) Importer(2089858483,192608db42251d675da83286b1cce702) (ScriptedImporter) -> (artifact id: '07b6b7ca320da77c51ce64221c88a91b') in 0.0395722 seconds
Number of updated asset objects reloaded before import = 0Number of asset objects unloaded after import = 2

========================================================================
Received Import Request.
  Time since last request: 0.000046 seconds.
  path: Assets/Palettes/DungeonGround.prefab
  artifactKey: Guid(7f4da02c99492204792524342c604eb4) Importer(2089858483,192608db42251d675da83286b1cce702)
Start importing Assets/Palettes/DungeonGround.prefab using Guid(7f4da02c99492204792524342c604eb4) Importer(2089858483,192608db42251d675da83286b1cce702) (ScriptedImporter) -> (artifact id: 'cbe52355b96f123ce0adf9b774ed623d') in 0.0668501 seconds
Number of updated asset objects reloaded before import = 0Number of asset objects unloaded after import = 10

========================================================================
Received Import Request.
  Time since last request: 0.000424 seconds.
  path: Assets/Tilesets/Tilemap-Zelda-like_60.asset
  artifactKey: Guid(b3c936d868e5bba479a6c68470458689) Importer(2089858483,192608db42251d675da83286b1cce702)
Start importing Assets/Tilesets/Tilemap-Zelda-like_60.asset using Guid(b3c936d868e5bba479a6c68470458689) Importer(2089858483,192608db42251d675da83286b1cce702) (ScriptedImporter) -> (artifact id: '701871749fdaef4c27e602ffe32a90b0') in 0.03316 seconds
Number of updated asset objects reloaded before import = 0Number of asset objects unloaded after import = 2

========================================================================
Received Import Request.
  Time since last request: 0.000034 seconds.
  path: Assets/Tilesets/Tilemap-Zelda-like_53.asset
  artifactKey: Guid(82252df76d655874cb96eb8f5f68e256) Importer(2089858483,192608db42251d675da83286b1cce702)
Start importing Assets/Tilesets/Tilemap-Zelda-like_53.asset using Guid(82252df76d655874cb96eb8f5f68e256) Importer(2089858483,192608db42251d675da83286b1cce702) (ScriptedImporter) -> (artifact id: '263aedf4c465eca4119c3270a628072f') in 0.0380059 seconds
Number of updated asset objects reloaded before import = 0Number of asset objects unloaded after import = 2

========================================================================
Received Import Request.
  Time since last request: 0.000035 seconds.
  path: Assets/Tilesets/Tilemap-Zelda-like.png
  artifactKey: Guid(b97e84f632aaf704494b47999e08b392) Importer(2089858483,192608db42251d675da83286b1cce702)
Start importing Assets/Tilesets/Tilemap-Zelda-like.png using Guid(b97e84f632aaf704494b47999e08b392) Importer(2089858483,192608db42251d675da83286b1cce702) (ScriptedImporter) -> (artifact id: 'b05014d63ff4c78057efd4836e2c27f1') in 0.9196965 seconds
Number of updated asset objects reloaded before import = 0Number of asset objects unloaded after import = 186

========================================================================
Received Import Request.
  Time since last request: 0.000039 seconds.
  path: Assets/Tiles/Dungeon/Wall_0.asset
  artifactKey: Guid(e6fed0db338dc634e93dbfc6838e8876) Importer(2089858483,192608db42251d675da83286b1cce702)
Start importing Assets/Tiles/Dungeon/Wall_0.asset using Guid(e6fed0db338dc634e93dbfc6838e8876) Importer(2089858483,192608db42251d675da83286b1cce702) (ScriptedImporter) -> (artifact id: '0c7475e25d0d70261c5bcf2b79afc699') in 0.0429231 seconds
Number of updated asset objects reloaded before import = 0Number of asset objects unloaded after import = 2

========================================================================
Received Import Request.
  Time since last request: 0.000302 seconds.
  path: Assets/Tiles/Dungeon/Holes_11.asset
  artifactKey: Guid(55f8680c6d9a05b49b697a3d6d58fd0d) Importer(2089858483,192608db42251d675da83286b1cce702)
Start importing Assets/Tiles/Dungeon/Holes_11.asset using Guid(55f8680c6d9a05b49b697a3d6d58fd0d) Importer(2089858483,192608db42251d675da83286b1cce702) (ScriptedImporter) -> (artifact id: 'bb6a6ac539c942dcbdcc45a1a870cae9') in 0.0358239 seconds
Number of updated asset objects reloaded before import = 0Number of asset objects unloaded after import = 2

========================================================================
Received Import Request.
  Time since last request: 0.000062 seconds.
  path: Assets/Tiles/Dungeon/Holes_4.asset
  artifactKey: Guid(0b8dfe5a04a544d4d811bfd83092a481) Importer(2089858483,192608db42251d675da83286b1cce702)
Start importing Assets/Tiles/Dungeon/Holes_4.asset using Guid(0b8dfe5a04a544d4d811bfd83092a481) Importer(2089858483,192608db42251d675da83286b1cce702) (ScriptedImporter) -> (artifact id: '9498e6807a9f839f314d35808af5fe3e') in 0.0363731 seconds
Number of updated asset objects reloaded before import = 0Number of asset objects unloaded after import = 2

========================================================================
Received Import Request.
  Time since last request: 0.000217 seconds.
  path: Assets/Tilesets/Tilemap-Zelda-like_43.asset
  artifactKey: Guid(7467a60ee45451c4292a6a894a00de9e) Importer(2089858483,192608db42251d675da83286b1cce702)
Start importing Assets/Tilesets/Tilemap-Zelda-like_43.asset using Guid(7467a60ee45451c4292a6a894a00de9e) Importer(2089858483,192608db42251d675da83286b1cce702) (ScriptedImporter) -> (artifact id: 'd627d900d24dce7ff11a9456938b0dbc') in 0.0347245 seconds
Number of updated asset objects reloaded before import = 0Number of asset objects unloaded after import = 2

========================================================================
Received Import Request.
  Time since last request: 0.000040 seconds.
  path: Assets/Tilesets/Tilemap-Zelda-like_166.asset
  artifactKey: Guid(9838c40d878b5ce44a2aab404bc2dc47) Importer(2089858483,192608db42251d675da83286b1cce702)
Start importing Assets/Tilesets/Tilemap-Zelda-like_166.asset using Guid(9838c40d878b5ce44a2aab404bc2dc47) Importer(2089858483,192608db42251d675da83286b1cce702) (ScriptedImporter) -> (artifact id: 'd3413b604e55709cc941852e9d284776') in 0.0384496 seconds
Number of updated asset objects reloaded before import = 0Number of asset objects unloaded after import = 2

========================================================================
Received Import Request.
  Time since last request: 0.000030 seconds.
  path: Assets/Tiles/Dungeon/Water_6.asset
  artifactKey: Guid(a5703a7d837995241aa149590d44946b) Importer(2089858483,192608db42251d675da83286b1cce702)
Start importing Assets/Tiles/Dungeon/Water_6.asset using Guid(a5703a7d837995241aa149590d44946b) Importer(2089858483,192608db42251d675da83286b1cce702) (ScriptedImporter) -> (artifact id: '92d5c5d95bfaa03c6e61bd38e31820f4') in 0.04234 seconds
Number of updated asset objects reloaded before import = 0Number of asset objects unloaded after import = 2

========================================================================
Received Import Request.
  Time since last request: 0.000032 seconds.
  path: Assets/Tiles/Outside/Bush_7.asset
  artifactKey: Guid(c199a531221378a4ba1cde5d0cb1b726) Importer(2089858483,192608db42251d675da83286b1cce702)
Start importing Assets/Tiles/Outside/Bush_7.asset using Guid(c199a531221378a4ba1cde5d0cb1b726) Importer(2089858483,192608db42251d675da83286b1cce702) (ScriptedImporter) -> (artifact id: '624090ae8a73a45f3284642377ccc870') in 0.0282404 seconds
Number of updated asset objects reloaded before import = 0Number of asset objects unloaded after import = 2

========================================================================
Received Import Request.
  Time since last request: 0.000033 seconds.
  path: Assets/Tilesets/Tilemap-Zelda-like_20.asset
  artifactKey: Guid(32fb87366c373014cb0cb47bb915a0ba) Importer(2089858483,192608db42251d675da83286b1cce702)
Start importing Assets/Tilesets/Tilemap-Zelda-like_20.asset using Guid(32fb87366c373014cb0cb47bb915a0ba) Importer(2089858483,192608db42251d675da83286b1cce702) (ScriptedImporter) -> (artifact id: '2ce8646be380b44dba26e984a61bbef5') in 0.0397834 seconds
Number of updated asset objects reloaded before import = 0Number of asset objects unloaded after import = 2

========================================================================
Received Import Request.
  Time since last request: 0.000046 seconds.
  path: Assets/Tilesets/Tilemap-Zelda-like_7.asset
  artifactKey: Guid(a374301657f32134fa1bcfe7826e086a) Importer(2089858483,192608db42251d675da83286b1cce702)
Start importing Assets/Tilesets/Tilemap-Zelda-like_7.asset using Guid(a374301657f32134fa1bcfe7826e086a) Importer(2089858483,192608db42251d675da83286b1cce702) (ScriptedImporter) -> (artifact id: '4c541ecd2a1cc482eac6925890cde727') in 0.0338385 seconds
Number of updated asset objects reloaded before import = 0Number of asset objects unloaded after import = 2

========================================================================
Received Import Request.
  Time since last request: 0.001072 seconds.
  path: Assets/Tilesets/Tilemap-Zelda-like_156.asset
  artifactKey: Guid(7463f9c679640f44ab0469d5072a6b07) Importer(2089858483,192608db42251d675da83286b1cce702)
Start importing Assets/Tilesets/Tilemap-Zelda-like_156.asset using Guid(7463f9c679640f44ab0469d5072a6b07) Importer(2089858483,192608db42251d675da83286b1cce702) (ScriptedImporter) -> (artifact id: '846057efd5246c8796e76a6e8204a7ae') in 0.0319156 seconds
Number of updated asset objects reloaded before import = 0Number of asset objects unloaded after import = 2

========================================================================
Received Import Request.
  Time since last request: 0.000036 seconds.
  path: Assets/Tilesets/Tilemap-Zelda-like_31.asset
  artifactKey: Guid(1a29962689dc5014c808b1a897c2cea8) Importer(2089858483,192608db42251d675da83286b1cce702)
Start importing Assets/Tilesets/Tilemap-Zelda-like_31.asset using Guid(1a29962689dc5014c808b1a897c2cea8) Importer(2089858483,192608db42251d675da83286b1cce702) (ScriptedImporter) -> (artifact id: '07429715a0738d53a159f9f6c4b7ee5e') in 0.0366217 seconds
Number of updated asset objects reloaded before import = 0Number of asset objects unloaded after import = 2

========================================================================
Received Import Request.
  Time since last request: 0.000042 seconds.
  path: Assets/Tilesets/Tilemap-Zelda-like_94.asset
  artifactKey: Guid(73debee33e5d11d40be7d6faea335ae9) Importer(2089858483,192608db42251d675da83286b1cce702)
Start importing Assets/Tilesets/Tilemap-Zelda-like_94.asset using Guid(73debee33e5d11d40be7d6faea335ae9) Importer(2089858483,192608db42251d675da83286b1cce702) (ScriptedImporter) -> (artifact id: '5cb249be178af3e0f09c076b81e8275e') in 0.0333775 seconds
Number of updated asset objects reloaded before import = 0Number of asset objects unloaded after import = 2

========================================================================
Received Import Request.
  Time since last request: 0.000063 seconds.
  path: Assets/Sprites/UI/MinimumDamage-Sheet.png
  artifactKey: Guid(53c97180f062c684fa2aafee76d5dd52) Importer(2089858483,192608db42251d675da83286b1cce702)
Start importing Assets/Sprites/UI/MinimumDamage-Sheet.png using Guid(53c97180f062c684fa2aafee76d5dd52) Importer(2089858483,192608db42251d675da83286b1cce702) (ScriptedImporter) -> (artifact id: '86fb0c0b52b68b38a10d9fb2149fa6c8') in 0.1987938 seconds
Number of updated asset objects reloaded before import = 0Number of asset objects unloaded after import = 52

========================================================================
Received Import Request.
  Time since last request: 0.000034 seconds.
  path: Assets/Tiles/Dungeon/Water_2.asset
  artifactKey: Guid(bc3f31c051f9b76409158bce5afadca2) Importer(2089858483,192608db42251d675da83286b1cce702)
Start importing Assets/Tiles/Dungeon/Water_2.asset using Guid(bc3f31c051f9b76409158bce5afadca2) Importer(2089858483,192608db42251d675da83286b1cce702) (ScriptedImporter) -> (artifact id: 'd585bed8713d02a676d8197771754808') in 0.0423349 seconds
Number of updated asset objects reloaded before import = 0Number of asset objects unloaded after import = 2

========================================================================
Received Import Request.
  Time since last request: 0.000041 seconds.
  path: Assets/Tiles/Dungeon/Water_5.asset
  artifactKey: Guid(a28cdac3244ee13409b8d607bf2c5ef8) Importer(2089858483,192608db42251d675da83286b1cce702)
Start importing Assets/Tiles/Dungeon/Water_5.asset using Guid(a28cdac3244ee13409b8d607bf2c5ef8) Importer(2089858483,192608db42251d675da83286b1cce702) (ScriptedImporter) -> (artifact id: '12b46d53cc094230c6735117a394d3d2') in 0.0389225 seconds
Number of updated asset objects reloaded before import = 0Number of asset objects unloaded after import = 2

========================================================================
Received Import Request.
  Time since last request: 0.000043 seconds.
  path: Assets/Tiles/Outside/Bush_11.asset
  artifactKey: Guid(54972e75621cdf94f98ff0b55ea9b755) Importer(2089858483,192608db42251d675da83286b1cce702)
Start importing Assets/Tiles/Outside/Bush_11.asset using Guid(54972e75621cdf94f98ff0b55ea9b755) Importer(2089858483,192608db42251d675da83286b1cce702) (ScriptedImporter) -> (artifact id: '424c0dd18ffb63c6f270be3ec9bec625') in 0.0506404 seconds
Number of updated asset objects reloaded before import = 0Number of asset objects unloaded after import = 2

========================================================================
Received Import Request.
  Time since last request: 0.015144 seconds.
  path: Assets/Tiles/Outside/Grass_1.asset
  artifactKey: Guid(c23624954fb0e014fa218346410fb799) Importer(2089858483,192608db42251d675da83286b1cce702)
Start importing Assets/Tiles/Outside/Grass_1.asset using Guid(c23624954fb0e014fa218346410fb799) Importer(2089858483,192608db42251d675da83286b1cce702) (ScriptedImporter) -> (artifact id: '25eb3b05a16a2ac6f5c250372e43d495') in 0.0387732 seconds
Number of updated asset objects reloaded before import = 0Number of asset objects unloaded after import = 2

========================================================================
Received Import Request.
  Time since last request: 0.000103 seconds.
  path: Assets/Tiles/Outside/Cliff_8.asset
  artifactKey: Guid(0dc0424dcb8882e45b9a733efe9fd42b) Importer(2089858483,192608db42251d675da83286b1cce702)
Start importing Assets/Tiles/Outside/Cliff_8.asset using Guid(0dc0424dcb8882e45b9a733efe9fd42b) Importer(2089858483,192608db42251d675da83286b1cce702) (ScriptedImporter) -> (artifact id: '2960911ce44296eeec32414c96e01137') in 0.0336392 seconds
Number of updated asset objects reloaded before import = 0Number of asset objects unloaded after import = 2

========================================================================
Received Import Request.
  Time since last request: 0.000040 seconds.
  path: Assets/Tiles/Outside/Trees_0.asset
  artifactKey: Guid(7a7e251815804fd419329f34adb1b438) Importer(2089858483,192608db42251d675da83286b1cce702)
Start importing Assets/Tiles/Outside/Trees_0.asset using Guid(7a7e251815804fd419329f34adb1b438) Importer(2089858483,192608db42251d675da83286b1cce702) (ScriptedImporter) -> (artifact id: '2892e4c0db9b8b3de0ae357b025b9328') in 0.0266583 seconds
Number of updated asset objects reloaded before import = 0Number of asset objects unloaded after import = 2

========================================================================
Received Import Request.
  Time since last request: 0.000030 seconds.
  path: Assets/Tiles/Outside/Grass_20.asset
  artifactKey: Guid(ff641838b2df4224880ca109f00639f4) Importer(2089858483,192608db42251d675da83286b1cce702)
Start importing Assets/Tiles/Outside/Grass_20.asset using Guid(ff641838b2df4224880ca109f00639f4) Importer(2089858483,192608db42251d675da83286b1cce702) (ScriptedImporter) -> (artifact id: '8ff4ec03ffce4103f1e2dfba66a38f9c') in 0.0415924 seconds
Number of updated asset objects reloaded before import = 0Number of asset objects unloaded after import = 2

========================================================================
Received Import Request.
  Time since last request: 0.000055 seconds.
  path: Assets/Tiles/Outside/Cliff_12.asset
  artifactKey: Guid(3c3869825bd92b94cba213d6128232c8) Importer(2089858483,192608db42251d675da83286b1cce702)
Start importing Assets/Tiles/Outside/Cliff_12.asset using Guid(3c3869825bd92b94cba213d6128232c8) Importer(2089858483,192608db42251d675da83286b1cce702) (ScriptedImporter) -> (artifact id: 'b5254c837bc35abf46f204234eb86ba7') in 0.0513636 seconds
Number of updated asset objects reloaded before import = 0Number of asset objects unloaded after import = 2

========================================================================
Received Import Request.
  Time since last request: 0.000031 seconds.
  path: Assets/Tiles/Outside/Cliff_9.asset
  artifactKey: Guid(095cc59e324716f4594cce9520df1617) Importer(2089858483,192608db42251d675da83286b1cce702)
Start importing Assets/Tiles/Outside/Cliff_9.asset using Guid(095cc59e324716f4594cce9520df1617) Importer(2089858483,192608db42251d675da83286b1cce702) (ScriptedImporter) -> (artifact id: 'b6272b86f99cdaa736ae2e04bf745866') in 0.0425085 seconds
Number of updated asset objects reloaded before import = 0Number of asset objects unloaded after import = 2

========================================================================
Received Import Request.
  Time since last request: 0.000032 seconds.
  path: Assets/Tiles/Outside/Cliff_10.asset
  artifactKey: Guid(84722c14b21a9964db9873117b718282) Importer(2089858483,192608db42251d675da83286b1cce702)
Start importing Assets/Tiles/Outside/Cliff_10.asset using Guid(84722c14b21a9964db9873117b718282) Importer(2089858483,192608db42251d675da83286b1cce702) (ScriptedImporter) -> (artifact id: '7136139d916316978f83b1d93453ee52') in 0.0309692 seconds
Number of updated asset objects reloaded before import = 0Number of asset objects unloaded after import = 2

========================================================================
Received Import Request.
  Time since last request: 0.000123 seconds.
  path: Assets/Tiles/Outside/Cliff_19.asset
  artifactKey: Guid(782f37d47f3e3e6439feb61ada604b3d) Importer(2089858483,192608db42251d675da83286b1cce702)
Start importing Assets/Tiles/Outside/Cliff_19.asset using Guid(782f37d47f3e3e6439feb61ada604b3d) Importer(2089858483,192608db42251d675da83286b1cce702) (ScriptedImporter) -> (artifact id: 'fdfb1f8595aea0b0978cb5fd47fe2d8b') in 0.0377014 seconds
Number of updated asset objects reloaded before import = 0Number of asset objects unloaded after import = 2

========================================================================
Received Import Request.
  Time since last request: 0.000104 seconds.
  path: Assets/Tiles/Outside/Grass_9.asset
  artifactKey: Guid(c975da5343235984d834e4f679dd9d06) Importer(2089858483,192608db42251d675da83286b1cce702)
Start importing Assets/Tiles/Outside/Grass_9.asset using Guid(c975da5343235984d834e4f679dd9d06) Importer(2089858483,192608db42251d675da83286b1cce702) (ScriptedImporter) -> (artifact id: '60f32a528474cdac1822e71d7396f59d') in 0.0449065 seconds
Number of updated asset objects reloaded before import = 0Number of asset objects unloaded after import = 2

========================================================================
Received Import Request.
  Time since last request: 0.000042 seconds.
  path: Assets/Tiles/Dungeon/Water_3.asset
  artifactKey: Guid(5bc72f1c50287e447b9cca165b293f5b) Importer(2089858483,192608db42251d675da83286b1cce702)
Start importing Assets/Tiles/Dungeon/Water_3.asset using Guid(5bc72f1c50287e447b9cca165b293f5b) Importer(2089858483,192608db42251d675da83286b1cce702) (ScriptedImporter) -> (artifact id: 'eedeb7432493ba9c92184b20266597ae') in 0.0437404 seconds
Number of updated asset objects reloaded before import = 0Number of asset objects unloaded after import = 2

========================================================================
Received Import Request.
  Time since last request: 0.000312 seconds.
  path: Assets/Tiles/Outside/Grass_12.asset
  artifactKey: Guid(f3a57520760fc154092fbfab56d18e48) Importer(2089858483,192608db42251d675da83286b1cce702)
Start importing Assets/Tiles/Outside/Grass_12.asset using Guid(f3a57520760fc154092fbfab56d18e48) Importer(2089858483,192608db42251d675da83286b1cce702) (ScriptedImporter) -> (artifact id: 'b0be7714e6a63f9fad3cf9b728799c06') in 0.0326172 seconds
Number of updated asset objects reloaded before import = 0Number of asset objects unloaded after import = 2

========================================================================
Received Import Request.
  Time since last request: 0.000391 seconds.
  path: Assets/Tiles/Dungeon/Wall_5.asset
  artifactKey: Guid(f0032f992b7de2a43a04a8fdf0761b9d) Importer(2089858483,192608db42251d675da83286b1cce702)
Start importing Assets/Tiles/Dungeon/Wall_5.asset using Guid(f0032f992b7de2a43a04a8fdf0761b9d) Importer(2089858483,192608db42251d675da83286b1cce702) (ScriptedImporter) -> (artifact id: '008a8f9bda7ae2a293888298ea73fa13') in 0.0389839 seconds
Number of updated asset objects reloaded before import = 0Number of asset objects unloaded after import = 2

========================================================================
Received Import Request.
  Time since last request: 0.000032 seconds.
  path: Assets/Tiles/Outside/Grass_17.asset
  artifactKey: Guid(c4b7334196080264e85718ad01346973) Importer(2089858483,192608db42251d675da83286b1cce702)
Start importing Assets/Tiles/Outside/Grass_17.asset using Guid(c4b7334196080264e85718ad01346973) Importer(2089858483,192608db42251d675da83286b1cce702) (ScriptedImporter) -> (artifact id: '3cfa031f593999138f39e4f238de40fa') in 0.0369587 seconds
Number of updated asset objects reloaded before import = 0Number of asset objects unloaded after import = 2

========================================================================
Received Import Request.
  Time since last request: 0.000029 seconds.
  path: Assets/Tiles/Outside/Water_10.asset
  artifactKey: Guid(aa8331425e43aa64f8f24c18a9a1cd9a) Importer(2089858483,192608db42251d675da83286b1cce702)
Start importing Assets/Tiles/Outside/Water_10.asset using Guid(aa8331425e43aa64f8f24c18a9a1cd9a) Importer(2089858483,192608db42251d675da83286b1cce702) (ScriptedImporter) -> (artifact id: '565f55a18b28489b42d1a439f579fb0e') in 0.0436794 seconds
Number of updated asset objects reloaded before import = 0Number of asset objects unloaded after import = 2

========================================================================
Received Import Request.
  Time since last request: 0.000096 seconds.
  path: Assets/Tiles/Outside/Water_8.asset
  artifactKey: Guid(2c5729358ef272547bdeef8fdc6b88d1) Importer(2089858483,192608db42251d675da83286b1cce702)
Start importing Assets/Tiles/Outside/Water_8.asset using Guid(2c5729358ef272547bdeef8fdc6b88d1) Importer(2089858483,192608db42251d675da83286b1cce702) (ScriptedImporter) -> (artifact id: 'adf7edbc800f30a0cc117bbacee9d4a8') in 0.0385618 seconds
Number of updated asset objects reloaded before import = 0Number of asset objects unloaded after import = 2

========================================================================
Received Import Request.
  Time since last request: 0.000032 seconds.
  path: Assets/Tiles/Outside/Trees_7.asset
  artifactKey: Guid(07bd641ddf99f26408f359bce1a937c3) Importer(2089858483,192608db42251d675da83286b1cce702)
Start importing Assets/Tiles/Outside/Trees_7.asset using Guid(07bd641ddf99f26408f359bce1a937c3) Importer(2089858483,192608db42251d675da83286b1cce702) (ScriptedImporter) -> (artifact id: '967831f82326077330d8fd0388f7dcfa') in 0.0413041 seconds
Number of updated asset objects reloaded before import = 0Number of asset objects unloaded after import = 2

========================================================================
Received Import Request.
  Time since last request: 0.000043 seconds.
  path: Assets/Tiles/Outside/Water_2.asset
  artifactKey: Guid(4892ceefcf5bb6746bc3d20c623a8e35) Importer(2089858483,192608db42251d675da83286b1cce702)
Start importing Assets/Tiles/Outside/Water_2.asset using Guid(4892ceefcf5bb6746bc3d20c623a8e35) Importer(2089858483,192608db42251d675da83286b1cce702) (ScriptedImporter) -> (artifact id: 'c3dd53e8937a6b22de240e15844a043f') in 0.0393768 seconds
Number of updated asset objects reloaded before import = 0Number of asset objects unloaded after import = 2

========================================================================
Received Import Request.
  Time since last request: 0.000045 seconds.
  path: Assets/Tiles/Outside/Trees_9.asset
  artifactKey: Guid(064cb971ebe32d84f965400bd68b19c7) Importer(2089858483,192608db42251d675da83286b1cce702)
Start importing Assets/Tiles/Outside/Trees_9.asset using Guid(064cb971ebe32d84f965400bd68b19c7) Importer(2089858483,192608db42251d675da83286b1cce702) (ScriptedImporter) -> (artifact id: '41ac96106fb1ae57bdfc5e822e4aab36') in 0.022093 seconds
Number of updated asset objects reloaded before import = 0Number of asset objects unloaded after import = 2

========================================================================
Received Import Request.
  Time since last request: 0.000067 seconds.
  path: Assets/Sprites/Slime/slime_base/idle-Sheet.png
  artifactKey: Guid(1a04931ce1a9673438b98d3eb3d3112e) Importer(2089858483,192608db42251d675da83286b1cce702)
Start importing Assets/Sprites/Slime/slime_base/idle-Sheet.png using Guid(1a04931ce1a9673438b98d3eb3d3112e) Importer(2089858483,192608db42251d675da83286b1cce702) (ScriptedImporter) -> (artifact id: '283349dc3b69ba5726e3e0cc7e491e62') in 0.0607769 seconds
Number of updated asset objects reloaded before import = 0Number of asset objects unloaded after import = 9

========================================================================
Received Import Request.
  Time since last request: 0.000045 seconds.
  path: Assets/Tilesets/Dungeon/Water.png
  artifactKey: Guid(74a2939aed328f94c8d7fec5df5f00c0) Importer(2089858483,192608db42251d675da83286b1cce702)
Start importing Assets/Tilesets/Dungeon/Water.png using Guid(74a2939aed328f94c8d7fec5df5f00c0) Importer(2089858483,192608db42251d675da83286b1cce702) (ScriptedImporter) -> (artifact id: '2cb9fb883d0a61921fe4c97f2730cdb3') in 0.08228 seconds
Number of updated asset objects reloaded before import = 0Number of asset objects unloaded after import = 17

========================================================================
Received Import Request.
  Time since last request: 0.000031 seconds.
  path: Assets/Tilesets/Dungeon/Holes.png
  artifactKey: Guid(336d05239a3c9aa48b27de82d52538be) Importer(2089858483,192608db42251d675da83286b1cce702)
Start importing Assets/Tilesets/Dungeon/Holes.png using Guid(336d05239a3c9aa48b27de82d52538be) Importer(2089858483,192608db42251d675da83286b1cce702) (ScriptedImporter) -> (artifact id: '848d93a6c4bda57e13316061479191fd') in 0.0923567 seconds
Number of updated asset objects reloaded before import = 0Number of asset objects unloaded after import = 17

========================================================================
Received Import Request.
  Time since last request: 0.000240 seconds.
  path: Assets/Sprites/Slime/slime_base/player.controller
  artifactKey: Guid(007d1729fc40b6c46a87b68ced1e7ec7) Importer(2089858483,192608db42251d675da83286b1cce702)
Start importing Assets/Sprites/Slime/slime_base/player.controller using Guid(007d1729fc40b6c46a87b68ced1e7ec7) Importer(2089858483,192608db42251d675da83286b1cce702) (ScriptedImporter) -> (artifact id: '108cac896d37a262fdef8b8929f2ba1c') in 0.0561773 seconds
Number of updated asset objects reloaded before import = 0Number of asset objects unloaded after import = 10

========================================================================
Received Import Request.
  Time since last request: 0.000038 seconds.
  path: Assets/Sprites/Enemies/Mouche/Enemie_mouche.controller
  artifactKey: Guid(4a149af1c667bba4dbe63d83e29121f2) Importer(2089858483,192608db42251d675da83286b1cce702)
Start importing Assets/Sprites/Enemies/Mouche/Enemie_mouche.controller using Guid(4a149af1c667bba4dbe63d83e29121f2) Importer(2089858483,192608db42251d675da83286b1cce702) (ScriptedImporter) -> (artifact id: '705d9f24c3551eae559057287ff435ca') in 0.032121 seconds
Number of updated asset objects reloaded before import = 0Number of asset objects unloaded after import = 21

========================================================================
Received Import Request.
  Time since last request: 0.000033 seconds.
  path: Assets/Tiles/Outside/Trees_15.asset
  artifactKey: Guid(a25b59f6531dd724b912816eb48efdaa) Importer(2089858483,192608db42251d675da83286b1cce702)
Start importing Assets/Tiles/Outside/Trees_15.asset using Guid(a25b59f6531dd724b912816eb48efdaa) Importer(2089858483,192608db42251d675da83286b1cce702) (ScriptedImporter) -> (artifact id: '51866758a53066917046c792b0d33460') in 0.0301916 seconds
Number of updated asset objects reloaded before import = 0Number of asset objects unloaded after import = 2

========================================================================
Received Import Request.
  Time since last request: 0.000031 seconds.
  path: Assets/Tiles/Outside/Trees_1.asset
  artifactKey: Guid(ee9251738c28dfe47b2ee58ac938fae6) Importer(2089858483,192608db42251d675da83286b1cce702)
Start importing Assets/Tiles/Outside/Trees_1.asset using Guid(ee9251738c28dfe47b2ee58ac938fae6) Importer(2089858483,192608db42251d675da83286b1cce702) (ScriptedImporter) -> (artifact id: '5417cbeff53d2c8800814995cc4597af') in 0.0448667 seconds
Number of updated asset objects reloaded before import = 0Number of asset objects unloaded after import = 2

========================================================================
Received Import Request.
  Time since last request: 0.000068 seconds.
  path: Assets/Sprites/Slime/slime_sword/hit.anim
  artifactKey: Guid(8c64cdcf8e8aa0a4691926cd585d304d) Importer(2089858483,192608db42251d675da83286b1cce702)
Start importing Assets/Sprites/Slime/slime_sword/hit.anim using Guid(8c64cdcf8e8aa0a4691926cd585d304d) Importer(2089858483,192608db42251d675da83286b1cce702) (ScriptedImporter) -> (artifact id: '2b8f8712e31e1f9d541675a695121439') in 0.0347812 seconds
Number of updated asset objects reloaded before import = 0Number of asset objects unloaded after import = 1

========================================================================
Received Import Request.
  Time since last request: 0.000139 seconds.
  path: Assets/Sprites/Slime/slime_sword/slime_atk-Sheet.png
  artifactKey: Guid(20db59be30932ae4b9a08ba6bf74cfa8) Importer(2089858483,192608db42251d675da83286b1cce702)
Start importing Assets/Sprites/Slime/slime_sword/slime_atk-Sheet.png using Guid(20db59be30932ae4b9a08ba6bf74cfa8) Importer(2089858483,192608db42251d675da83286b1cce702) (ScriptedImporter) -> (artifact id: '02444802e8e3e9f5523c3f36c8a8caa0') in 0.062505 seconds
Number of updated asset objects reloaded before import = 0Number of asset objects unloaded after import = 10

========================================================================
Received Import Request.
  Time since last request: 0.000214 seconds.
  path: Assets/Sprites/Slime/slime_sword/slime_death-Sheet.png
  artifactKey: Guid(0c5e8172e5af7544e9e5b6b4a7472d0b) Importer(2089858483,192608db42251d675da83286b1cce702)
Start importing Assets/Sprites/Slime/slime_sword/slime_death-Sheet.png using Guid(0c5e8172e5af7544e9e5b6b4a7472d0b) Importer(2089858483,192608db42251d675da83286b1cce702) (ScriptedImporter) -> (artifact id: '762e292d098f6a05adbbea59c26f812d') in 0.0886228 seconds
Number of updated asset objects reloaded before import = 0Number of asset objects unloaded after import = 13

========================================================================
Received Import Request.
  Time since last request: 0.000033 seconds.
  path: Assets/Sprites/Enemies/Mouche/Hitmouche-Sheet.png
  artifactKey: Guid(b9363fc4db4827e47874d37efcfe04ee) Importer(2089858483,192608db42251d675da83286b1cce702)
Start importing Assets/Sprites/Enemies/Mouche/Hitmouche-Sheet.png using Guid(b9363fc4db4827e47874d37efcfe04ee) Importer(2089858483,192608db42251d675da83286b1cce702) (ScriptedImporter) -> (artifact id: '238e87ba7ffbc0992da1285264d15aac') in 0.0427751 seconds
Number of updated asset objects reloaded before import = 0Number of asset objects unloaded after import = 5

========================================================================
Received Import Request.
  Time since last request: 0.000027 seconds.
  path: Assets/Sprites/Enemies/Mouche/idle_mouche.anim
  artifactKey: Guid(f132c79771dcfda4bbd7bf9c185fef4e) Importer(2089858483,192608db42251d675da83286b1cce702)
Start importing Assets/Sprites/Enemies/Mouche/idle_mouche.anim using Guid(f132c79771dcfda4bbd7bf9c185fef4e) Importer(2089858483,192608db42251d675da83286b1cce702) (ScriptedImporter) -> (artifact id: 'fb2d8dbe40e4b7d679a16466ec78baaa') in 0.0300705 seconds
Number of updated asset objects reloaded before import = 0Number of asset objects unloaded after import = 1

========================================================================
Received Import Request.
  Time since last request: 0.000366 seconds.
  path: Assets/Tilesets/Tilemap-Zelda-like_67.asset
  artifactKey: Guid(fd9f8edd23a253441a930b7f78516dd7) Importer(2089858483,192608db42251d675da83286b1cce702)
Start importing Assets/Tilesets/Tilemap-Zelda-like_67.asset using Guid(fd9f8edd23a253441a930b7f78516dd7) Importer(2089858483,192608db42251d675da83286b1cce702) (ScriptedImporter) -> (artifact id: '2845f43a76733e15d5f7a6ff9eb08ef0') in 0.0246506 seconds
Number of updated asset objects reloaded before import = 0Number of asset objects unloaded after import = 2

========================================================================
Received Import Request.
  Time since last request: 0.000040 seconds.
  path: Assets/Scripts/DialogManager.cs
  artifactKey: Guid(9ce40368f7918b74fae52f5adcaa1e2c) Importer(2089858483,192608db42251d675da83286b1cce702)
Start importing Assets/Scripts/DialogManager.cs using Guid(9ce40368f7918b74fae52f5adcaa1e2c) Importer(2089858483,192608db42251d675da83286b1cce702) (ScriptedImporter) -> (artifact id: 'ce0781e89c7151f1aac19b1db88843a6') in 0.0259245 seconds
Number of updated asset objects reloaded before import = 0Number of asset objects unloaded after import = 0

========================================================================
Received Import Request.
  Time since last request: 0.000188 seconds.
  path: Assets/Tiles/Outside/Cliff_26.asset
  artifactKey: Guid(651975b6f77dde740b14f3bfe3827d65) Importer(2089858483,192608db42251d675da83286b1cce702)
Start importing Assets/Tiles/Outside/Cliff_26.asset using Guid(651975b6f77dde740b14f3bfe3827d65) Importer(2089858483,192608db42251d675da83286b1cce702) (ScriptedImporter) -> (artifact id: '20918acebebc1d6037a3566e2b21229d') in 0.040906 seconds
Number of updated asset objects reloaded before import = 0Number of asset objects unloaded after import = 2

========================================================================
Received Import Request.
  Time since last request: 0.000030 seconds.
  path: Assets/Tilesets/Tilemap-Zelda-like_151.asset
  artifactKey: Guid(fe7ab86522f8b1e42a9948bdd3b49d62) Importer(2089858483,192608db42251d675da83286b1cce702)
Start importing Assets/Tilesets/Tilemap-Zelda-like_151.asset using Guid(fe7ab86522f8b1e42a9948bdd3b49d62) Importer(2089858483,192608db42251d675da83286b1cce702) (ScriptedImporter) -> (artifact id: 'f6c6a9a701a8b1719352d3f9d548a5e7') in 0.0328879 seconds
Number of updated asset objects reloaded before import = 0Number of asset objects unloaded after import = 2

========================================================================
Received Import Request.
  Time since last request: 0.000057 seconds.
  path: Assets/Sprites/Enemies/Mouche/move_mouche.anim
  artifactKey: Guid(0e3acc6777a455049851b2d7f49b7e60) Importer(2089858483,192608db42251d675da83286b1cce702)
Start importing Assets/Sprites/Enemies/Mouche/move_mouche.anim using Guid(0e3acc6777a455049851b2d7f49b7e60) Importer(2089858483,192608db42251d675da83286b1cce702) (ScriptedImporter) -> (artifact id: '3e63c5ee0ac0d346a4ef4d467207d7d4') in 0.0287959 seconds
Number of updated asset objects reloaded before import = 0Number of asset objects unloaded after import = 1

========================================================================
Received Import Request.
  Time since last request: 0.000134 seconds.
  path: Assets/Tiles/Dungeon/Holes_14.asset
  artifactKey: Guid(d589fc9267873e34bb7091cdd754644c) Importer(2089858483,192608db42251d675da83286b1cce702)
Start importing Assets/Tiles/Dungeon/Holes_14.asset using Guid(d589fc9267873e34bb7091cdd754644c) Importer(2089858483,192608db42251d675da83286b1cce702) (ScriptedImporter) -> (artifact id: 'ac59f5664ac786bce968da0d9cca4cdc') in 0.0380557 seconds
Number of updated asset objects reloaded before import = 0Number of asset objects unloaded after import = 2

========================================================================
Received Import Request.
  Time since last request: 0.000038 seconds.
  path: Assets/Tiles/Outside/Grass_6.asset
  artifactKey: Guid(e49da0d184781af46a9e2bd2f3c67ffa) Importer(2089858483,192608db42251d675da83286b1cce702)
Start importing Assets/Tiles/Outside/Grass_6.asset using Guid(e49da0d184781af46a9e2bd2f3c67ffa) Importer(2089858483,192608db42251d675da83286b1cce702) (ScriptedImporter) -> (artifact id: '301b4cdbb45ed665f55fce79765d13a8') in 0.0271716 seconds
Number of updated asset objects reloaded before import = 0Number of asset objects unloaded after import = 2

========================================================================
Received Import Request.
  Time since last request: 0.000034 seconds.
  path: Assets/Tilesets/Tilemap-Zelda-like_164.asset
  artifactKey: Guid(613e2d256cb7a6f44ba2ee59a06bac0d) Importer(2089858483,192608db42251d675da83286b1cce702)
Start importing Assets/Tilesets/Tilemap-Zelda-like_164.asset using Guid(613e2d256cb7a6f44ba2ee59a06bac0d) Importer(2089858483,192608db42251d675da83286b1cce702) (ScriptedImporter) -> (artifact id: '44424e77968e0701820d3541a56ab34a') in 0.0335009 seconds
Number of updated asset objects reloaded before import = 0Number of asset objects unloaded after import = 2

========================================================================
Received Import Request.
  Time since last request: 0.000032 seconds.
  path: Assets/Tilesets/Tilemap-Zelda-like_86.asset
  artifactKey: Guid(8c6e2f9f8256bcc47ab9e43e106f71ec) Importer(2089858483,192608db42251d675da83286b1cce702)
Start importing Assets/Tilesets/Tilemap-Zelda-like_86.asset using Guid(8c6e2f9f8256bcc47ab9e43e106f71ec) Importer(2089858483,192608db42251d675da83286b1cce702) (ScriptedImporter) -> (artifact id: '8dd709c4f25bc97ac115546bd5e61751') in 0.0287095 seconds
Number of updated asset objects reloaded before import = 0Number of asset objects unloaded after import = 2

========================================================================
Received Import Request.
  Time since last request: 0.000041 seconds.
  path: Assets/Tiles/Outside/Cliff_5.asset
  artifactKey: Guid(03698b93d8ea9f34992cf7d57ea4ce80) Importer(2089858483,192608db42251d675da83286b1cce702)
Start importing Assets/Tiles/Outside/Cliff_5.asset using Guid(03698b93d8ea9f34992cf7d57ea4ce80) Importer(2089858483,192608db42251d675da83286b1cce702) (ScriptedImporter) -> (artifact id: 'efab9a02e77206871e635b040216ec38') in 0.0257386 seconds
Number of updated asset objects reloaded before import = 0Number of asset objects unloaded after import = 2

========================================================================
Received Import Request.
  Time since last request: 0.000066 seconds.
  path: Assets/Sprites/slime_anime/slime_mouche.controller
  artifactKey: Guid(a8581ac4fca4d1248a3e6a6fa91724ad) Importer(2089858483,192608db42251d675da83286b1cce702)
Start importing Assets/Sprites/slime_anime/slime_mouche.controller using Guid(a8581ac4fca4d1248a3e6a6fa91724ad) Importer(2089858483,192608db42251d675da83286b1cce702) (ScriptedImporter) -> (artifact id: '5da16e958d96cc0a0804662c1fce5d53') in 0.0341125 seconds
Number of updated asset objects reloaded before import = 0Number of asset objects unloaded after import = 10

========================================================================
Received Import Request.
  Time since last request: 0.000028 seconds.
  path: Assets/Tiles/Outside/Bush_3.asset
  artifactKey: Guid(f897e8f0cf03dc8498a766cf211237d1) Importer(2089858483,192608db42251d675da83286b1cce702)
Start importing Assets/Tiles/Outside/Bush_3.asset using Guid(f897e8f0cf03dc8498a766cf211237d1) Importer(2089858483,192608db42251d675da83286b1cce702) (ScriptedImporter) -> (artifact id: '87885ef5b7435b072ab9dd8b536dde53') in 0.0281136 seconds
Number of updated asset objects reloaded before import = 0Number of asset objects unloaded after import = 2

========================================================================
Received Import Request.
  Time since last request: 0.000030 seconds.
  path: Assets/Tilesets/Tilemap-Zelda-like_133.asset
  artifactKey: Guid(0d721ab0661f090499d8d36667f7ca99) Importer(2089858483,192608db42251d675da83286b1cce702)
Start importing Assets/Tilesets/Tilemap-Zelda-like_133.asset using Guid(0d721ab0661f090499d8d36667f7ca99) Importer(2089858483,192608db42251d675da83286b1cce702) (ScriptedImporter) -> (artifact id: '948f9bbfe43aac9b75d0d1f7abfcae03') in 0.0349808 seconds
Number of updated asset objects reloaded before import = 0Number of asset objects unloaded after import = 2

========================================================================
Received Import Request.
  Time since last request: 0.000037 seconds.
  path: Assets/Tilesets/Tilemap-Zelda-like_11.asset
  artifactKey: Guid(d7c25300d5897054fb85969be661d075) Importer(2089858483,192608db42251d675da83286b1cce702)
Start importing Assets/Tilesets/Tilemap-Zelda-like_11.asset using Guid(d7c25300d5897054fb85969be661d075) Importer(2089858483,192608db42251d675da83286b1cce702) (ScriptedImporter) -> (artifact id: 'ef2ab0635cc356edcb1400e27ff42b84') in 0.0271268 seconds
Number of updated asset objects reloaded before import = 0Number of asset objects unloaded after import = 2

Editor requested this worker to shutdown with reason: Scaling down because of idle timeout
AssetImportWorker is now disconnected from the server
Process exiting
Exiting without the bug reporter. Application will terminate with return code 0