[Licensing::Module] Trying to connect to existing licensing client channel...
Built from '6000.0/staging' branch; Version is '6000.0.65f1 (a18e2220bd50) revision 10587682'; Using compiler version '193933523'; Build Type 'Release'
OS: 'Windows 11  (10.0.26200) 64bit Core' Language: 'fr' Physical Memory: 16163 MB
[Licensing::IpcConnector] Successfully connected to: "LicenseClient-cleme" at "2026-04-06T16:01:01.9239815Z"
BatchMode: 1, IsHumanControllingUs: 0, StartBugReporterOnCrash: 0, Is64bit: 1
Date: 2026-04-06T16:01:01Z

COMMAND LINE ARGUMENTS:
C:\Users\cleme\OneDrive\Documents\unity\6000.0.65f1\Editor\Unity.exe
-adb2
-batchMode
-noUpm
-name
AssetImportWorker5
-projectPath
C:/Users/cleme/Documents/unity/zelda_like
-logFile
Logs/AssetImportWorker5.log
-srvPort
64529
-job-worker-count
3
-background-job-worker-count
8
-gc-helper-count
1
-name
AssetImport
Successfully changed project path to: C:/Users/cleme/Documents/unity/zelda_like
C:/Users/cleme/Documents/unity/zelda_like
[UnityMemory] Configuration Parameters - Can be set up in boot.config
    "memorysetup-bucket-allocator-granularity=16"
    "memorysetup-bucket-allocator-bucket-count=8"
    "memorysetup-bucket-allocator-block-size=33554432"
    "memorysetup-bucket-allocator-block-count=8"
    "memorysetup-main-allocator-block-size=16777216"
    "memorysetup-thread-allocator-block-size=16777216"
    "memorysetup-gfx-main-allocator-block-size=16777216"
    "memorysetup-gfx-thread-allocator-block-size=16777216"
    "memorysetup-cache-allocator-block-size=4194304"
    "memorysetup-typetree-allocator-block-size=2097152"
    "memorysetup-profiler-bucket-allocator-granularity=16"
    "memorysetup-profiler-bucket-allocator-bucket-count=8"
    "memorysetup-profiler-bucket-allocator-block-size=33554432"
    "memorysetup-profiler-bucket-allocator-block-count=8"
    "memorysetup-profiler-allocator-block-size=16777216"
    "memorysetup-profiler-editor-allocator-block-size=1048576"
    "memorysetup-temp-allocator-size-main=16777216"
    "memorysetup-job-temp-allocator-block-size=2097152"
    "memorysetup-job-temp-allocator-block-size-background=1048576"
    "memorysetup-job-temp-allocator-reduction-small-platforms=262144"
    "memorysetup-allocator-temp-initial-block-size-main=262144"
    "memorysetup-allocator-temp-initial-block-size-worker=262144"
    "memorysetup-temp-allocator-size-background-worker=32768"
    "memorysetup-temp-allocator-size-job-worker=262144"
    "memorysetup-temp-allocator-size-preload-manager=33554432"
    "memorysetup-temp-allocator-size-nav-mesh-worker=65536"
    "memorysetup-temp-allocator-size-audio-worker=65536"
    "memorysetup-temp-allocator-size-cloud-worker=32768"
    "memorysetup-temp-allocator-size-gi-baking-worker=262144"
    "memorysetup-temp-allocator-size-gi-baking-worker=262144"
    "memorysetup-temp-allocator-size-gi-baking-worker=262144"
    "memorysetup-temp-allocator-size-gi-baking-worker=262144"
    "memorysetup-temp-allocator-size-gi-baking-worker=262144"
    "memorysetup-temp-allocator-size-gfx=262144"
Player connection [1868]  Target information:

Player connection [1868]  * "[IP] 10.2.0.2 [Port] 0 [Flags] 2 [Guid] 2573795738 [EditorId] 2573795738 [Version] 1048832 [Id] WindowsEditor(7,AcerAspire3) [Debug] 1 [PackageName] WindowsEditor [ProjectName] Editor" 

Player connection [1868]  * "[IP] 10.188.94.195 [Port] 0 [Flags] 2 [Guid] 2573795738 [EditorId] 2573795738 [Version] 1048832 [Id] WindowsEditor(7,AcerAspire3) [Debug] 1 [PackageName] WindowsEditor [ProjectName] Editor" 

Player connection [1868] Host joined multi-casting on [225.0.0.222:54997]...
Player connection [1868] Host joined alternative multi-casting on [225.0.0.222:34997]...
JobSystem: Creating JobQueue using job-worker-count value 3
Input System module state changed to: Initialized.
[Physics::Module] Initialized fallback backend.
[Physics::Module] Id: 0xdecafbad
Library Redirect Path: Library/
[Physics::Module] Selected backend.
[Physics::Module] Name: PhysX
[Physics::Module] Id: 0xf2b8ea05
[Physics::Module] SDK Version: 4.1.2
[Physics::Module] Integration Version: 1.0.0
[Physics::Module] Threading Mode: Multi-Threaded
Refreshing native plugins compatible for Editor in 0.00 ms, found 0 plugins.
Preloading 0 native plugins for Editor in 0.00 ms.
Initialize engine version: 6000.0.65f1 (a18e2220bd50)
[Subsystems] Discovering subsystems at path C:/Users/cleme/OneDrive/Documents/unity/6000.0.65f1/Editor/Data/Resources/UnitySubsystems
[Subsystems] Discovering subsystems at path C:/Users/cleme/Documents/unity/zelda_like/Assets
GfxDevice: creating device client; kGfxThreadingModeNonThreaded
Direct3D:
    Version:  Direct3D 11.0 [level 11.1]
    Renderer: Intel(R) Iris(R) Xe Graphics (ID=0x9a49)
    Vendor:   Intel
    VRAM:     8081 MB
    Driver:   30.0.101.1404
Initialize mono
Mono path[0] = 'C:/Users/cleme/OneDrive/Documents/unity/6000.0.65f1/Editor/Data/Managed'
Mono path[1] = 'C:/Users/cleme/OneDrive/Documents/unity/6000.0.65f1/Editor/Data/MonoBleedingEdge/lib/mono/unityjit-win32'
Mono config path = 'C:/Users/cleme/OneDrive/Documents/unity/6000.0.65f1/Editor/Data/MonoBleedingEdge/etc'
Using monoOptions --debugger-agent=transport=dt_socket,embedding=1,server=y,suspend=n,address=127.0.0.1:56984
[Licensing::Client] Handshaking with LicensingClient:
  Version:                 1.17.4+4293ba1
  Session Id:              e4cc8a1eb41f427f9c1fbf30c2b78692
  Correlation Id:          8f2560a6a472b187f154929fbd60e16b
  External correlation Id: 2951713409776720249
  Machine Id:              TKYlbcUYATvSqXUcPGtrgB1i15k=
[Licensing::Module] Successfully connected to LicensingClient on channel: "LicenseClient-cleme" (connect: 0.00s, validation: 0.00s, handshake: 3.16s)
[Licensing::IpcConnector] Successfully connected to: "LicenseClient-cleme-notifications" at "2026-04-06T16:01:05.0867093Z"
[Licensing::Module] Licensing Background thread has ended after 3.16s
Begin MonoManager ReloadAssembly
Registering precompiled unity dll's ...
Register platform support module: C:/Users/cleme/OneDrive/Documents/unity/6000.0.65f1/Editor/Data/PlaybackEngines/WindowsStandaloneSupport/UnityEditor.WindowsStandalone.Extensions.dll
Registered in 0.009767 seconds.
- Loaded All Assemblies, in  1.261 seconds
Native extension for WindowsStandalone target not found
Mono: successfully reloaded assembly
- Finished resetting the current domain, in  0.953 seconds
Domain Reload Profiling: 2201ms
	BeginReloadAssembly (454ms)
		ExecutionOrderSort (0ms)
		DisableScriptedObjects (0ms)
		BackupInstance (0ms)
		ReleaseScriptingObjects (0ms)
		CreateAndSetChildDomain (7ms)
	RebuildCommonClasses (119ms)
	RebuildNativeTypeToScriptingClass (36ms)
	initialDomainReloadingComplete (152ms)
	LoadAllAssembliesAndSetupDomain (485ms)
		LoadAssemblies (437ms)
		RebuildTransferFunctionScriptingTraits (0ms)
		AnalyzeDomain (471ms)
			TypeCache.Refresh (466ms)
				TypeCache.ScanAssembly (430ms)
			BuildScriptInfoCaches (0ms)
			ResolveRequiredComponents (2ms)
	FinalizeReload (954ms)
		ReleaseScriptCaches (0ms)
		RebuildScriptCaches (0ms)
		SetupLoadedEditorAssemblies (861ms)
			LogAssemblyErrors (0ms)
			InitializePlatformSupportModulesInManaged (72ms)
			SetLoadedEditorAssemblies (18ms)
			BeforeProcessingInitializeOnLoad (192ms)
			ProcessInitializeOnLoadAttributes (498ms)
			ProcessInitializeOnLoadMethodAttributes (82ms)
			AfterProcessingInitializeOnLoad (0ms)
			EditorAssembliesLoaded (0ms)
		ExecutionOrderSort2 (0ms)
		AwakeInstancesAfterBackupRestoration (0ms)
========================================================================
Worker process is ready to serve import requests
Import Worker Mode flag is 0x00
Begin MonoManager ReloadAssembly
[Licensing::Client] Successfully resolved entitlement details
[Licensing::Module] License group:
  Id: 20067137549237-UnityPersXXXX
  Product: Unity Personal
  Type: Assigned
  Expiration: Unlimited
- Loaded All Assemblies, in  0.505 seconds
Refreshing native plugins compatible for Editor in 0.00 ms, found 0 plugins.
Native extension for WindowsStandalone target not found
Mono: successfully reloaded assembly
- Finished resetting the current domain, in  0.848 seconds
Domain Reload Profiling: 1346ms
	BeginReloadAssembly (306ms)
		ExecutionOrderSort (0ms)
		DisableScriptedObjects (14ms)
		BackupInstance (0ms)
		ReleaseScriptingObjects (0ms)
		CreateAndSetChildDomain (45ms)
	RebuildCommonClasses (72ms)
	RebuildNativeTypeToScriptingClass (25ms)
	initialDomainReloadingComplete (31ms)
	LoadAllAssembliesAndSetupDomain (62ms)
		LoadAssemblies (179ms)
		RebuildTransferFunctionScriptingTraits (0ms)
		AnalyzeDomain (50ms)
			TypeCache.Refresh (36ms)
				TypeCache.ScanAssembly (29ms)
			BuildScriptInfoCaches (6ms)
			ResolveRequiredComponents (4ms)
	FinalizeReload (850ms)
		ReleaseScriptCaches (0ms)
		RebuildScriptCaches (0ms)
		SetupLoadedEditorAssemblies (558ms)
			LogAssemblyErrors (0ms)
			InitializePlatformSupportModulesInManaged (7ms)
			SetLoadedEditorAssemblies (13ms)
			BeforeProcessingInitializeOnLoad (174ms)
			ProcessInitializeOnLoadAttributes (286ms)
			ProcessInitializeOnLoadMethodAttributes (69ms)
			AfterProcessingInitializeOnLoad (8ms)
			EditorAssembliesLoaded (0ms)
		ExecutionOrderSort2 (0ms)
		AwakeInstancesAfterBackupRestoration (19ms)
Launched and connected shader compiler UnityShaderCompiler.exe after 0.03 seconds
Refreshing native plugins compatible for Editor in 0.00 ms, found 0 plugins.
Preloading 0 native plugins for Editor in 0.00 ms.
Unloading 0 Unused Serialized files (Serialized files now loaded: 0)
Unloading 601 unused Assets / (39.7 KB). Loaded Objects now: 1120.
Memory consumption went from 59.2 MB to 59.2 MB.
Total: 9.677700 ms (FindLiveObjects: 0.157500 ms CreateObjectMapping: 0.097000 ms MarkObjects: 9.064700 ms  DeleteObjects: 0.356100 ms)

========================================================================
Received Import Request.
  Time since last request: 289626.397913 seconds.
  path: Assets/Tilesets/temple/TX Tileset Grass_73.asset
  artifactKey: Guid(1fed01d1e7bea8247b912b49b8563df4) Importer(815301076,1909f56bfc062723c751e8b465ee728b)
Start importing Assets/Tilesets/temple/TX Tileset Grass_73.asset using Guid(1fed01d1e7bea8247b912b49b8563df4) Importer(815301076,1909f56bfc062723c751e8b465ee728b) (PreviewImporter) -> (artifact id: '11aa49601052ed1962dc7e6110a6af92') in 0.1775913 seconds
Number of updated asset objects reloaded before import = 0Number of asset objects unloaded after import = 3

========================================================================
Received Import Request.
  Time since last request: 0.000042 seconds.
  path: Assets/Tilesets/temple/TX Tileset Grass_185.asset
  artifactKey: Guid(e71d6f9a160695c498ab330faebb3d88) Importer(815301076,1909f56bfc062723c751e8b465ee728b)
Start importing Assets/Tilesets/temple/TX Tileset Grass_185.asset using Guid(e71d6f9a160695c498ab330faebb3d88) Importer(815301076,1909f56bfc062723c751e8b465ee728b) (PreviewImporter) -> (artifact id: 'a6d96449ceb7aaa6f90dc7db322fd561') in 0.0375525 seconds
Number of updated asset objects reloaded before import = 0Number of asset objects unloaded after import = 3

========================================================================
Received Import Request.
  Time since last request: 0.000131 seconds.
  path: Assets/Tilesets/temple/TX Tileset Grass_188.asset
  artifactKey: Guid(5efae0f1fd3c8f047b631e6cc63a9d98) Importer(815301076,1909f56bfc062723c751e8b465ee728b)
Start importing Assets/Tilesets/temple/TX Tileset Grass_188.asset using Guid(5efae0f1fd3c8f047b631e6cc63a9d98) Importer(815301076,1909f56bfc062723c751e8b465ee728b) (PreviewImporter) -> (artifact id: 'bf739c215924931cc64e076416046310') in 0.0132647 seconds
Number of updated asset objects reloaded before import = 0Number of asset objects unloaded after import = 3

========================================================================
Received Import Request.
  Time since last request: 0.000036 seconds.
  path: Assets/Tilesets/temple/TX Tileset Grass_152.asset
  artifactKey: Guid(dccfb09a317e51e4fa1b84e5254fdfea) Importer(815301076,1909f56bfc062723c751e8b465ee728b)
Start importing Assets/Tilesets/temple/TX Tileset Grass_152.asset using Guid(dccfb09a317e51e4fa1b84e5254fdfea) Importer(815301076,1909f56bfc062723c751e8b465ee728b) (PreviewImporter) -> (artifact id: '1a57f4f4b9de36937b455b3dd81cddab') in 0.0231473 seconds
Number of updated asset objects reloaded before import = 0Number of asset objects unloaded after import = 3

========================================================================
Received Import Request.
  Time since last request: 0.000029 seconds.
  path: Assets/Tilesets/temple/TX Tileset Grass_133.asset
  artifactKey: Guid(2cd150cca863ea94daab9435254a6db4) Importer(815301076,1909f56bfc062723c751e8b465ee728b)
Start importing Assets/Tilesets/temple/TX Tileset Grass_133.asset using Guid(2cd150cca863ea94daab9435254a6db4) Importer(815301076,1909f56bfc062723c751e8b465ee728b) (PreviewImporter) -> (artifact id: 'ca7a21d8ddf35a12d14bc74170ad4492') in 0.0330044 seconds
Number of updated asset objects reloaded before import = 0Number of asset objects unloaded after import = 3

========================================================================
Received Import Request.
  Time since last request: 0.000036 seconds.
  path: Assets/Tilesets/temple/TX Tileset Grass_160.asset
  artifactKey: Guid(c40ce523b72d2a74f9f1ce1d269cee4c) Importer(815301076,1909f56bfc062723c751e8b465ee728b)
Start importing Assets/Tilesets/temple/TX Tileset Grass_160.asset using Guid(c40ce523b72d2a74f9f1ce1d269cee4c) Importer(815301076,1909f56bfc062723c751e8b465ee728b) (PreviewImporter) -> (artifact id: '7d6aa98b79f9607b5e1eb18675926990') in 0.0168376 seconds
Number of updated asset objects reloaded before import = 0Number of asset objects unloaded after import = 3

========================================================================
Received Import Request.
  Time since last request: 0.000023 seconds.
  path: Assets/Tilesets/temple/TX Tileset Grass_126.asset
  artifactKey: Guid(a59f0e5a8de3d3d4a94503e87aaf416c) Importer(815301076,1909f56bfc062723c751e8b465ee728b)
Start importing Assets/Tilesets/temple/TX Tileset Grass_126.asset using Guid(a59f0e5a8de3d3d4a94503e87aaf416c) Importer(815301076,1909f56bfc062723c751e8b465ee728b) (PreviewImporter) -> (artifact id: '510b24df641664b561b1d04c3ef579a7') in 0.0441219 seconds
Number of updated asset objects reloaded before import = 0Number of asset objects unloaded after import = 3

========================================================================
Received Import Request.
  Time since last request: 0.000028 seconds.
  path: Assets/Tilesets/temple/TX Tileset Grass_149.asset
  artifactKey: Guid(1341ddd3ebcd80040972dd83ceeea3dc) Importer(815301076,1909f56bfc062723c751e8b465ee728b)
Start importing Assets/Tilesets/temple/TX Tileset Grass_149.asset using Guid(1341ddd3ebcd80040972dd83ceeea3dc) Importer(815301076,1909f56bfc062723c751e8b465ee728b) (PreviewImporter) -> (artifact id: 'afd9f09d6602be8dcdd488fbbacfb8b0') in 0.0545486 seconds
Number of updated asset objects reloaded before import = 0Number of asset objects unloaded after import = 3

========================================================================
Received Import Request.
  Time since last request: 0.000035 seconds.
  path: Assets/Tilesets/temple/TX Tileset Grass_146.asset
  artifactKey: Guid(7e13e66ee30a4d1449c906351038be8b) Importer(815301076,1909f56bfc062723c751e8b465ee728b)
Start importing Assets/Tilesets/temple/TX Tileset Grass_146.asset using Guid(7e13e66ee30a4d1449c906351038be8b) Importer(815301076,1909f56bfc062723c751e8b465ee728b) (PreviewImporter) -> (artifact id: 'ee64945a5ae9ea00f37948b72a1d58b0') in 0.0197069 seconds
Number of updated asset objects reloaded before import = 0Number of asset objects unloaded after import = 3

========================================================================
Received Import Request.
  Time since last request: 0.000027 seconds.
  path: Assets/Tilesets/temple/TX Tileset Grass_172.asset
  artifactKey: Guid(68f6011be0cac7a42b39ba6f5354786d) Importer(815301076,1909f56bfc062723c751e8b465ee728b)
Start importing Assets/Tilesets/temple/TX Tileset Grass_172.asset using Guid(68f6011be0cac7a42b39ba6f5354786d) Importer(815301076,1909f56bfc062723c751e8b465ee728b) (PreviewImporter) -> (artifact id: '42602e63984c413e998a20541fcb11e1') in 0.036303 seconds
Number of updated asset objects reloaded before import = 0Number of asset objects unloaded after import = 3

========================================================================
Received Import Request.
  Time since last request: 0.000583 seconds.
  path: Assets/Tilesets/temple/TX Tileset Grass_68.asset
  artifactKey: Guid(c390c1cfd8c2e274eba9217b18387a9a) Importer(815301076,1909f56bfc062723c751e8b465ee728b)
Start importing Assets/Tilesets/temple/TX Tileset Grass_68.asset using Guid(c390c1cfd8c2e274eba9217b18387a9a) Importer(815301076,1909f56bfc062723c751e8b465ee728b) (PreviewImporter) -> (artifact id: '63d00b6ad8485102eef031b133393b82') in 0.0503466 seconds
Number of updated asset objects reloaded before import = 0Number of asset objects unloaded after import = 3

========================================================================
Received Import Request.
  Time since last request: 0.000051 seconds.
  path: Assets/Tilesets/temple/TX Tileset Grass_53.asset
  artifactKey: Guid(570c8cef6472a2a42aca1b3649e3ebd1) Importer(815301076,1909f56bfc062723c751e8b465ee728b)
Start importing Assets/Tilesets/temple/TX Tileset Grass_53.asset using Guid(570c8cef6472a2a42aca1b3649e3ebd1) Importer(815301076,1909f56bfc062723c751e8b465ee728b) (PreviewImporter) -> (artifact id: 'f28ecbba939be2e86c52a86bf272e709') in 0.013024 seconds
Number of updated asset objects reloaded before import = 0Number of asset objects unloaded after import = 3

========================================================================
Received Import Request.
  Time since last request: 0.000030 seconds.
  path: Assets/Tilesets/temple/TX Tileset Grass_125.asset
  artifactKey: Guid(a13d479ad7ff400419634a4b1eeca50e) Importer(815301076,1909f56bfc062723c751e8b465ee728b)
Start importing Assets/Tilesets/temple/TX Tileset Grass_125.asset using Guid(a13d479ad7ff400419634a4b1eeca50e) Importer(815301076,1909f56bfc062723c751e8b465ee728b) (PreviewImporter) -> (artifact id: 'e227382edae301ca56360bef6bf59844') in 0.0437142 seconds
Number of updated asset objects reloaded before import = 0Number of asset objects unloaded after import = 3

========================================================================
Received Import Request.
  Time since last request: 0.000046 seconds.
  path: Assets/Tilesets/temple/TX Tileset Grass_131.asset
  artifactKey: Guid(576c1265705149d4db73fc9d871c2bf6) Importer(815301076,1909f56bfc062723c751e8b465ee728b)
Start importing Assets/Tilesets/temple/TX Tileset Grass_131.asset using Guid(576c1265705149d4db73fc9d871c2bf6) Importer(815301076,1909f56bfc062723c751e8b465ee728b) (PreviewImporter) -> (artifact id: 'fe503ff113aa82b85d222e2660226339') in 0.0732623 seconds
Number of updated asset objects reloaded before import = 0Number of asset objects unloaded after import = 3

========================================================================
Received Import Request.
  Time since last request: 0.000026 seconds.
  path: Assets/Tilesets/temple/TX Tileset Grass_177.asset
  artifactKey: Guid(4fea7adcc3cb7d94eb6508a90f6f3f4a) Importer(815301076,1909f56bfc062723c751e8b465ee728b)
Start importing Assets/Tilesets/temple/TX Tileset Grass_177.asset using Guid(4fea7adcc3cb7d94eb6508a90f6f3f4a) Importer(815301076,1909f56bfc062723c751e8b465ee728b) (PreviewImporter) -> (artifact id: '102427f12b2c50361bf411d63f6b940c') in 0.0430436 seconds
Number of updated asset objects reloaded before import = 0Number of asset objects unloaded after import = 3

========================================================================
Received Import Request.
  Time since last request: 0.000035 seconds.
  path: Assets/Tilesets/temple/TX Tileset Grass_79.asset
  artifactKey: Guid(1fdba7e98094bfe4f9cc24ada3a18ffb) Importer(815301076,1909f56bfc062723c751e8b465ee728b)
Start importing Assets/Tilesets/temple/TX Tileset Grass_79.asset using Guid(1fdba7e98094bfe4f9cc24ada3a18ffb) Importer(815301076,1909f56bfc062723c751e8b465ee728b) (PreviewImporter) -> (artifact id: 'f5a60f17e7cdbd5d65f626fcd36acfb2') in 0.0567908 seconds
Number of updated asset objects reloaded before import = 0Number of asset objects unloaded after import = 3

========================================================================
Received Import Request.
  Time since last request: 0.000033 seconds.
  path: Assets/Tilesets/temple/TX Tileset Grass_115.asset
  artifactKey: Guid(c6409c5213dae8b4ab7600717f550072) Importer(815301076,1909f56bfc062723c751e8b465ee728b)
Start importing Assets/Tilesets/temple/TX Tileset Grass_115.asset using Guid(c6409c5213dae8b4ab7600717f550072) Importer(815301076,1909f56bfc062723c751e8b465ee728b) (PreviewImporter) -> (artifact id: 'f82fca91fa75efc32b01454de1ec9f12') in 0.0611049 seconds
Number of updated asset objects reloaded before import = 0Number of asset objects unloaded after import = 3

========================================================================
Received Import Request.
  Time since last request: 0.000030 seconds.
  path: Assets/Tilesets/temple/TX Tileset Grass_148.asset
  artifactKey: Guid(aba2158ac30b46c4c9526394371cd318) Importer(815301076,1909f56bfc062723c751e8b465ee728b)
Start importing Assets/Tilesets/temple/TX Tileset Grass_148.asset using Guid(aba2158ac30b46c4c9526394371cd318) Importer(815301076,1909f56bfc062723c751e8b465ee728b) (PreviewImporter) -> (artifact id: '5b682883e9d3efbe38a51ce70d3c278b') in 0.0579986 seconds
Number of updated asset objects reloaded before import = 0Number of asset objects unloaded after import = 3

========================================================================
Received Import Request.
  Time since last request: 0.000036 seconds.
  path: Assets/Tilesets/temple/TX Tileset Grass_52.asset
  artifactKey: Guid(03859676fbc8e0144bcb3a59b65a9c87) Importer(815301076,1909f56bfc062723c751e8b465ee728b)
Start importing Assets/Tilesets/temple/TX Tileset Grass_52.asset using Guid(03859676fbc8e0144bcb3a59b65a9c87) Importer(815301076,1909f56bfc062723c751e8b465ee728b) (PreviewImporter) -> (artifact id: '56c058879f8438834930629c8a57e9f7') in 0.0693319 seconds
Number of updated asset objects reloaded before import = 0Number of asset objects unloaded after import = 3

========================================================================
Received Import Request.
  Time since last request: 0.000050 seconds.
  path: Assets/Tilesets/temple/TX Tileset Grass_157.asset
  artifactKey: Guid(4a8febd002f348749a436bf9b2127ab3) Importer(815301076,1909f56bfc062723c751e8b465ee728b)
Start importing Assets/Tilesets/temple/TX Tileset Grass_157.asset using Guid(4a8febd002f348749a436bf9b2127ab3) Importer(815301076,1909f56bfc062723c751e8b465ee728b) (PreviewImporter) -> (artifact id: '5c439c574f7640938eb2d5d156f30649') in 0.068614 seconds
Number of updated asset objects reloaded before import = 0Number of asset objects unloaded after import = 3

========================================================================
Received Import Request.
  Time since last request: 0.000046 seconds.
  path: Assets/Tilesets/temple/TX Tileset Grass_169.asset
  artifactKey: Guid(b27136d3b41501740bdfaf2594e32978) Importer(815301076,1909f56bfc062723c751e8b465ee728b)
Start importing Assets/Tilesets/temple/TX Tileset Grass_169.asset using Guid(b27136d3b41501740bdfaf2594e32978) Importer(815301076,1909f56bfc062723c751e8b465ee728b) (PreviewImporter) -> (artifact id: '1efde6a0529c4369d2e16aa9417296e6') in 0.0437037 seconds
Number of updated asset objects reloaded before import = 0Number of asset objects unloaded after import = 3

========================================================================
Received Import Request.
  Time since last request: 0.000028 seconds.
  path: Assets/Tilesets/temple/TX Tileset Grass_39.asset
  artifactKey: Guid(5eb94bbbfc3631b4f964df8aeca5eca2) Importer(815301076,1909f56bfc062723c751e8b465ee728b)
Start importing Assets/Tilesets/temple/TX Tileset Grass_39.asset using Guid(5eb94bbbfc3631b4f964df8aeca5eca2) Importer(815301076,1909f56bfc062723c751e8b465ee728b) (PreviewImporter) -> (artifact id: '376babc158ce024873d05a5625f85394') in 0.0122109 seconds
Number of updated asset objects reloaded before import = 0Number of asset objects unloaded after import = 3

========================================================================
Received Import Request.
  Time since last request: 0.000064 seconds.
  path: Assets/Tilesets/temple/TX Tileset Grass_142.asset
  artifactKey: Guid(1171bbd4b0230ea48bd78399074b860a) Importer(815301076,1909f56bfc062723c751e8b465ee728b)
Start importing Assets/Tilesets/temple/TX Tileset Grass_142.asset using Guid(1171bbd4b0230ea48bd78399074b860a) Importer(815301076,1909f56bfc062723c751e8b465ee728b) (PreviewImporter) -> (artifact id: 'da0f601874e1eaec627dac0a98c7c030') in 0.0493824 seconds
Number of updated asset objects reloaded before import = 0Number of asset objects unloaded after import = 3

========================================================================
Received Import Request.
  Time since last request: 0.000034 seconds.
  path: Assets/Tilesets/temple/TX Tileset Grass_85.asset
  artifactKey: Guid(a4945f4025c672b4ba1f40280b1e6324) Importer(815301076,1909f56bfc062723c751e8b465ee728b)
Start importing Assets/Tilesets/temple/TX Tileset Grass_85.asset using Guid(a4945f4025c672b4ba1f40280b1e6324) Importer(815301076,1909f56bfc062723c751e8b465ee728b) (PreviewImporter) -> (artifact id: '41b4d4f6587ca8983767d901ef4cffb6') in 0.0812858 seconds
Number of updated asset objects reloaded before import = 0Number of asset objects unloaded after import = 3

========================================================================
Received Import Request.
  Time since last request: 0.000030 seconds.
  path: Assets/Tilesets/temple/TX Tileset Grass_89.asset
  artifactKey: Guid(2b5f8d1b76ac460408b5ca52713608b6) Importer(815301076,1909f56bfc062723c751e8b465ee728b)
Start importing Assets/Tilesets/temple/TX Tileset Grass_89.asset using Guid(2b5f8d1b76ac460408b5ca52713608b6) Importer(815301076,1909f56bfc062723c751e8b465ee728b) (PreviewImporter) -> (artifact id: 'b39932ec6ddd774ee44915429874586f') in 0.0480094 seconds
Number of updated asset objects reloaded before import = 0Number of asset objects unloaded after import = 3

========================================================================
Received Import Request.
  Time since last request: 0.000034 seconds.
  path: Assets/Tilesets/temple/TX Tileset Grass_77.asset
  artifactKey: Guid(e4d26636f29e00843b736aa66501e1d8) Importer(815301076,1909f56bfc062723c751e8b465ee728b)
Start importing Assets/Tilesets/temple/TX Tileset Grass_77.asset using Guid(e4d26636f29e00843b736aa66501e1d8) Importer(815301076,1909f56bfc062723c751e8b465ee728b) (PreviewImporter) -> (artifact id: 'f3b87a357a50f1e35b082f92eed11e15') in 0.0140781 seconds
Number of updated asset objects reloaded before import = 0Number of asset objects unloaded after import = 3

========================================================================
Received Import Request.
  Time since last request: 0.000043 seconds.
  path: Assets/Tilesets/temple/TX Tileset Grass_201.asset
  artifactKey: Guid(8179b5bd8e388964fa8c94bf6b095feb) Importer(815301076,1909f56bfc062723c751e8b465ee728b)
Start importing Assets/Tilesets/temple/TX Tileset Grass_201.asset using Guid(8179b5bd8e388964fa8c94bf6b095feb) Importer(815301076,1909f56bfc062723c751e8b465ee728b) (PreviewImporter) -> (artifact id: '22c8dd39a8f931f75839c8f9fa3ab9ec') in 0.0464173 seconds
Number of updated asset objects reloaded before import = 0Number of asset objects unloaded after import = 3

========================================================================
Received Import Request.
  Time since last request: 0.000025 seconds.
  path: Assets/Tilesets/temple/TX Tileset Grass_214.asset
  artifactKey: Guid(49eb2e3ab1bf0884d86b72d9de54280a) Importer(815301076,1909f56bfc062723c751e8b465ee728b)
Start importing Assets/Tilesets/temple/TX Tileset Grass_214.asset using Guid(49eb2e3ab1bf0884d86b72d9de54280a) Importer(815301076,1909f56bfc062723c751e8b465ee728b) (PreviewImporter) -> (artifact id: '1760fb3d65f1af9779777710ecaa140b') in 0.0237602 seconds
Number of updated asset objects reloaded before import = 0Number of asset objects unloaded after import = 3

========================================================================
Received Import Request.
  Time since last request: 0.000029 seconds.
  path: Assets/Tilesets/temple/TX Tileset Grass_226.asset
  artifactKey: Guid(9d9f57f342b44fc49b536361c03ad418) Importer(815301076,1909f56bfc062723c751e8b465ee728b)
Start importing Assets/Tilesets/temple/TX Tileset Grass_226.asset using Guid(9d9f57f342b44fc49b536361c03ad418) Importer(815301076,1909f56bfc062723c751e8b465ee728b) (PreviewImporter) -> (artifact id: '235d3df3a909756393782e4bfe190da6') in 0.0237589 seconds
Number of updated asset objects reloaded before import = 0Number of asset objects unloaded after import = 3

========================================================================
Received Import Request.
  Time since last request: 0.000060 seconds.
  path: Assets/Tilesets/temple/TX Tileset Grass_211.asset
  artifactKey: Guid(a3e4c929e9b9f8247a254f956424e551) Importer(815301076,1909f56bfc062723c751e8b465ee728b)
Start importing Assets/Tilesets/temple/TX Tileset Grass_211.asset using Guid(a3e4c929e9b9f8247a254f956424e551) Importer(815301076,1909f56bfc062723c751e8b465ee728b) (PreviewImporter) -> (artifact id: 'd33ba48718a4d81033be55ab8d7fade6') in 0.0361664 seconds
Number of updated asset objects reloaded before import = 0Number of asset objects unloaded after import = 3

========================================================================
Received Import Request.
  Time since last request: 0.000029 seconds.
  path: Assets/Tilesets/temple/TX Tileset Grass_217.asset
  artifactKey: Guid(4355504d615c3424496ea1392575a6c0) Importer(815301076,1909f56bfc062723c751e8b465ee728b)
Start importing Assets/Tilesets/temple/TX Tileset Grass_217.asset using Guid(4355504d615c3424496ea1392575a6c0) Importer(815301076,1909f56bfc062723c751e8b465ee728b) (PreviewImporter) -> (artifact id: 'b21cb7e2b6568307c1069aaefdd6ca0d') in 0.0586511 seconds
Number of updated asset objects reloaded before import = 0Number of asset objects unloaded after import = 3

========================================================================
Received Import Request.
  Time since last request: 0.000039 seconds.
  path: Assets/Tilesets/temple/TX Tileset Grass_254.asset
  artifactKey: Guid(da3ff62462546c5418fb866153326eb1) Importer(815301076,1909f56bfc062723c751e8b465ee728b)
Start importing Assets/Tilesets/temple/TX Tileset Grass_254.asset using Guid(da3ff62462546c5418fb866153326eb1) Importer(815301076,1909f56bfc062723c751e8b465ee728b) (PreviewImporter) -> (artifact id: 'dbe4e153699652ede26c58635cd15a60') in 0.0446337 seconds
Number of updated asset objects reloaded before import = 0Number of asset objects unloaded after import = 3

========================================================================
Received Import Request.
  Time since last request: 0.000806 seconds.
  path: Assets/Tilesets/temple/TX Tileset Grass_239.asset
  artifactKey: Guid(f64ffb3fbdf326f4789f68f1a48e40ea) Importer(815301076,1909f56bfc062723c751e8b465ee728b)
Start importing Assets/Tilesets/temple/TX Tileset Grass_239.asset using Guid(f64ffb3fbdf326f4789f68f1a48e40ea) Importer(815301076,1909f56bfc062723c751e8b465ee728b) (PreviewImporter) -> (artifact id: 'd1bd368e58e817ee87c09c86fe7d05d5') in 0.0297552 seconds
Number of updated asset objects reloaded before import = 0Number of asset objects unloaded after import = 3

========================================================================
Received Import Request.
  Time since last request: 0.000033 seconds.
  path: Assets/Tilesets/temple/TX Tileset Grass_216.asset
  artifactKey: Guid(15a1e12c72c8c5942a7b592d21eb22a2) Importer(815301076,1909f56bfc062723c751e8b465ee728b)
Start importing Assets/Tilesets/temple/TX Tileset Grass_216.asset using Guid(15a1e12c72c8c5942a7b592d21eb22a2) Importer(815301076,1909f56bfc062723c751e8b465ee728b) (PreviewImporter) -> (artifact id: 'e7b24e1a629882fa6fe696ff2ebc4b10') in 0.0401491 seconds
Number of updated asset objects reloaded before import = 0Number of asset objects unloaded after import = 3

========================================================================
Received Import Request.
  Time since last request: 0.000654 seconds.
  path: Assets/Tilesets/temple/TX Tileset Grass_222.asset
  artifactKey: Guid(62274ac98579bf34fad71bb8fa7fde60) Importer(815301076,1909f56bfc062723c751e8b465ee728b)
Start importing Assets/Tilesets/temple/TX Tileset Grass_222.asset using Guid(62274ac98579bf34fad71bb8fa7fde60) Importer(815301076,1909f56bfc062723c751e8b465ee728b) (PreviewImporter) -> (artifact id: '9b900ba3243a05c6f335b31dd9f55476') in 0.01885 seconds
Number of updated asset objects reloaded before import = 0Number of asset objects unloaded after import = 3

========================================================================
Received Import Request.
  Time since last request: 0.000032 seconds.
  path: Assets/Tilesets/temple/TX Tileset Grass_209.asset
  artifactKey: Guid(edf536230a0020f49a49792912f18d5c) Importer(815301076,1909f56bfc062723c751e8b465ee728b)
Start importing Assets/Tilesets/temple/TX Tileset Grass_209.asset using Guid(edf536230a0020f49a49792912f18d5c) Importer(815301076,1909f56bfc062723c751e8b465ee728b) (PreviewImporter) -> (artifact id: 'a8dc957a6aca194e15cee3ccfcba0fe4') in 0.1473803 seconds
Number of updated asset objects reloaded before import = 0Number of asset objects unloaded after import = 3

========================================================================
Received Import Request.
  Time since last request: 0.000031 seconds.
  path: Assets/Tilesets/temple/TX Tileset Grass_252.asset
  artifactKey: Guid(e0661eb1d4894254c834cd99756e8cc1) Importer(815301076,1909f56bfc062723c751e8b465ee728b)
Start importing Assets/Tilesets/temple/TX Tileset Grass_252.asset using Guid(e0661eb1d4894254c834cd99756e8cc1) Importer(815301076,1909f56bfc062723c751e8b465ee728b) (PreviewImporter) -> (artifact id: '38481b21fec5cfdc82218b45964c1793') in 0.0249705 seconds
Number of updated asset objects reloaded before import = 0Number of asset objects unloaded after import = 3

========================================================================
Received Import Request.
  Time since last request: 0.000055 seconds.
  path: Assets/Tilesets/temple/TX Tileset Grass_199.asset
  artifactKey: Guid(58716295d35a02f4cb8b76ae0ee1e508) Importer(815301076,1909f56bfc062723c751e8b465ee728b)
Start importing Assets/Tilesets/temple/TX Tileset Grass_199.asset using Guid(58716295d35a02f4cb8b76ae0ee1e508) Importer(815301076,1909f56bfc062723c751e8b465ee728b) (PreviewImporter) -> (artifact id: '632362890101ceaebc44af34b26ca22c') in 0.0228736 seconds
Number of updated asset objects reloaded before import = 0Number of asset objects unloaded after import = 3

========================================================================
Received Import Request.
  Time since last request: 0.000021 seconds.
  path: Assets/Tilesets/temple/TX Tileset Grass_228.asset
  artifactKey: Guid(25cf14439961c6047a84188366c7b236) Importer(815301076,1909f56bfc062723c751e8b465ee728b)
Start importing Assets/Tilesets/temple/TX Tileset Grass_228.asset using Guid(25cf14439961c6047a84188366c7b236) Importer(815301076,1909f56bfc062723c751e8b465ee728b) (PreviewImporter) -> (artifact id: '82cb58db6e404e793aa231311248958b') in 0.0363673 seconds
Number of updated asset objects reloaded before import = 0Number of asset objects unloaded after import = 3

========================================================================
Received Import Request.
  Time since last request: 0.000030 seconds.
  path: Assets/Tilesets/temple/TX Tileset Grass_212.asset
  artifactKey: Guid(430e9a41fa904934e841e3f6ad5c1f5a) Importer(815301076,1909f56bfc062723c751e8b465ee728b)
Start importing Assets/Tilesets/temple/TX Tileset Grass_212.asset using Guid(430e9a41fa904934e841e3f6ad5c1f5a) Importer(815301076,1909f56bfc062723c751e8b465ee728b) (PreviewImporter) -> (artifact id: '49caee697158e41311fd36adfa06733c') in 0.0240715 seconds
Number of updated asset objects reloaded before import = 0Number of asset objects unloaded after import = 3

========================================================================
Received Import Request.
  Time since last request: 0.000023 seconds.
  path: Assets/Tilesets/temple/TX Tileset Grass_233.asset
  artifactKey: Guid(16a3c6c2216f0e747adacdd1cb511647) Importer(815301076,1909f56bfc062723c751e8b465ee728b)
Start importing Assets/Tilesets/temple/TX Tileset Grass_233.asset using Guid(16a3c6c2216f0e747adacdd1cb511647) Importer(815301076,1909f56bfc062723c751e8b465ee728b) (PreviewImporter) -> (artifact id: '86425be60c7495f4763091c4e64ae26a') in 0.0483679 seconds
Number of updated asset objects reloaded before import = 0Number of asset objects unloaded after import = 3

========================================================================
Received Import Request.
  Time since last request: 0.000031 seconds.
  path: Assets/Tilesets/temple/TX Tileset Grass_33.asset
  artifactKey: Guid(0edbc78a64000ea48993f9afa4624688) Importer(815301076,1909f56bfc062723c751e8b465ee728b)
Start importing Assets/Tilesets/temple/TX Tileset Grass_33.asset using Guid(0edbc78a64000ea48993f9afa4624688) Importer(815301076,1909f56bfc062723c751e8b465ee728b) (PreviewImporter) -> (artifact id: '6b2cf50d25164771bae61f1d3216c18d') in 0.0620642 seconds
Number of updated asset objects reloaded before import = 0Number of asset objects unloaded after import = 3

========================================================================
Received Import Request.
  Time since last request: 0.000039 seconds.
  path: Assets/Tilesets/temple/TX Tileset Grass_93.asset
  artifactKey: Guid(685d254d95414b242af2722f840f482b) Importer(815301076,1909f56bfc062723c751e8b465ee728b)
Start importing Assets/Tilesets/temple/TX Tileset Grass_93.asset using Guid(685d254d95414b242af2722f840f482b) Importer(815301076,1909f56bfc062723c751e8b465ee728b) (PreviewImporter) -> (artifact id: '1f881a2fde4a1d3a8c52fa9b48a5a993') in 0.0230932 seconds
Number of updated asset objects reloaded before import = 0Number of asset objects unloaded after import = 3

========================================================================
Received Import Request.
  Time since last request: 0.000133 seconds.
  path: Assets/Tilesets/temple/TX Tileset Grass_45.asset
  artifactKey: Guid(2485598c3fd5dbb48b40e7d4c6cf1b2e) Importer(815301076,1909f56bfc062723c751e8b465ee728b)
Start importing Assets/Tilesets/temple/TX Tileset Grass_45.asset using Guid(2485598c3fd5dbb48b40e7d4c6cf1b2e) Importer(815301076,1909f56bfc062723c751e8b465ee728b) (PreviewImporter) -> (artifact id: 'acba2d7c63b8fc7a1ac81f185df3fcda') in 0.053571 seconds
Number of updated asset objects reloaded before import = 0Number of asset objects unloaded after import = 3

========================================================================
Received Import Request.
  Time since last request: 0.000032 seconds.
  path: Assets/Tilesets/temple/TX Tileset Grass_176.asset
  artifactKey: Guid(59f4ce57358328e4bbcc3b83dc02c12e) Importer(815301076,1909f56bfc062723c751e8b465ee728b)
Start importing Assets/Tilesets/temple/TX Tileset Grass_176.asset using Guid(59f4ce57358328e4bbcc3b83dc02c12e) Importer(815301076,1909f56bfc062723c751e8b465ee728b) (PreviewImporter) -> (artifact id: 'e3138760b5bf1ea62fc927ef5cda2dc9') in 0.0582734 seconds
Number of updated asset objects reloaded before import = 0Number of asset objects unloaded after import = 3

========================================================================
Received Import Request.
  Time since last request: 0.000030 seconds.
  path: Assets/Tilesets/temple/TX Tileset Grass_120.asset
  artifactKey: Guid(eab0537694ac6874f8e94164e95d6eaf) Importer(815301076,1909f56bfc062723c751e8b465ee728b)
Start importing Assets/Tilesets/temple/TX Tileset Grass_120.asset using Guid(eab0537694ac6874f8e94164e95d6eaf) Importer(815301076,1909f56bfc062723c751e8b465ee728b) (PreviewImporter) -> (artifact id: '265ada8b512359cd871d43f952b86c47') in 0.0586723 seconds
Number of updated asset objects reloaded before import = 0Number of asset objects unloaded after import = 3

========================================================================
Received Import Request.
  Time since last request: 0.000025 seconds.
  path: Assets/Tilesets/temple/TX Tileset Grass_197.asset
  artifactKey: Guid(1c4cdac7cfeb88d4284ac28482b1556f) Importer(815301076,1909f56bfc062723c751e8b465ee728b)
Start importing Assets/Tilesets/temple/TX Tileset Grass_197.asset using Guid(1c4cdac7cfeb88d4284ac28482b1556f) Importer(815301076,1909f56bfc062723c751e8b465ee728b) (PreviewImporter) -> (artifact id: 'f00c23578e6dc4eca0e0ae89b711d646') in 0.0629891 seconds
Number of updated asset objects reloaded before import = 0Number of asset objects unloaded after import = 3

========================================================================
Received Import Request.
  Time since last request: 28.489604 seconds.
  path: Assets/Tilesets/temple/tiles ground/TX Tileset Grass_85.asset
  artifactKey: Guid(a4945f4025c672b4ba1f40280b1e6324) Importer(2089858483,192608db42251d675da83286b1cce702)
Start importing Assets/Tilesets/temple/tiles ground/TX Tileset Grass_85.asset using Guid(a4945f4025c672b4ba1f40280b1e6324) Importer(2089858483,192608db42251d675da83286b1cce702) (ScriptedImporter) -> (artifact id: 'a6bf0b1693d9ebcd116889f2a35cfa21') in 0.3722057 seconds
Number of updated asset objects reloaded before import = 0Number of asset objects unloaded after import = 2

========================================================================
Received Import Request.
  Time since last request: 0.000064 seconds.
  path: Assets/Tilesets/temple/tiles ground/TX Tileset Grass_170.asset
  artifactKey: Guid(d2898453dbb060144b6c0b29b93da868) Importer(2089858483,192608db42251d675da83286b1cce702)
Start importing Assets/Tilesets/temple/tiles ground/TX Tileset Grass_170.asset using Guid(d2898453dbb060144b6c0b29b93da868) Importer(2089858483,192608db42251d675da83286b1cce702) (ScriptedImporter) -> (artifact id: '4c6518c3fc4715d3133d2e2618966051') in 0.0415691 seconds
Number of updated asset objects reloaded before import = 0Number of asset objects unloaded after import = 2

========================================================================
Received Import Request.
  Time since last request: 0.000088 seconds.
  path: Assets/Tilesets/temple/tiles ground/TX Tileset Grass_181.asset
  artifactKey: Guid(ad008f6652e949a49adf2473283db59c) Importer(2089858483,192608db42251d675da83286b1cce702)
Start importing Assets/Tilesets/temple/tiles ground/TX Tileset Grass_181.asset using Guid(ad008f6652e949a49adf2473283db59c) Importer(2089858483,192608db42251d675da83286b1cce702) (ScriptedImporter) -> (artifact id: 'ca1454186b5a9917a2ce28de51c218be') in 0.0302869 seconds
Number of updated asset objects reloaded before import = 0Number of asset objects unloaded after import = 2

========================================================================
Received Import Request.
  Time since last request: 0.000043 seconds.
  path: Assets/Tilesets/temple/tiles ground/TX Tileset Grass_103.asset
  artifactKey: Guid(e6729f6118305e5408eb3bdb477aa58a) Importer(2089858483,192608db42251d675da83286b1cce702)
Start importing Assets/Tilesets/temple/tiles ground/TX Tileset Grass_103.asset using Guid(e6729f6118305e5408eb3bdb477aa58a) Importer(2089858483,192608db42251d675da83286b1cce702) (ScriptedImporter) -> (artifact id: 'b2cc7326940d29bc3901f4547dd8cb09') in 0.0296403 seconds
Number of updated asset objects reloaded before import = 0Number of asset objects unloaded after import = 2

========================================================================
Received Import Request.
  Time since last request: 0.000065 seconds.
  path: Assets/Tilesets/temple/tiles ground/TX Tileset Grass_182.asset
  artifactKey: Guid(dd305564c412dbf44b10b2dac300f611) Importer(2089858483,192608db42251d675da83286b1cce702)
Start importing Assets/Tilesets/temple/tiles ground/TX Tileset Grass_182.asset using Guid(dd305564c412dbf44b10b2dac300f611) Importer(2089858483,192608db42251d675da83286b1cce702) (ScriptedImporter) -> (artifact id: '524ad2bd601d93e9a5e29256f4e4cc3f') in 0.0378238 seconds
Number of updated asset objects reloaded before import = 0Number of asset objects unloaded after import = 2

========================================================================
Received Import Request.
  Time since last request: 0.000039 seconds.
  path: Assets/Tilesets/temple/tiles ground/TX Tileset Grass_48.asset
  artifactKey: Guid(d7ee56e3cd519434c89e9bafac6cc65a) Importer(2089858483,192608db42251d675da83286b1cce702)
Start importing Assets/Tilesets/temple/tiles ground/TX Tileset Grass_48.asset using Guid(d7ee56e3cd519434c89e9bafac6cc65a) Importer(2089858483,192608db42251d675da83286b1cce702) (ScriptedImporter) -> (artifact id: '93b45b988ab4e293896408bcaccbbf3b') in 0.0330684 seconds
Number of updated asset objects reloaded before import = 0Number of asset objects unloaded after import = 2

========================================================================
Received Import Request.
  Time since last request: 0.000031 seconds.
  path: Assets/Tilesets/temple/tiles ground/TX Tileset Grass_208.asset
  artifactKey: Guid(0bcab6b8b7491e543aed88d5b8917e6c) Importer(2089858483,192608db42251d675da83286b1cce702)
Start importing Assets/Tilesets/temple/tiles ground/TX Tileset Grass_208.asset using Guid(0bcab6b8b7491e543aed88d5b8917e6c) Importer(2089858483,192608db42251d675da83286b1cce702) (ScriptedImporter) -> (artifact id: 'b1db338dafa93ab9fcc3bb42522b5be9') in 0.0332846 seconds
Number of updated asset objects reloaded before import = 0Number of asset objects unloaded after import = 2

========================================================================
Received Import Request.
  Time since last request: 0.000041 seconds.
  path: Assets/Tilesets/temple/tiles ground/TX Tileset Grass_26.asset
  artifactKey: Guid(ee83530a72a423e42bcb3c7958a35c33) Importer(2089858483,192608db42251d675da83286b1cce702)
Start importing Assets/Tilesets/temple/tiles ground/TX Tileset Grass_26.asset using Guid(ee83530a72a423e42bcb3c7958a35c33) Importer(2089858483,192608db42251d675da83286b1cce702) (ScriptedImporter) -> (artifact id: 'e543b7a4209eb4740d72e0e510d78f84') in 0.0368397 seconds
Number of updated asset objects reloaded before import = 0Number of asset objects unloaded after import = 2

========================================================================
Received Import Request.
  Time since last request: 0.000048 seconds.
  path: Assets/Tilesets/temple/tiles ground/TX Tileset Grass_79.asset
  artifactKey: Guid(1fdba7e98094bfe4f9cc24ada3a18ffb) Importer(2089858483,192608db42251d675da83286b1cce702)
Start importing Assets/Tilesets/temple/tiles ground/TX Tileset Grass_79.asset using Guid(1fdba7e98094bfe4f9cc24ada3a18ffb) Importer(2089858483,192608db42251d675da83286b1cce702) (ScriptedImporter) -> (artifact id: 'e771b9589eacc843efaf4e4ab9e9fd97') in 0.0277004 seconds
Number of updated asset objects reloaded before import = 0Number of asset objects unloaded after import = 2

========================================================================
Received Import Request.
  Time since last request: 0.000032 seconds.
  path: Assets/Tilesets/temple/tiles ground/TX Tileset Grass_127.asset
  artifactKey: Guid(af2f0ae7d9acc314fb8135b98febc878) Importer(2089858483,192608db42251d675da83286b1cce702)
Start importing Assets/Tilesets/temple/tiles ground/TX Tileset Grass_127.asset using Guid(af2f0ae7d9acc314fb8135b98febc878) Importer(2089858483,192608db42251d675da83286b1cce702) (ScriptedImporter) -> (artifact id: 'f4deb9edba19bae9fa322353ea53702d') in 0.0311481 seconds
Number of updated asset objects reloaded before import = 0Number of asset objects unloaded after import = 2

========================================================================
Received Import Request.
  Time since last request: 0.000078 seconds.
  path: Assets/Tilesets/temple/tiles ground/TX Tileset Grass_178.asset
  artifactKey: Guid(302ba0e2c10f5994a8afc02d2fea4105) Importer(2089858483,192608db42251d675da83286b1cce702)
Start importing Assets/Tilesets/temple/tiles ground/TX Tileset Grass_178.asset using Guid(302ba0e2c10f5994a8afc02d2fea4105) Importer(2089858483,192608db42251d675da83286b1cce702) (ScriptedImporter) -> (artifact id: 'a124bdc3742bd2ccfe32fc76ad29ec3c') in 0.0270544 seconds
Number of updated asset objects reloaded before import = 0Number of asset objects unloaded after import = 2

========================================================================
Received Import Request.
  Time since last request: 0.000029 seconds.
  path: Assets/Tilesets/temple/tiles ground/TX Tileset Grass_247.asset
  artifactKey: Guid(09193e02e2f5f1049a5559c32423b3df) Importer(2089858483,192608db42251d675da83286b1cce702)
Start importing Assets/Tilesets/temple/tiles ground/TX Tileset Grass_247.asset using Guid(09193e02e2f5f1049a5559c32423b3df) Importer(2089858483,192608db42251d675da83286b1cce702) (ScriptedImporter) -> (artifact id: '3d18dab771cd3024622eca5e1eeeaa78') in 0.0265945 seconds
Number of updated asset objects reloaded before import = 0Number of asset objects unloaded after import = 2

========================================================================
Received Import Request.
  Time since last request: 0.000045 seconds.
  path: Assets/Tilesets/temple/tiles ground/TX Tileset Grass_184.asset
  artifactKey: Guid(ffe705e9132f29848b8f169a0823add1) Importer(2089858483,192608db42251d675da83286b1cce702)
Start importing Assets/Tilesets/temple/tiles ground/TX Tileset Grass_184.asset using Guid(ffe705e9132f29848b8f169a0823add1) Importer(2089858483,192608db42251d675da83286b1cce702) (ScriptedImporter) -> (artifact id: '3ef7808d27b839163d31fb71c6ef4c18') in 0.0359925 seconds
Number of updated asset objects reloaded before import = 0Number of asset objects unloaded after import = 2

========================================================================
Received Import Request.
  Time since last request: 0.000058 seconds.
  path: Assets/Tilesets/temple/tiles ground/TX Tileset Grass_61.asset
  artifactKey: Guid(74f699c2349b7ca43a8e0708e970c9f3) Importer(2089858483,192608db42251d675da83286b1cce702)
Start importing Assets/Tilesets/temple/tiles ground/TX Tileset Grass_61.asset using Guid(74f699c2349b7ca43a8e0708e970c9f3) Importer(2089858483,192608db42251d675da83286b1cce702) (ScriptedImporter) -> (artifact id: 'c458026488d87ab55d1fcae7a84282ec') in 0.0266151 seconds
Number of updated asset objects reloaded before import = 0Number of asset objects unloaded after import = 2

========================================================================
Received Import Request.
  Time since last request: 0.000029 seconds.
  path: Assets/Tilesets/temple/tiles ground/TX Tileset Grass_29.asset
  artifactKey: Guid(14e73427d92052d4db7e9129488b6d03) Importer(2089858483,192608db42251d675da83286b1cce702)
Start importing Assets/Tilesets/temple/tiles ground/TX Tileset Grass_29.asset using Guid(14e73427d92052d4db7e9129488b6d03) Importer(2089858483,192608db42251d675da83286b1cce702) (ScriptedImporter) -> (artifact id: '09fa55c577290a9082b9d1cb86d5c744') in 0.0365694 seconds
Number of updated asset objects reloaded before import = 0Number of asset objects unloaded after import = 2

========================================================================
Received Import Request.
  Time since last request: 0.000044 seconds.
  path: Assets/Tilesets/temple/tiles ground/TX Tileset Grass_141.asset
  artifactKey: Guid(3aa7e274eb7d32e4ead9ea96ea637062) Importer(2089858483,192608db42251d675da83286b1cce702)
Start importing Assets/Tilesets/temple/tiles ground/TX Tileset Grass_141.asset using Guid(3aa7e274eb7d32e4ead9ea96ea637062) Importer(2089858483,192608db42251d675da83286b1cce702) (ScriptedImporter) -> (artifact id: 'c0d643a749f4818627f3995d550151e4') in 0.0369775 seconds
Number of updated asset objects reloaded before import = 0Number of asset objects unloaded after import = 2

========================================================================
Received Import Request.
  Time since last request: 0.000031 seconds.
  path: Assets/Tilesets/temple/tiles ground/TX Tileset Grass_70.asset
  artifactKey: Guid(dd816422ffb31b04b90c8977baa34846) Importer(2089858483,192608db42251d675da83286b1cce702)
Start importing Assets/Tilesets/temple/tiles ground/TX Tileset Grass_70.asset using Guid(dd816422ffb31b04b90c8977baa34846) Importer(2089858483,192608db42251d675da83286b1cce702) (ScriptedImporter) -> (artifact id: '7857b16bed3140277be42df517f7bebe') in 0.0304363 seconds
Number of updated asset objects reloaded before import = 0Number of asset objects unloaded after import = 2

========================================================================
Received Import Request.
  Time since last request: 0.000038 seconds.
  path: Assets/Tilesets/temple/tiles ground/TX Tileset Grass_131.asset
  artifactKey: Guid(576c1265705149d4db73fc9d871c2bf6) Importer(2089858483,192608db42251d675da83286b1cce702)
Start importing Assets/Tilesets/temple/tiles ground/TX Tileset Grass_131.asset using Guid(576c1265705149d4db73fc9d871c2bf6) Importer(2089858483,192608db42251d675da83286b1cce702) (ScriptedImporter) -> (artifact id: '96026f29519f675ac8170eb78707c13b') in 0.030709 seconds
Number of updated asset objects reloaded before import = 0Number of asset objects unloaded after import = 2

========================================================================
Received Import Request.
  Time since last request: 0.000074 seconds.
  path: Assets/Tilesets/temple/tiles ground/TX Tileset Grass_135.asset
  artifactKey: Guid(0ece2dd90faa4fc4c88e048d7afcc143) Importer(2089858483,192608db42251d675da83286b1cce702)
Start importing Assets/Tilesets/temple/tiles ground/TX Tileset Grass_135.asset using Guid(0ece2dd90faa4fc4c88e048d7afcc143) Importer(2089858483,192608db42251d675da83286b1cce702) (ScriptedImporter) -> (artifact id: '50fbadf0ec1880af61b115b0dfd32a77') in 0.0280974 seconds
Number of updated asset objects reloaded before import = 0Number of asset objects unloaded after import = 2

========================================================================
Received Import Request.
  Time since last request: 0.000031 seconds.
  path: Assets/Tilesets/temple/tiles ground/TX Tileset Grass_115.asset
  artifactKey: Guid(c6409c5213dae8b4ab7600717f550072) Importer(2089858483,192608db42251d675da83286b1cce702)
Start importing Assets/Tilesets/temple/tiles ground/TX Tileset Grass_115.asset using Guid(c6409c5213dae8b4ab7600717f550072) Importer(2089858483,192608db42251d675da83286b1cce702) (ScriptedImporter) -> (artifact id: '8f648d1b9928d18b08d88d89c523d405') in 0.0340467 seconds
Number of updated asset objects reloaded before import = 0Number of asset objects unloaded after import = 2

========================================================================
Received Import Request.
  Time since last request: 0.000100 seconds.
  path: Assets/Tilesets/temple/tiles ground/TX Tileset Grass_112.asset
  artifactKey: Guid(7653f4b963e01f44db17f02d5b9a0617) Importer(2089858483,192608db42251d675da83286b1cce702)
Start importing Assets/Tilesets/temple/tiles ground/TX Tileset Grass_112.asset using Guid(7653f4b963e01f44db17f02d5b9a0617) Importer(2089858483,192608db42251d675da83286b1cce702) (ScriptedImporter) -> (artifact id: 'fe6da2f522e173e8d1d11efc9ce5195e') in 0.0406075 seconds
Number of updated asset objects reloaded before import = 0Number of asset objects unloaded after import = 2

========================================================================
Received Import Request.
  Time since last request: 0.000548 seconds.
  path: Assets/Tilesets/temple/tiles ground/TX Tileset Grass_8.asset
  artifactKey: Guid(6c510b1aec5c5534f8587f3c874392e8) Importer(2089858483,192608db42251d675da83286b1cce702)
Start importing Assets/Tilesets/temple/tiles ground/TX Tileset Grass_8.asset using Guid(6c510b1aec5c5534f8587f3c874392e8) Importer(2089858483,192608db42251d675da83286b1cce702) (ScriptedImporter) -> (artifact id: '3013dc6338295bb1ce4530937874576c') in 0.0352714 seconds
Number of updated asset objects reloaded before import = 0Number of asset objects unloaded after import = 2

========================================================================
Received Import Request.
  Time since last request: 0.000044 seconds.
  path: Assets/Tilesets/temple/tiles ground/TX Tileset Grass_75.asset
  artifactKey: Guid(7a07b5cc3dec68047a0146d58c2f484a) Importer(2089858483,192608db42251d675da83286b1cce702)
Start importing Assets/Tilesets/temple/tiles ground/TX Tileset Grass_75.asset using Guid(7a07b5cc3dec68047a0146d58c2f484a) Importer(2089858483,192608db42251d675da83286b1cce702) (ScriptedImporter) -> (artifact id: '98447a9d119ac8099f23fd26d2a30ee6') in 0.0336457 seconds
Number of updated asset objects reloaded before import = 0Number of asset objects unloaded after import = 2

========================================================================
Received Import Request.
  Time since last request: 0.000029 seconds.
  path: Assets/Tilesets/temple/tiles ground/TX Tileset Grass_177.asset
  artifactKey: Guid(4fea7adcc3cb7d94eb6508a90f6f3f4a) Importer(2089858483,192608db42251d675da83286b1cce702)
Start importing Assets/Tilesets/temple/tiles ground/TX Tileset Grass_177.asset using Guid(4fea7adcc3cb7d94eb6508a90f6f3f4a) Importer(2089858483,192608db42251d675da83286b1cce702) (ScriptedImporter) -> (artifact id: '2e8f9ccaad2cac357b15b6025a104d5c') in 0.0283094 seconds
Number of updated asset objects reloaded before import = 0Number of asset objects unloaded after import = 2

========================================================================
Received Import Request.
  Time since last request: 0.000132 seconds.
  path: Assets/Tilesets/temple/tiles ground/TX Tileset Grass_33.asset
  artifactKey: Guid(0edbc78a64000ea48993f9afa4624688) Importer(2089858483,192608db42251d675da83286b1cce702)
Start importing Assets/Tilesets/temple/tiles ground/TX Tileset Grass_33.asset using Guid(0edbc78a64000ea48993f9afa4624688) Importer(2089858483,192608db42251d675da83286b1cce702) (ScriptedImporter) -> (artifact id: 'c318a784073ff1a0f1692fcb2bec2ef7') in 0.025856 seconds
Number of updated asset objects reloaded before import = 0Number of asset objects unloaded after import = 2

========================================================================
Received Import Request.
  Time since last request: 0.000049 seconds.
  path: Assets/Tilesets/temple/tiles ground/TX Tileset Grass_165.asset
  artifactKey: Guid(c2bc600b5745f38439a2e103942c114c) Importer(2089858483,192608db42251d675da83286b1cce702)
Start importing Assets/Tilesets/temple/tiles ground/TX Tileset Grass_165.asset using Guid(c2bc600b5745f38439a2e103942c114c) Importer(2089858483,192608db42251d675da83286b1cce702) (ScriptedImporter) -> (artifact id: '6320b360d1747c18e5cdab828a447c71') in 0.0260544 seconds
Number of updated asset objects reloaded before import = 0Number of asset objects unloaded after import = 2

========================================================================
Received Import Request.
  Time since last request: 0.000034 seconds.
  path: Assets/Tilesets/temple/tiles ground/TX Tileset Grass_221.asset
  artifactKey: Guid(75e182acaa6a13e4a9a954156e40daa5) Importer(2089858483,192608db42251d675da83286b1cce702)
Start importing Assets/Tilesets/temple/tiles ground/TX Tileset Grass_221.asset using Guid(75e182acaa6a13e4a9a954156e40daa5) Importer(2089858483,192608db42251d675da83286b1cce702) (ScriptedImporter) -> (artifact id: '17c71cd7f509437f4c0a8c97fcf355b4') in 0.030995 seconds
Number of updated asset objects reloaded before import = 0Number of asset objects unloaded after import = 2

========================================================================
Received Import Request.
  Time since last request: 0.000037 seconds.
  path: Assets/Tilesets/temple/tiles ground/TX Tileset Grass_45.asset
  artifactKey: Guid(2485598c3fd5dbb48b40e7d4c6cf1b2e) Importer(2089858483,192608db42251d675da83286b1cce702)
Start importing Assets/Tilesets/temple/tiles ground/TX Tileset Grass_45.asset using Guid(2485598c3fd5dbb48b40e7d4c6cf1b2e) Importer(2089858483,192608db42251d675da83286b1cce702) (ScriptedImporter) -> (artifact id: '3e36f4f83d412d70ab1349e8e37dc96f') in 0.0330634 seconds
Number of updated asset objects reloaded before import = 0Number of asset objects unloaded after import = 2

========================================================================
Received Import Request.
  Time since last request: 0.000275 seconds.
  path: Assets/Tilesets/temple/tiles ground/TX Tileset Grass_5.asset
  artifactKey: Guid(629ec4fccca405f4292aed8403556659) Importer(2089858483,192608db42251d675da83286b1cce702)
Start importing Assets/Tilesets/temple/tiles ground/TX Tileset Grass_5.asset using Guid(629ec4fccca405f4292aed8403556659) Importer(2089858483,192608db42251d675da83286b1cce702) (ScriptedImporter) -> (artifact id: '656158c253d1c6a0d8780d3b71194394') in 0.0315988 seconds
Number of updated asset objects reloaded before import = 0Number of asset objects unloaded after import = 2

========================================================================
Received Import Request.
  Time since last request: 0.000055 seconds.
  path: Assets/Tilesets/temple/tiles ground/TX Tileset Grass_138.asset
  artifactKey: Guid(e734e77aa153d064f91477c4e69e3695) Importer(2089858483,192608db42251d675da83286b1cce702)
Start importing Assets/Tilesets/temple/tiles ground/TX Tileset Grass_138.asset using Guid(e734e77aa153d064f91477c4e69e3695) Importer(2089858483,192608db42251d675da83286b1cce702) (ScriptedImporter) -> (artifact id: 'f03ced5f95802e5a2d99f94b59bce572') in 0.0301953 seconds
Number of updated asset objects reloaded before import = 0Number of asset objects unloaded after import = 2

========================================================================
Received Import Request.
  Time since last request: 0.000034 seconds.
  path: Assets/Tilesets/temple/tiles ground/TX Tileset Grass_28.asset
  artifactKey: Guid(a6e28bba4c5217b4f865f6c24b75c575) Importer(2089858483,192608db42251d675da83286b1cce702)
Start importing Assets/Tilesets/temple/tiles ground/TX Tileset Grass_28.asset using Guid(a6e28bba4c5217b4f865f6c24b75c575) Importer(2089858483,192608db42251d675da83286b1cce702) (ScriptedImporter) -> (artifact id: '917618e5419111f4f3b639c620cc24a6') in 0.0326446 seconds
Number of updated asset objects reloaded before import = 0Number of asset objects unloaded after import = 2

========================================================================
Received Import Request.
  Time since last request: 0.000255 seconds.
  path: Assets/Tilesets/temple/tiles ground/TX Tileset Grass_74.asset
  artifactKey: Guid(bf1ee92cc52d61846834bc5d8ad53a92) Importer(2089858483,192608db42251d675da83286b1cce702)
Start importing Assets/Tilesets/temple/tiles ground/TX Tileset Grass_74.asset using Guid(bf1ee92cc52d61846834bc5d8ad53a92) Importer(2089858483,192608db42251d675da83286b1cce702) (ScriptedImporter) -> (artifact id: 'cb5aad8b6eaddc8baafb422e05a4e4ef') in 0.0381575 seconds
Number of updated asset objects reloaded before import = 0Number of asset objects unloaded after import = 2

========================================================================
Received Import Request.
  Time since last request: 0.000039 seconds.
  path: Assets/Tilesets/temple/tiles ground/TX Tileset Grass_217.asset
  artifactKey: Guid(4355504d615c3424496ea1392575a6c0) Importer(2089858483,192608db42251d675da83286b1cce702)
Start importing Assets/Tilesets/temple/tiles ground/TX Tileset Grass_217.asset using Guid(4355504d615c3424496ea1392575a6c0) Importer(2089858483,192608db42251d675da83286b1cce702) (ScriptedImporter) -> (artifact id: '8ba22e11db3a370bb8af99d97435cdbc') in 0.0315948 seconds
Number of updated asset objects reloaded before import = 0Number of asset objects unloaded after import = 2

========================================================================
Received Import Request.
  Time since last request: 0.000033 seconds.
  path: Assets/Tilesets/temple/tiles ground/TX Tileset Grass_229.asset
  artifactKey: Guid(feefaf41e927d9b48907172fe9a1782d) Importer(2089858483,192608db42251d675da83286b1cce702)
Start importing Assets/Tilesets/temple/tiles ground/TX Tileset Grass_229.asset using Guid(feefaf41e927d9b48907172fe9a1782d) Importer(2089858483,192608db42251d675da83286b1cce702) (ScriptedImporter) -> (artifact id: '8b07286deffa212bb0dd82cd6af850fe') in 0.0293739 seconds
Number of updated asset objects reloaded before import = 0Number of asset objects unloaded after import = 2

========================================================================
Received Import Request.
  Time since last request: 0.000030 seconds.
  path: Assets/Tilesets/temple/tiles ground/TX Tileset Grass_233.asset
  artifactKey: Guid(16a3c6c2216f0e747adacdd1cb511647) Importer(2089858483,192608db42251d675da83286b1cce702)
Start importing Assets/Tilesets/temple/tiles ground/TX Tileset Grass_233.asset using Guid(16a3c6c2216f0e747adacdd1cb511647) Importer(2089858483,192608db42251d675da83286b1cce702) (ScriptedImporter) -> (artifact id: 'd3bcb9e64a07325b7b557308c813327b') in 0.0376547 seconds
Number of updated asset objects reloaded before import = 0Number of asset objects unloaded after import = 2

========================================================================
Received Import Request.
  Time since last request: 0.000042 seconds.
  path: Assets/Tilesets/temple/tiles ground/TX Tileset Grass_129.asset
  artifactKey: Guid(fc322f0de8cbd204292e9bd52fb1fe53) Importer(2089858483,192608db42251d675da83286b1cce702)
Start importing Assets/Tilesets/temple/tiles ground/TX Tileset Grass_129.asset using Guid(fc322f0de8cbd204292e9bd52fb1fe53) Importer(2089858483,192608db42251d675da83286b1cce702) (ScriptedImporter) -> (artifact id: '1b0fdb3149917c9700c5606e627b54aa') in 0.0326316 seconds
Number of updated asset objects reloaded before import = 0Number of asset objects unloaded after import = 2

========================================================================
Received Import Request.
  Time since last request: 0.000057 seconds.
  path: Assets/Tilesets/temple/tiles ground/TX Tileset Grass_167.asset
  artifactKey: Guid(e12209cd4bb29874a8562a1ea953fa29) Importer(2089858483,192608db42251d675da83286b1cce702)
Start importing Assets/Tilesets/temple/tiles ground/TX Tileset Grass_167.asset using Guid(e12209cd4bb29874a8562a1ea953fa29) Importer(2089858483,192608db42251d675da83286b1cce702) (ScriptedImporter) -> (artifact id: '7cd887ed9e043be36499f040529c7efa') in 0.0314625 seconds
Number of updated asset objects reloaded before import = 0Number of asset objects unloaded after import = 2

========================================================================
Received Import Request.
  Time since last request: 0.000058 seconds.
  path: Assets/Tilesets/temple/tiles ground/TX Tileset Grass_174.asset
  artifactKey: Guid(ebd3538eb9cd6f544932551c34b4a482) Importer(2089858483,192608db42251d675da83286b1cce702)
Start importing Assets/Tilesets/temple/tiles ground/TX Tileset Grass_174.asset using Guid(ebd3538eb9cd6f544932551c34b4a482) Importer(2089858483,192608db42251d675da83286b1cce702) (ScriptedImporter) -> (artifact id: '57cd4835f5e44f7ff77da421511f52ca') in 0.0388772 seconds
Number of updated asset objects reloaded before import = 0Number of asset objects unloaded after import = 2

========================================================================
Received Import Request.
  Time since last request: 0.000051 seconds.
  path: Assets/Tilesets/temple/tiles ground/TX Tileset Grass_15.asset
  artifactKey: Guid(cd16e6fd309564643916f0233aba98a9) Importer(2089858483,192608db42251d675da83286b1cce702)
Start importing Assets/Tilesets/temple/tiles ground/TX Tileset Grass_15.asset using Guid(cd16e6fd309564643916f0233aba98a9) Importer(2089858483,192608db42251d675da83286b1cce702) (ScriptedImporter) -> (artifact id: 'bd267530786d3f83affe374cad303eaf') in 0.0391225 seconds
Number of updated asset objects reloaded before import = 0Number of asset objects unloaded after import = 2

========================================================================
Received Import Request.
  Time since last request: 0.000031 seconds.
  path: Assets/Tilesets/temple/tiles ground/TX Tileset Grass_220.asset
  artifactKey: Guid(dab8900ef73ef2e448d12a454b8938cb) Importer(2089858483,192608db42251d675da83286b1cce702)
Start importing Assets/Tilesets/temple/tiles ground/TX Tileset Grass_220.asset using Guid(dab8900ef73ef2e448d12a454b8938cb) Importer(2089858483,192608db42251d675da83286b1cce702) (ScriptedImporter) -> (artifact id: '763d94cb8a8dce8bc5de550b85355d36') in 0.0328683 seconds
Number of updated asset objects reloaded before import = 0Number of asset objects unloaded after import = 2

========================================================================
Received Import Request.
  Time since last request: 0.000556 seconds.
  path: Assets/Tilesets/temple/tiles ground/TX Tileset Grass_130.asset
  artifactKey: Guid(0c35225efd127384c88f18d18cac4c07) Importer(2089858483,192608db42251d675da83286b1cce702)
Start importing Assets/Tilesets/temple/tiles ground/TX Tileset Grass_130.asset using Guid(0c35225efd127384c88f18d18cac4c07) Importer(2089858483,192608db42251d675da83286b1cce702) (ScriptedImporter) -> (artifact id: '80f2990aaa7e23e7991bca62566b236e') in 0.0412611 seconds
Number of updated asset objects reloaded before import = 0Number of asset objects unloaded after import = 2

========================================================================
Received Import Request.
  Time since last request: 0.000112 seconds.
  path: Assets/Tilesets/temple/tiles ground/TX Tileset Grass_151.asset
  artifactKey: Guid(4a08879fdb914df4eb0f1ef043d87154) Importer(2089858483,192608db42251d675da83286b1cce702)
Start importing Assets/Tilesets/temple/tiles ground/TX Tileset Grass_151.asset using Guid(4a08879fdb914df4eb0f1ef043d87154) Importer(2089858483,192608db42251d675da83286b1cce702) (ScriptedImporter) -> (artifact id: 'ec13227574efb63897015eebd5f8b093') in 0.0422379 seconds
Number of updated asset objects reloaded before import = 0Number of asset objects unloaded after import = 2

========================================================================
Received Import Request.
  Time since last request: 0.000055 seconds.
  path: Assets/Tilesets/temple/tiles ground/TX Tileset Grass_132.asset
  artifactKey: Guid(16c2688d8eb89b74485243deac979053) Importer(2089858483,192608db42251d675da83286b1cce702)
Start importing Assets/Tilesets/temple/tiles ground/TX Tileset Grass_132.asset using Guid(16c2688d8eb89b74485243deac979053) Importer(2089858483,192608db42251d675da83286b1cce702) (ScriptedImporter) -> (artifact id: '81ab2af0f28614a95cd3ad5e3598a0ba') in 0.0347746 seconds
Number of updated asset objects reloaded before import = 0Number of asset objects unloaded after import = 2

========================================================================
Received Import Request.
  Time since last request: 0.000039 seconds.
  path: Assets/Tilesets/temple/tiles ground/TX Tileset Grass_162.asset
  artifactKey: Guid(7b3f728ff71ac5b4c82b1371b50eb6ea) Importer(2089858483,192608db42251d675da83286b1cce702)
Start importing Assets/Tilesets/temple/tiles ground/TX Tileset Grass_162.asset using Guid(7b3f728ff71ac5b4c82b1371b50eb6ea) Importer(2089858483,192608db42251d675da83286b1cce702) (ScriptedImporter) -> (artifact id: '01afaeb9d756d8fb32c502417ee98012') in 0.054303 seconds
Number of updated asset objects reloaded before import = 0Number of asset objects unloaded after import = 2

========================================================================
Received Import Request.
  Time since last request: 0.000050 seconds.
  path: Assets/Tilesets/temple/tiles ground/TX Tileset Grass_201.asset
  artifactKey: Guid(8179b5bd8e388964fa8c94bf6b095feb) Importer(2089858483,192608db42251d675da83286b1cce702)
Start importing Assets/Tilesets/temple/tiles ground/TX Tileset Grass_201.asset using Guid(8179b5bd8e388964fa8c94bf6b095feb) Importer(2089858483,192608db42251d675da83286b1cce702) (ScriptedImporter) -> (artifact id: 'bff5aa12890e1f6cbc158e24499510cf') in 0.0396015 seconds
Number of updated asset objects reloaded before import = 0Number of asset objects unloaded after import = 2

========================================================================
Received Import Request.
  Time since last request: 0.000208 seconds.
  path: Assets/Tilesets/temple/tiles ground/TX Tileset Grass_95.asset
  artifactKey: Guid(22baf6cf887554f42b9f72b70ac525cf) Importer(2089858483,192608db42251d675da83286b1cce702)
Start importing Assets/Tilesets/temple/tiles ground/TX Tileset Grass_95.asset using Guid(22baf6cf887554f42b9f72b70ac525cf) Importer(2089858483,192608db42251d675da83286b1cce702) (ScriptedImporter) -> (artifact id: '8f6d9cbb0809ae81dfda5ae486474dc8') in 0.0320243 seconds
Number of updated asset objects reloaded before import = 0Number of asset objects unloaded after import = 2

========================================================================
Received Import Request.
  Time since last request: 0.000057 seconds.
  path: Assets/Tilesets/temple/tiles ground/TX Tileset Grass_143.asset
  artifactKey: Guid(218f2b9fe59b4df42b7b57e6de790da4) Importer(2089858483,192608db42251d675da83286b1cce702)
Start importing Assets/Tilesets/temple/tiles ground/TX Tileset Grass_143.asset using Guid(218f2b9fe59b4df42b7b57e6de790da4) Importer(2089858483,192608db42251d675da83286b1cce702) (ScriptedImporter) -> (artifact id: '9fbdc9798e1911aed8157081b5f55d14') in 0.0301635 seconds
Number of updated asset objects reloaded before import = 0Number of asset objects unloaded after import = 2

========================================================================
Received Import Request.
  Time since last request: 0.000046 seconds.
  path: Assets/Tilesets/temple/tiles ground/TX Tileset Grass_118.asset
  artifactKey: Guid(e211ea14d7ef7e64d968b0c9ade83392) Importer(2089858483,192608db42251d675da83286b1cce702)
Start importing Assets/Tilesets/temple/tiles ground/TX Tileset Grass_118.asset using Guid(e211ea14d7ef7e64d968b0c9ade83392) Importer(2089858483,192608db42251d675da83286b1cce702) (ScriptedImporter) -> (artifact id: 'beb6ddb352f6b9f6a50799991409a4e1') in 0.035154 seconds
Number of updated asset objects reloaded before import = 0Number of asset objects unloaded after import = 2

========================================================================
Received Import Request.
  Time since last request: 0.000690 seconds.
  path: Assets/Tilesets/temple/tiles ground/TX Tileset Grass_14.asset
  artifactKey: Guid(4616ed46f86eae24996518cea15a24b8) Importer(2089858483,192608db42251d675da83286b1cce702)
Start importing Assets/Tilesets/temple/tiles ground/TX Tileset Grass_14.asset using Guid(4616ed46f86eae24996518cea15a24b8) Importer(2089858483,192608db42251d675da83286b1cce702) (ScriptedImporter) -> (artifact id: '3ca58ad3022ee0d5d9d338037cc5651e') in 0.0558381 seconds
Number of updated asset objects reloaded before import = 0Number of asset objects unloaded after import = 2

========================================================================
Received Import Request.
  Time since last request: 0.000036 seconds.
  path: Assets/Tilesets/temple/tiles ground/TX Tileset Grass_17.asset
  artifactKey: Guid(1a31abae5e1ea2e4a915ec583d915d5d) Importer(2089858483,192608db42251d675da83286b1cce702)
Start importing Assets/Tilesets/temple/tiles ground/TX Tileset Grass_17.asset using Guid(1a31abae5e1ea2e4a915ec583d915d5d) Importer(2089858483,192608db42251d675da83286b1cce702) (ScriptedImporter) -> (artifact id: 'fd45efe7a891861bbbde10cb317f8909') in 0.0354871 seconds
Number of updated asset objects reloaded before import = 0Number of asset objects unloaded after import = 2

========================================================================
Received Import Request.
  Time since last request: 0.000976 seconds.
  path: Assets/Tilesets/temple/tiles ground/TX Tileset Grass_20.asset
  artifactKey: Guid(df1af3c5c2674114d9da2ee6087a034e) Importer(2089858483,192608db42251d675da83286b1cce702)
Start importing Assets/Tilesets/temple/tiles ground/TX Tileset Grass_20.asset using Guid(df1af3c5c2674114d9da2ee6087a034e) Importer(2089858483,192608db42251d675da83286b1cce702) (ScriptedImporter) -> (artifact id: '1458d1436a0088547388bca7d047addf') in 0.0382927 seconds
Number of updated asset objects reloaded before import = 0Number of asset objects unloaded after import = 2

========================================================================
Received Import Request.
  Time since last request: 0.000068 seconds.
  path: Assets/Tilesets/temple/tiles ground/TX Tileset Grass_58.asset
  artifactKey: Guid(0d624fe319397074b8e04b46f5d90334) Importer(2089858483,192608db42251d675da83286b1cce702)
Start importing Assets/Tilesets/temple/tiles ground/TX Tileset Grass_58.asset using Guid(0d624fe319397074b8e04b46f5d90334) Importer(2089858483,192608db42251d675da83286b1cce702) (ScriptedImporter) -> (artifact id: '52fe0269e0408cb0e3217a523d111f19') in 0.0345826 seconds
Number of updated asset objects reloaded before import = 0Number of asset objects unloaded after import = 2

========================================================================
Received Import Request.
  Time since last request: 0.001050 seconds.
  path: Assets/Tilesets/temple/tiles ground/TX Tileset Grass_204.asset
  artifactKey: Guid(d9d19e5a03159574b93a7e13c71bbb1d) Importer(2089858483,192608db42251d675da83286b1cce702)
Start importing Assets/Tilesets/temple/tiles ground/TX Tileset Grass_204.asset using Guid(d9d19e5a03159574b93a7e13c71bbb1d) Importer(2089858483,192608db42251d675da83286b1cce702) (ScriptedImporter) -> (artifact id: '7969451d161987ce89a9be748af9358a') in 0.0339837 seconds
Number of updated asset objects reloaded before import = 0Number of asset objects unloaded after import = 2

========================================================================
Received Import Request.
  Time since last request: 0.000125 seconds.
  path: Assets/Tilesets/temple/tiles ground/TX Tileset Grass_155.asset
  artifactKey: Guid(9167f7aeb998f2c4484e7ae9353228db) Importer(2089858483,192608db42251d675da83286b1cce702)
Start importing Assets/Tilesets/temple/tiles ground/TX Tileset Grass_155.asset using Guid(9167f7aeb998f2c4484e7ae9353228db) Importer(2089858483,192608db42251d675da83286b1cce702) (ScriptedImporter) -> (artifact id: 'dadc4fbc3a705272d0733b22444ff4a1') in 0.0335615 seconds
Number of updated asset objects reloaded before import = 0Number of asset objects unloaded after import = 2

========================================================================
Received Import Request.
  Time since last request: 0.000300 seconds.
  path: Assets/Tilesets/temple/tiles ground/TX Tileset Grass_222.asset
  artifactKey: Guid(62274ac98579bf34fad71bb8fa7fde60) Importer(2089858483,192608db42251d675da83286b1cce702)
Start importing Assets/Tilesets/temple/tiles ground/TX Tileset Grass_222.asset using Guid(62274ac98579bf34fad71bb8fa7fde60) Importer(2089858483,192608db42251d675da83286b1cce702) (ScriptedImporter) -> (artifact id: 'ef738525ab75ec73f12324f714721867') in 0.0280614 seconds
Number of updated asset objects reloaded before import = 0Number of asset objects unloaded after import = 2

========================================================================
Received Import Request.
  Time since last request: 0.000027 seconds.
  path: Assets/Tilesets/temple/tiles ground/TX Tileset Grass_242.asset
  artifactKey: Guid(3d8e9bf229e422542a9666b78893745b) Importer(2089858483,192608db42251d675da83286b1cce702)
Start importing Assets/Tilesets/temple/tiles ground/TX Tileset Grass_242.asset using Guid(3d8e9bf229e422542a9666b78893745b) Importer(2089858483,192608db42251d675da83286b1cce702) (ScriptedImporter) -> (artifact id: 'bc3c083ef2f319d651d5776e9c2c66a3') in 0.0336093 seconds
Number of updated asset objects reloaded before import = 0Number of asset objects unloaded after import = 2

========================================================================
Received Import Request.
  Time since last request: 0.000034 seconds.
  path: Assets/Tilesets/temple/tiles ground/TX Tileset Grass_185.asset
  artifactKey: Guid(e71d6f9a160695c498ab330faebb3d88) Importer(2089858483,192608db42251d675da83286b1cce702)
Start importing Assets/Tilesets/temple/tiles ground/TX Tileset Grass_185.asset using Guid(e71d6f9a160695c498ab330faebb3d88) Importer(2089858483,192608db42251d675da83286b1cce702) (ScriptedImporter) -> (artifact id: '4a7a10e381ac50f4955f44126d5d9651') in 0.026322 seconds
Number of updated asset objects reloaded before import = 0Number of asset objects unloaded after import = 2

Editor requested this worker to shutdown with reason: Scaling down because of idle timeout
AssetImportWorker is now disconnected from the server
Process exiting
Exiting without the bug reporter. Application will terminate with return code 0