[Licensing::Module] Trying to connect to existing licensing client channel...
[Licensing::IpcConnector] Successfully connected to: "LicenseClient-cleme" at "2026-03-18T14:16:47.9388271Z"
Built from '6000.0/staging' branch; Version is '6000.0.65f1 (a18e2220bd50) revision 10587682'; Using compiler version '193933523'; Build Type 'Release'
OS: 'Windows 11  (10.0.26200) 64bit Core' Language: 'fr' Physical Memory: 16163 MB
BatchMode: 1, IsHumanControllingUs: 0, StartBugReporterOnCrash: 0, Is64bit: 1
Date: 2026-03-18T14:16:47Z

COMMAND LINE ARGUMENTS:
C:\Users\cleme\OneDrive\Documents\unity\6000.0.65f1\Editor\Unity.exe
-adb2
-batchMode
-noUpm
-name
AssetImportWorker0
-projectPath
C:/Users/cleme/Documents/unity/zelda like
-logFile
Logs/AssetImportWorker0.log
-srvPort
49694
-job-worker-count
3
-background-job-worker-count
8
-gc-helper-count
1
-name
AssetImport
Successfully changed project path to: C:/Users/cleme/Documents/unity/zelda like
C:/Users/cleme/Documents/unity/zelda like
[UnityMemory] Configuration Parameters - Can be set up in boot.config
    "memorysetup-bucket-allocator-granularity=16"
    "memorysetup-bucket-allocator-bucket-count=8"
    "memorysetup-bucket-allocator-block-size=33554432"
    "memorysetup-bucket-allocator-block-count=8"
    "memorysetup-main-allocator-block-size=16777216"
    "memorysetup-thread-allocator-block-size=16777216"
    "memorysetup-gfx-main-allocator-block-size=16777216"
    "memorysetup-gfx-thread-allocator-block-size=16777216"
    "memorysetup-cache-allocator-block-size=4194304"
    "memorysetup-typetree-allocator-block-size=2097152"
    "memorysetup-profiler-bucket-allocator-granularity=16"
    "memorysetup-profiler-bucket-allocator-bucket-count=8"
    "memorysetup-profiler-bucket-allocator-block-size=33554432"
    "memorysetup-profiler-bucket-allocator-block-count=8"
    "memorysetup-profiler-allocator-block-size=16777216"
    "memorysetup-profiler-editor-allocator-block-size=1048576"
    "memorysetup-temp-allocator-size-main=16777216"
    "memorysetup-job-temp-allocator-block-size=2097152"
    "memorysetup-job-temp-allocator-block-size-background=1048576"
    "memorysetup-job-temp-allocator-reduction-small-platforms=262144"
    "memorysetup-allocator-temp-initial-block-size-main=262144"
    "memorysetup-allocator-temp-initial-block-size-worker=262144"
    "memorysetup-temp-allocator-size-background-worker=32768"
    "memorysetup-temp-allocator-size-job-worker=262144"
    "memorysetup-temp-allocator-size-preload-manager=33554432"
    "memorysetup-temp-allocator-size-nav-mesh-worker=65536"
    "memorysetup-temp-allocator-size-audio-worker=65536"
    "memorysetup-temp-allocator-size-cloud-worker=32768"
    "memorysetup-temp-allocator-size-gi-baking-worker=262144"
    "memorysetup-temp-allocator-size-gi-baking-worker=262144"
    "memorysetup-temp-allocator-size-gi-baking-worker=262144"
    "memorysetup-temp-allocator-size-gi-baking-worker=262144"
    "memorysetup-temp-allocator-size-gi-baking-worker=262144"
    "memorysetup-temp-allocator-size-gfx=262144"
Player connection [19056]  Target information:

Player connection [19056]  * "[IP] 10.240.55.151 [Port] 0 [Flags] 2 [Guid] 3181026802 [EditorId] 3181026802 [Version] 1048832 [Id] WindowsEditor(7,AcerAspire3) [Debug] 1 [PackageName] WindowsEditor [ProjectName] Editor" 

Player connection [19056] Host joined multi-casting on [225.0.0.222:54997]...
Player connection [19056] Host joined alternative multi-casting on [225.0.0.222:34997]...
JobSystem: Creating JobQueue using job-worker-count value 3
Input System module state changed to: Initialized.
[Physics::Module] Initialized fallback backend.
[Physics::Module] Id: 0xdecafbad
Library Redirect Path: Library/
[Physics::Module] Selected backend.
[Physics::Module] Name: PhysX
[Physics::Module] Id: 0xf2b8ea05
[Physics::Module] SDK Version: 4.1.2
[Physics::Module] Integration Version: 1.0.0
[Physics::Module] Threading Mode: Multi-Threaded
Refreshing native plugins compatible for Editor in 0.00 ms, found 0 plugins.
Preloading 0 native plugins for Editor in 0.00 ms.
Initialize engine version: 6000.0.65f1 (a18e2220bd50)
[Subsystems] Discovering subsystems at path C:/Users/cleme/OneDrive/Documents/unity/6000.0.65f1/Editor/Data/Resources/UnitySubsystems
[Subsystems] Discovering subsystems at path C:/Users/cleme/Documents/unity/zelda like/Assets
GfxDevice: creating device client; kGfxThreadingModeNonThreaded
Direct3D:
    Version:  Direct3D 11.0 [level 11.1]
    Renderer: Intel(R) Iris(R) Xe Graphics (ID=0x9a49)
    Vendor:   Intel
    VRAM:     8081 MB
    Driver:   30.0.101.1404
Initialize mono
Mono path[0] = 'C:/Users/cleme/OneDrive/Documents/unity/6000.0.65f1/Editor/Data/Managed'
Mono path[1] = 'C:/Users/cleme/OneDrive/Documents/unity/6000.0.65f1/Editor/Data/MonoBleedingEdge/lib/mono/unityjit-win32'
Mono config path = 'C:/Users/cleme/OneDrive/Documents/unity/6000.0.65f1/Editor/Data/MonoBleedingEdge/etc'
Using monoOptions --debugger-agent=transport=dt_socket,embedding=1,server=y,suspend=n,address=127.0.0.1:56728
Begin MonoManager ReloadAssembly
[Licensing::Client] Handshaking with LicensingClient:
  Version:                 1.17.4+4293ba1
  Session Id:              5d518f02ad2c45f1b1786f7847104089
  Correlation Id:          b49abe4b641931eb838582436526f821
  External correlation Id: 7984656710409247898
  Machine Id:              TKYlbcUYATvSqXUcPGtrgB1i15k=
[Licensing::Module] Successfully connected to LicensingClient on channel: "LicenseClient-cleme" (connect: 0.00s, validation: 0.01s, handshake: 4.62s)
[Licensing::IpcConnector] Successfully connected to: "LicenseClient-cleme-notifications" at "2026-03-18T14:16:52.5628906Z"
[Licensing::Module] Licensing Background thread has ended after 4.63s
Registering precompiled unity dll's ...
Register platform support module: C:/Users/cleme/OneDrive/Documents/unity/6000.0.65f1/Editor/Data/PlaybackEngines/WindowsStandaloneSupport/UnityEditor.WindowsStandalone.Extensions.dll
Registered in 0.010878 seconds.
- Loaded All Assemblies, in  1.281 seconds
Native extension for WindowsStandalone target not found
Mono: successfully reloaded assembly
- Finished resetting the current domain, in  1.122 seconds
Domain Reload Profiling: 2395ms
	BeginReloadAssembly (467ms)
		ExecutionOrderSort (0ms)
		DisableScriptedObjects (0ms)
		BackupInstance (0ms)
		ReleaseScriptingObjects (0ms)
		CreateAndSetChildDomain (2ms)
	RebuildCommonClasses (132ms)
	RebuildNativeTypeToScriptingClass (70ms)
	initialDomainReloadingComplete (189ms)
	LoadAllAssembliesAndSetupDomain (414ms)
		LoadAssemblies (446ms)
		RebuildTransferFunctionScriptingTraits (0ms)
		AnalyzeDomain (406ms)
			TypeCache.Refresh (403ms)
				TypeCache.ScanAssembly (367ms)
			BuildScriptInfoCaches (0ms)
			ResolveRequiredComponents (1ms)
	FinalizeReload (1123ms)
		ReleaseScriptCaches (0ms)
		RebuildScriptCaches (0ms)
		SetupLoadedEditorAssemblies (1036ms)
			LogAssemblyErrors (0ms)
			InitializePlatformSupportModulesInManaged (74ms)
			SetLoadedEditorAssemblies (10ms)
			BeforeProcessingInitializeOnLoad (190ms)
			ProcessInitializeOnLoadAttributes (612ms)
			ProcessInitializeOnLoadMethodAttributes (150ms)
			AfterProcessingInitializeOnLoad (0ms)
			EditorAssembliesLoaded (0ms)
		ExecutionOrderSort2 (0ms)
		AwakeInstancesAfterBackupRestoration (0ms)
========================================================================
Worker process is ready to serve import requests
Import Worker Mode flag is 0x00
Begin MonoManager ReloadAssembly
[Licensing::Client] Successfully resolved entitlement details
[Licensing::Module] License group:
  Id: 20067137549237-UnityPersXXXX
  Product: Unity Personal
  Type: Assigned
  Expiration: Unlimited
- Loaded All Assemblies, in  0.713 seconds
Refreshing native plugins compatible for Editor in 0.00 ms, found 0 plugins.
Native extension for WindowsStandalone target not found
Mono: successfully reloaded assembly
- Finished resetting the current domain, in  1.023 seconds
Domain Reload Profiling: 1729ms
	BeginReloadAssembly (452ms)
		ExecutionOrderSort (0ms)
		DisableScriptedObjects (34ms)
		BackupInstance (0ms)
		ReleaseScriptingObjects (0ms)
		CreateAndSetChildDomain (72ms)
	RebuildCommonClasses (99ms)
	RebuildNativeTypeToScriptingClass (34ms)
	initialDomainReloadingComplete (50ms)
	LoadAllAssembliesAndSetupDomain (70ms)
		LoadAssemblies (245ms)
		RebuildTransferFunctionScriptingTraits (0ms)
		AnalyzeDomain (57ms)
			TypeCache.Refresh (39ms)
				TypeCache.ScanAssembly (29ms)
			BuildScriptInfoCaches (9ms)
			ResolveRequiredComponents (5ms)
	FinalizeReload (1024ms)
		ReleaseScriptCaches (0ms)
		RebuildScriptCaches (0ms)
		SetupLoadedEditorAssemblies (752ms)
			LogAssemblyErrors (0ms)
			InitializePlatformSupportModulesInManaged (6ms)
			SetLoadedEditorAssemblies (7ms)
			BeforeProcessingInitializeOnLoad (249ms)
			ProcessInitializeOnLoadAttributes (399ms)
			ProcessInitializeOnLoadMethodAttributes (73ms)
			AfterProcessingInitializeOnLoad (17ms)
			EditorAssembliesLoaded (0ms)
		ExecutionOrderSort2 (0ms)
		AwakeInstancesAfterBackupRestoration (13ms)
Launched and connected shader compiler UnityShaderCompiler.exe after 0.03 seconds
Refreshing native plugins compatible for Editor in 0.00 ms, found 0 plugins.
Preloading 0 native plugins for Editor in 0.00 ms.
Unloading 0 Unused Serialized files (Serialized files now loaded: 0)
Unloading 597 unused Assets / (131.0 KB). Loaded Objects now: 1097.
Memory consumption went from 57.0 MB to 56.8 MB.
Total: 6.877800 ms (FindLiveObjects: 0.144300 ms CreateObjectMapping: 0.081700 ms MarkObjects: 6.222400 ms  DeleteObjects: 0.427300 ms)

========================================================================
Received Import Request.
  Time since last request: 376086.393275 seconds.
  path: Assets/Tilesets/Tilemap-Zelda-like_10.asset
  artifactKey: Guid(b68c50b68c984b84ca2cdb7e2694f06f) Importer(2089858483,192608db42251d675da83286b1cce702)
Start importing Assets/Tilesets/Tilemap-Zelda-like_10.asset using Guid(b68c50b68c984b84ca2cdb7e2694f06f) Importer(2089858483,192608db42251d675da83286b1cce702) (ScriptedImporter) -> (artifact id: 'bcbd302f977f425a03bd9389de89e2d7') in 0.3418043 seconds
Number of updated asset objects reloaded before import = 0Number of asset objects unloaded after import = 2

========================================================================
Received Import Request.
  Time since last request: 0.000077 seconds.
  path: Assets/Scripts/PlayerBehavior.cs
  artifactKey: Guid(213970bba2917114b9dedaf0d75211f0) Importer(2089858483,192608db42251d675da83286b1cce702)
Start importing Assets/Scripts/PlayerBehavior.cs using Guid(213970bba2917114b9dedaf0d75211f0) Importer(2089858483,192608db42251d675da83286b1cce702) (ScriptedImporter) -> (artifact id: '1867cdec8126c7538b96cdaa9392f1bc') in 0.0462514 seconds
Number of updated asset objects reloaded before import = 0Number of asset objects unloaded after import = 0

========================================================================
Received Import Request.
  Time since last request: 0.000224 seconds.
  path: Assets/Scripts/message.cs
  artifactKey: Guid(dd3917d0a8b23b947ad15f17b65172a0) Importer(2089858483,192608db42251d675da83286b1cce702)
Start importing Assets/Scripts/message.cs using Guid(dd3917d0a8b23b947ad15f17b65172a0) Importer(2089858483,192608db42251d675da83286b1cce702) (ScriptedImporter) -> (artifact id: 'ad9507fd6af4cd601b0f4861e81cedaf') in 0.0244335 seconds
Number of updated asset objects reloaded before import = 0Number of asset objects unloaded after import = 0

========================================================================
Received Import Request.
  Time since last request: 0.000161 seconds.
  path: Assets/Scripts/Enemie.cs
  artifactKey: Guid(e45f988acd1c59f4f8692c96400bdc9e) Importer(2089858483,192608db42251d675da83286b1cce702)
Start importing Assets/Scripts/Enemie.cs using Guid(e45f988acd1c59f4f8692c96400bdc9e) Importer(2089858483,192608db42251d675da83286b1cce702) (ScriptedImporter) -> (artifact id: 'e115237fb5302824d9f4de56bba14ea8') in 0.0372478 seconds
Number of updated asset objects reloaded before import = 0Number of asset objects unloaded after import = 0

========================================================================
Received Import Request.
  Time since last request: 0.000300 seconds.
  path: Assets/Tilesets/Tilemap-Zelda-like_126.asset
  artifactKey: Guid(358b2359655abaa499e5758a4a9b8170) Importer(2089858483,192608db42251d675da83286b1cce702)
Start importing Assets/Tilesets/Tilemap-Zelda-like_126.asset using Guid(358b2359655abaa499e5758a4a9b8170) Importer(2089858483,192608db42251d675da83286b1cce702) (ScriptedImporter) -> (artifact id: '702de3aff5a31ba5556c4ae34d1fc514') in 0.0361505 seconds
Number of updated asset objects reloaded before import = 0Number of asset objects unloaded after import = 2

========================================================================
Received Import Request.
  Time since last request: 0.000043 seconds.
  path: Assets/Tilesets/Tilemap-Zelda-like_138.asset
  artifactKey: Guid(aac6e1ce034e61d4ba145b353f73da97) Importer(2089858483,192608db42251d675da83286b1cce702)
Start importing Assets/Tilesets/Tilemap-Zelda-like_138.asset using Guid(aac6e1ce034e61d4ba145b353f73da97) Importer(2089858483,192608db42251d675da83286b1cce702) (ScriptedImporter) -> (artifact id: '74790d074fbf1df5c345e0bd784a1580') in 0.0403448 seconds
Number of updated asset objects reloaded before import = 0Number of asset objects unloaded after import = 2

========================================================================
Received Import Request.
  Time since last request: 0.000045 seconds.
  path: Assets/Tilesets/Tilemap-Zelda-like_112.asset
  artifactKey: Guid(0d012af4778fd3946af13e48ddc1ba8a) Importer(2089858483,192608db42251d675da83286b1cce702)
Start importing Assets/Tilesets/Tilemap-Zelda-like_112.asset using Guid(0d012af4778fd3946af13e48ddc1ba8a) Importer(2089858483,192608db42251d675da83286b1cce702) (ScriptedImporter) -> (artifact id: '9e11b2bae2b816a9a0d59c07817fa1d3') in 0.0354565 seconds
Number of updated asset objects reloaded before import = 0Number of asset objects unloaded after import = 2

========================================================================
Received Import Request.
  Time since last request: 0.000041 seconds.
  path: Assets/Tilesets/Tilemap-Zelda-like_100.asset
  artifactKey: Guid(625f23d4953e9c145bf1b9aa0c6c7e6e) Importer(2089858483,192608db42251d675da83286b1cce702)
Start importing Assets/Tilesets/Tilemap-Zelda-like_100.asset using Guid(625f23d4953e9c145bf1b9aa0c6c7e6e) Importer(2089858483,192608db42251d675da83286b1cce702) (ScriptedImporter) -> (artifact id: 'df149c015e78d729d1fecef5bebc984e') in 0.0327746 seconds
Number of updated asset objects reloaded before import = 0Number of asset objects unloaded after import = 2

========================================================================
Received Import Request.
  Time since last request: 0.000039 seconds.
  path: Assets/Tilesets/Tilemap-Zelda-like_1.asset
  artifactKey: Guid(ad40906c07bafd44b925ad5db42846a9) Importer(2089858483,192608db42251d675da83286b1cce702)
Start importing Assets/Tilesets/Tilemap-Zelda-like_1.asset using Guid(ad40906c07bafd44b925ad5db42846a9) Importer(2089858483,192608db42251d675da83286b1cce702) (ScriptedImporter) -> (artifact id: '4e96d15f70ea4c2203b7401858b0e261') in 0.0312349 seconds
Number of updated asset objects reloaded before import = 0Number of asset objects unloaded after import = 2

========================================================================
Received Import Request.
  Time since last request: 0.000109 seconds.
  path: Assets/Palettes/Water.prefab
  artifactKey: Guid(aa1c284c66a132c4691936f33e67c1c4) Importer(2089858483,192608db42251d675da83286b1cce702)
Start importing Assets/Palettes/Water.prefab using Guid(aa1c284c66a132c4691936f33e67c1c4) Importer(2089858483,192608db42251d675da83286b1cce702) (ScriptedImporter) -> (artifact id: '60916b4fdf7f1ed5f20f46e87e0d627c') in 0.0902124 seconds
Number of updated asset objects reloaded before import = 0Number of asset objects unloaded after import = 10

========================================================================
Received Import Request.
  Time since last request: 0.000047 seconds.
  path: Assets/Scripts/validateMessage.cs
  artifactKey: Guid(ffd94a5de5119e2488b78a0ef06049e5) Importer(2089858483,192608db42251d675da83286b1cce702)
Start importing Assets/Scripts/validateMessage.cs using Guid(ffd94a5de5119e2488b78a0ef06049e5) Importer(2089858483,192608db42251d675da83286b1cce702) (ScriptedImporter) -> (artifact id: '333f6cb4782c72c88626deb119f8da2a') in 0.0278595 seconds
Number of updated asset objects reloaded before import = 0Number of asset objects unloaded after import = 0

========================================================================
Received Import Request.
  Time since last request: 0.000329 seconds.
  path: Assets/Scripts/PositionRegardingPlayer.cs
  artifactKey: Guid(f6e620a935b19ec45bf6530fbfe89790) Importer(2089858483,192608db42251d675da83286b1cce702)
Start importing Assets/Scripts/PositionRegardingPlayer.cs using Guid(f6e620a935b19ec45bf6530fbfe89790) Importer(2089858483,192608db42251d675da83286b1cce702) (ScriptedImporter) -> (artifact id: '2f9f5361a520d754bce7e90087e32eac') in 0.0267724 seconds
Number of updated asset objects reloaded before import = 0Number of asset objects unloaded after import = 0

========================================================================
Received Import Request.
  Time since last request: 0.000540 seconds.
  path: Assets/Tilesets/Tilemap-Zelda-like_140.asset
  artifactKey: Guid(7594f82114bc37b4d83494a88ed2f089) Importer(2089858483,192608db42251d675da83286b1cce702)
Start importing Assets/Tilesets/Tilemap-Zelda-like_140.asset using Guid(7594f82114bc37b4d83494a88ed2f089) Importer(2089858483,192608db42251d675da83286b1cce702) (ScriptedImporter) -> (artifact id: 'b7d482fdd1b8268c704f752eef306ffb') in 0.0338721 seconds
Number of updated asset objects reloaded before import = 0Number of asset objects unloaded after import = 2

========================================================================
Received Import Request.
  Time since last request: 0.000077 seconds.
  path: Assets/Tilesets/Tilemap-Zelda-like_117.asset
  artifactKey: Guid(976b44c9697b78b4b991dd9cd4460dfe) Importer(2089858483,192608db42251d675da83286b1cce702)
Start importing Assets/Tilesets/Tilemap-Zelda-like_117.asset using Guid(976b44c9697b78b4b991dd9cd4460dfe) Importer(2089858483,192608db42251d675da83286b1cce702) (ScriptedImporter) -> (artifact id: '8d8f6ecf52517d3926c2de70b41dc018') in 0.0517871 seconds
Number of updated asset objects reloaded before import = 0Number of asset objects unloaded after import = 2

========================================================================
Received Import Request.
  Time since last request: 0.000099 seconds.
  path: Assets/Prefabs/HealthPotion.prefab
  artifactKey: Guid(ba38ae29e681a6947b0306d3080ae599) Importer(2089858483,192608db42251d675da83286b1cce702)
Start importing Assets/Prefabs/HealthPotion.prefab using Guid(ba38ae29e681a6947b0306d3080ae599) Importer(2089858483,192608db42251d675da83286b1cce702) (ScriptedImporter) -> (artifact id: 'f6c0b5b4d56c331fe13cef99899f8fbc') in 0.1715612 seconds
Number of updated asset objects reloaded before import = 0Number of asset objects unloaded after import = 10

========================================================================
Received Import Request.
  Time since last request: 0.000136 seconds.
  path: Assets/Tilesets/Tilemap-Zelda-like_16.asset
  artifactKey: Guid(0727d64475322d9468b37a769bc3e1d5) Importer(2089858483,192608db42251d675da83286b1cce702)
Start importing Assets/Tilesets/Tilemap-Zelda-like_16.asset using Guid(0727d64475322d9468b37a769bc3e1d5) Importer(2089858483,192608db42251d675da83286b1cce702) (ScriptedImporter) -> (artifact id: '896a9f4472b4387b252c84367324b7d7') in 0.0521407 seconds
Number of updated asset objects reloaded before import = 0Number of asset objects unloaded after import = 2

========================================================================
Received Import Request.
  Time since last request: 0.000030 seconds.
  path: Assets/Prefabs/EmptyWorld.prefab
  artifactKey: Guid(7b5b7bea8ddbf234bb724c5bd78bca16) Importer(2089858483,192608db42251d675da83286b1cce702)
Start importing Assets/Prefabs/EmptyWorld.prefab using Guid(7b5b7bea8ddbf234bb724c5bd78bca16) Importer(2089858483,192608db42251d675da83286b1cce702) (ScriptedImporter) -> (artifact id: '35e73669e92a48442b603470b89bda4c') in 0.0791387 seconds
Number of updated asset objects reloaded before import = 0Number of asset objects unloaded after import = 48

========================================================================
Received Import Request.
  Time since last request: 0.000055 seconds.
  path: Assets/Tilesets/Tilemap-Zelda-like_102.asset
  artifactKey: Guid(2c2ccc45c54c78149875dc928446205d) Importer(2089858483,192608db42251d675da83286b1cce702)
Start importing Assets/Tilesets/Tilemap-Zelda-like_102.asset using Guid(2c2ccc45c54c78149875dc928446205d) Importer(2089858483,192608db42251d675da83286b1cce702) (ScriptedImporter) -> (artifact id: 'dfce06b0fc7f8c0393003508fca73b53') in 0.0394744 seconds
Number of updated asset objects reloaded before import = 0Number of asset objects unloaded after import = 2

========================================================================
Received Import Request.
  Time since last request: 0.000037 seconds.
  path: Assets/Scripts/PlayerTransform.cs
  artifactKey: Guid(2bbf88ef32b1f21498272ff507a6037f) Importer(2089858483,192608db42251d675da83286b1cce702)
Start importing Assets/Scripts/PlayerTransform.cs using Guid(2bbf88ef32b1f21498272ff507a6037f) Importer(2089858483,192608db42251d675da83286b1cce702) (ScriptedImporter) -> (artifact id: '8ad6208d798b29a80f37f2f39663a545') in 0.0407436 seconds
Number of updated asset objects reloaded before import = 0Number of asset objects unloaded after import = 0

========================================================================
Received Import Request.
  Time since last request: 0.000419 seconds.
  path: Assets/Tilesets/Tilemap-Zelda-like_143.asset
  artifactKey: Guid(8e76fb8b7000d194a8bdbe08a06555bd) Importer(2089858483,192608db42251d675da83286b1cce702)
Start importing Assets/Tilesets/Tilemap-Zelda-like_143.asset using Guid(8e76fb8b7000d194a8bdbe08a06555bd) Importer(2089858483,192608db42251d675da83286b1cce702) (ScriptedImporter) -> (artifact id: 'bb5a3d6b1cff23d43fdd6fe1271d7ef0') in 0.0437804 seconds
Number of updated asset objects reloaded before import = 0Number of asset objects unloaded after import = 2

========================================================================
Received Import Request.
  Time since last request: 0.000722 seconds.
  path: Assets/Tilesets/Tilemap-Zelda-like_110.asset
  artifactKey: Guid(82d7931cc5e60cf4fbd933518c62b47f) Importer(2089858483,192608db42251d675da83286b1cce702)
Start importing Assets/Tilesets/Tilemap-Zelda-like_110.asset using Guid(82d7931cc5e60cf4fbd933518c62b47f) Importer(2089858483,192608db42251d675da83286b1cce702) (ScriptedImporter) -> (artifact id: 'a1ec4857a74ccb288ce65d54f352c99e') in 0.0397865 seconds
Number of updated asset objects reloaded before import = 0Number of asset objects unloaded after import = 2

========================================================================
Received Import Request.
  Time since last request: 0.000031 seconds.
  path: Assets/Map/SampleMap.jpg
  artifactKey: Guid(86e0446869a8b7248acc8ed837909c8c) Importer(2089858483,192608db42251d675da83286b1cce702)
Start importing Assets/Map/SampleMap.jpg using Guid(86e0446869a8b7248acc8ed837909c8c) Importer(2089858483,192608db42251d675da83286b1cce702) (ScriptedImporter) -> (artifact id: '62441437f05eaec92c1300f1759e209a') in 0.2229832 seconds
Number of updated asset objects reloaded before import = 0Number of asset objects unloaded after import = 3

========================================================================
Received Import Request.
  Time since last request: 0.000152 seconds.
  path: Assets/Tilesets/Tilemap-Zelda-like_22.asset
  artifactKey: Guid(736d796aeac0b2a4cb85fcce02982881) Importer(2089858483,192608db42251d675da83286b1cce702)
Start importing Assets/Tilesets/Tilemap-Zelda-like_22.asset using Guid(736d796aeac0b2a4cb85fcce02982881) Importer(2089858483,192608db42251d675da83286b1cce702) (ScriptedImporter) -> (artifact id: 'bf89a41c74edccb1227160824b8bb68b') in 0.0353038 seconds
Number of updated asset objects reloaded before import = 0Number of asset objects unloaded after import = 2

========================================================================
Received Import Request.
  Time since last request: 0.000610 seconds.
  path: Assets/Tilesets/Tilemap-Zelda-like_18.asset
  artifactKey: Guid(751c6e0b957507d4b8e18f6a0ec41248) Importer(2089858483,192608db42251d675da83286b1cce702)
Start importing Assets/Tilesets/Tilemap-Zelda-like_18.asset using Guid(751c6e0b957507d4b8e18f6a0ec41248) Importer(2089858483,192608db42251d675da83286b1cce702) (ScriptedImporter) -> (artifact id: '25202dcd06fe6c0473cae903a0aeea76') in 0.0385865 seconds
Number of updated asset objects reloaded before import = 0Number of asset objects unloaded after import = 2

========================================================================
Received Import Request.
  Time since last request: 0.000038 seconds.
  path: Assets/Scripts/Teleport.cs
  artifactKey: Guid(39b8c9fb6d66866419f9f324dfcba1bf) Importer(2089858483,192608db42251d675da83286b1cce702)
Start importing Assets/Scripts/Teleport.cs using Guid(39b8c9fb6d66866419f9f324dfcba1bf) Importer(2089858483,192608db42251d675da83286b1cce702) (ScriptedImporter) -> (artifact id: '521e4d7d638539cc772064f0775fa989') in 0.0273797 seconds
Number of updated asset objects reloaded before import = 0Number of asset objects unloaded after import = 0

========================================================================
Received Import Request.
  Time since last request: 0.000147 seconds.
  path: Assets/Tilesets/Tilemap-Zelda-like_105.asset
  artifactKey: Guid(b27c72b1503005340ba474388f275d1e) Importer(2089858483,192608db42251d675da83286b1cce702)
Start importing Assets/Tilesets/Tilemap-Zelda-like_105.asset using Guid(b27c72b1503005340ba474388f275d1e) Importer(2089858483,192608db42251d675da83286b1cce702) (ScriptedImporter) -> (artifact id: '990a54b72308aa5438161b6fb659fe8c') in 0.0280492 seconds
Number of updated asset objects reloaded before import = 0Number of asset objects unloaded after import = 2

========================================================================
Received Import Request.
  Time since last request: 0.000040 seconds.
  path: Assets/Tilesets/Tilemap-Zelda-like_182.asset
  artifactKey: Guid(42ddc5849073575478316b7f4f119a88) Importer(2089858483,192608db42251d675da83286b1cce702)
Start importing Assets/Tilesets/Tilemap-Zelda-like_182.asset using Guid(42ddc5849073575478316b7f4f119a88) Importer(2089858483,192608db42251d675da83286b1cce702) (ScriptedImporter) -> (artifact id: '4aa294c15d95a4a4880434dca16dfb8f') in 0.0257361 seconds
Number of updated asset objects reloaded before import = 0Number of asset objects unloaded after import = 2

========================================================================
Received Import Request.
  Time since last request: 0.000033 seconds.
  path: Assets/Scripts/FollowGameObject.cs
  artifactKey: Guid(e97846e3f08b64d4f9a5231629c7842d) Importer(2089858483,192608db42251d675da83286b1cce702)
Start importing Assets/Scripts/FollowGameObject.cs using Guid(e97846e3f08b64d4f9a5231629c7842d) Importer(2089858483,192608db42251d675da83286b1cce702) (ScriptedImporter) -> (artifact id: '29521fe5b90ec452c044d22e8207eb2f') in 0.0227801 seconds
Number of updated asset objects reloaded before import = 0Number of asset objects unloaded after import = 0

========================================================================
Received Import Request.
  Time since last request: 0.000210 seconds.
  path: Assets/Tilesets/Tilemap-Zelda-like_163.asset
  artifactKey: Guid(cfbbcfe386ca5f04aa63cf470d19710f) Importer(2089858483,192608db42251d675da83286b1cce702)
Start importing Assets/Tilesets/Tilemap-Zelda-like_163.asset using Guid(cfbbcfe386ca5f04aa63cf470d19710f) Importer(2089858483,192608db42251d675da83286b1cce702) (ScriptedImporter) -> (artifact id: 'c8e449efa069e7c2c2663170a844cd16') in 0.0332551 seconds
Number of updated asset objects reloaded before import = 0Number of asset objects unloaded after import = 2

========================================================================
Received Import Request.
  Time since last request: 0.000092 seconds.
  path: Assets/Tilesets/Tilemap-Zelda-like_172.asset
  artifactKey: Guid(fc582b06de9e1fb4397a287106798667) Importer(2089858483,192608db42251d675da83286b1cce702)
Start importing Assets/Tilesets/Tilemap-Zelda-like_172.asset using Guid(fc582b06de9e1fb4397a287106798667) Importer(2089858483,192608db42251d675da83286b1cce702) (ScriptedImporter) -> (artifact id: '019f51c2e5a3b058ffa316879a157da0') in 0.033497 seconds
Number of updated asset objects reloaded before import = 0Number of asset objects unloaded after import = 2

========================================================================
Received Import Request.
  Time since last request: 0.000844 seconds.
  path: Assets/Tilesets/Tilemap-Zelda-like_23.asset
  artifactKey: Guid(111097cf39aaa7d41874eec788f853e4) Importer(2089858483,192608db42251d675da83286b1cce702)
Start importing Assets/Tilesets/Tilemap-Zelda-like_23.asset using Guid(111097cf39aaa7d41874eec788f853e4) Importer(2089858483,192608db42251d675da83286b1cce702) (ScriptedImporter) -> (artifact id: '547601aa8727c738a4cd6d9b6993a8fa') in 0.0486512 seconds
Number of updated asset objects reloaded before import = 0Number of asset objects unloaded after import = 2

========================================================================
Received Import Request.
  Time since last request: 0.004434 seconds.
  path: Assets/Scripts/PlayerMana.cs
  artifactKey: Guid(d3977428f8bb1d844a2e9effe02276ff) Importer(2089858483,192608db42251d675da83286b1cce702)
Start importing Assets/Scripts/PlayerMana.cs using Guid(d3977428f8bb1d844a2e9effe02276ff) Importer(2089858483,192608db42251d675da83286b1cce702) (ScriptedImporter) -> (artifact id: '20eee41f3059ab910094fca55958c485') in 0.039208 seconds
Number of updated asset objects reloaded before import = 0Number of asset objects unloaded after import = 0

========================================================================
Received Import Request.
  Time since last request: 0.000395 seconds.
  path: Assets/Tilesets/Tilemap-Zelda-like_129.asset
  artifactKey: Guid(0a998352ead21de4fbcd69b38bc12e13) Importer(2089858483,192608db42251d675da83286b1cce702)
Start importing Assets/Tilesets/Tilemap-Zelda-like_129.asset using Guid(0a998352ead21de4fbcd69b38bc12e13) Importer(2089858483,192608db42251d675da83286b1cce702) (ScriptedImporter) -> (artifact id: '035b1bb01db5eac11cecd920ee3a73e8') in 0.0453186 seconds
Number of updated asset objects reloaded before import = 0Number of asset objects unloaded after import = 2

========================================================================
Received Import Request.
  Time since last request: 0.000382 seconds.
  path: Assets/Tilesets/Tilemap-Zelda-like_72.asset
  artifactKey: Guid(ea093f7cf63f00f4d9c47be3cb66c5da) Importer(2089858483,192608db42251d675da83286b1cce702)
Start importing Assets/Tilesets/Tilemap-Zelda-like_72.asset using Guid(ea093f7cf63f00f4d9c47be3cb66c5da) Importer(2089858483,192608db42251d675da83286b1cce702) (ScriptedImporter) -> (artifact id: '4c19f25ccc5c67cec3aa8ca7b5324693') in 0.0470225 seconds
Number of updated asset objects reloaded before import = 0Number of asset objects unloaded after import = 2

========================================================================
Received Import Request.
  Time since last request: 0.000035 seconds.
  path: Assets/Tilesets/Tilemap-Zelda-like_50.asset
  artifactKey: Guid(fea4ad6bf78c48e4db66b5674668d655) Importer(2089858483,192608db42251d675da83286b1cce702)
Start importing Assets/Tilesets/Tilemap-Zelda-like_50.asset using Guid(fea4ad6bf78c48e4db66b5674668d655) Importer(2089858483,192608db42251d675da83286b1cce702) (ScriptedImporter) -> (artifact id: '1a6d9db138e2ab983dfe4379aa2b8aa3') in 0.0421853 seconds
Number of updated asset objects reloaded before import = 0Number of asset objects unloaded after import = 2

========================================================================
Received Import Request.
  Time since last request: 0.000923 seconds.
  path: Assets/Tilesets/Tilemap-Zelda-like_70.asset
  artifactKey: Guid(009e91a8b9baf8f4d8083aff4af4341c) Importer(2089858483,192608db42251d675da83286b1cce702)
Start importing Assets/Tilesets/Tilemap-Zelda-like_70.asset using Guid(009e91a8b9baf8f4d8083aff4af4341c) Importer(2089858483,192608db42251d675da83286b1cce702) (ScriptedImporter) -> (artifact id: '828f82ba95b5622f1543b9326efdf43d') in 0.0423548 seconds
Number of updated asset objects reloaded before import = 0Number of asset objects unloaded after import = 2

========================================================================
Received Import Request.
  Time since last request: 0.000047 seconds.
  path: Assets/Tilesets/Tilemap-Zelda-like_46.asset
  artifactKey: Guid(370e70a500c0fa24d9de44e19c887bbe) Importer(2089858483,192608db42251d675da83286b1cce702)
Start importing Assets/Tilesets/Tilemap-Zelda-like_46.asset using Guid(370e70a500c0fa24d9de44e19c887bbe) Importer(2089858483,192608db42251d675da83286b1cce702) (ScriptedImporter) -> (artifact id: '8190059a4ce848ce4d603ff6dbf4801d') in 0.0363656 seconds
Number of updated asset objects reloaded before import = 0Number of asset objects unloaded after import = 2

========================================================================
Received Import Request.
  Time since last request: 0.000038 seconds.
  path: Assets/Tilesets/Tilemap-Zelda-like_51.asset
  artifactKey: Guid(efdfd9e31f9bde04caa64e54ec111af5) Importer(2089858483,192608db42251d675da83286b1cce702)
Start importing Assets/Tilesets/Tilemap-Zelda-like_51.asset using Guid(efdfd9e31f9bde04caa64e54ec111af5) Importer(2089858483,192608db42251d675da83286b1cce702) (ScriptedImporter) -> (artifact id: '20fae49238b1015a9564f8ec44abd153') in 0.0378635 seconds
Number of updated asset objects reloaded before import = 0Number of asset objects unloaded after import = 2

========================================================================
Received Import Request.
  Time since last request: 0.000048 seconds.
  path: Assets/Tilesets/Tilemap-Zelda-like_4.asset
  artifactKey: Guid(4e1b7cb2f29b06c469f8cbe8c88e1058) Importer(2089858483,192608db42251d675da83286b1cce702)
Start importing Assets/Tilesets/Tilemap-Zelda-like_4.asset using Guid(4e1b7cb2f29b06c469f8cbe8c88e1058) Importer(2089858483,192608db42251d675da83286b1cce702) (ScriptedImporter) -> (artifact id: '039590f73751bf5a4ff2a18285ff8ab4') in 0.0348314 seconds
Number of updated asset objects reloaded before import = 0Number of asset objects unloaded after import = 2

========================================================================
Received Import Request.
  Time since last request: 0.000039 seconds.
  path: Assets/Tilesets/Tilemap-Zelda-like_57.asset
  artifactKey: Guid(555edb176f21fa0488949218d8acec9d) Importer(2089858483,192608db42251d675da83286b1cce702)
Start importing Assets/Tilesets/Tilemap-Zelda-like_57.asset using Guid(555edb176f21fa0488949218d8acec9d) Importer(2089858483,192608db42251d675da83286b1cce702) (ScriptedImporter) -> (artifact id: '345ac8b2468ccff3342ddc8e7b409ed7') in 0.0388591 seconds
Number of updated asset objects reloaded before import = 0Number of asset objects unloaded after import = 2

========================================================================
Received Import Request.
  Time since last request: 0.000036 seconds.
  path: Assets/Tilesets/Tilemap-Zelda-like_113.asset
  artifactKey: Guid(c739aca9c6b7fc74e9cd3f224cad65c9) Importer(2089858483,192608db42251d675da83286b1cce702)
Start importing Assets/Tilesets/Tilemap-Zelda-like_113.asset using Guid(c739aca9c6b7fc74e9cd3f224cad65c9) Importer(2089858483,192608db42251d675da83286b1cce702) (ScriptedImporter) -> (artifact id: 'a49d39cc690bcdeb4e3b738c37279579') in 0.0289852 seconds
Number of updated asset objects reloaded before import = 0Number of asset objects unloaded after import = 2

========================================================================
Received Import Request.
  Time since last request: 0.000039 seconds.
  path: Assets/Tilesets/Tilemap-Zelda-like_34.asset
  artifactKey: Guid(2e7d3b8af0669a742870cb7f91e659ca) Importer(2089858483,192608db42251d675da83286b1cce702)
Start importing Assets/Tilesets/Tilemap-Zelda-like_34.asset using Guid(2e7d3b8af0669a742870cb7f91e659ca) Importer(2089858483,192608db42251d675da83286b1cce702) (ScriptedImporter) -> (artifact id: 'ec409ac6041e65e9d53aa7672de009be') in 0.0313031 seconds
Number of updated asset objects reloaded before import = 0Number of asset objects unloaded after import = 2

========================================================================
Received Import Request.
  Time since last request: 0.000062 seconds.
  path: Assets/Tilesets/Tilemap-Zelda-like_2.asset
  artifactKey: Guid(3d55699f94d0f1a47b9ff4be507647c6) Importer(2089858483,192608db42251d675da83286b1cce702)
Start importing Assets/Tilesets/Tilemap-Zelda-like_2.asset using Guid(3d55699f94d0f1a47b9ff4be507647c6) Importer(2089858483,192608db42251d675da83286b1cce702) (ScriptedImporter) -> (artifact id: '27e9ce287e2bdb805697526bdd9cf1b7') in 0.0389699 seconds
Number of updated asset objects reloaded before import = 0Number of asset objects unloaded after import = 2

========================================================================
Received Import Request.
  Time since last request: 0.000040 seconds.
  path: Assets/Tilesets/Tilemap-Zelda-like_160.asset
  artifactKey: Guid(b816b5f721d1cab438c872032f2f191d) Importer(2089858483,192608db42251d675da83286b1cce702)
Start importing Assets/Tilesets/Tilemap-Zelda-like_160.asset using Guid(b816b5f721d1cab438c872032f2f191d) Importer(2089858483,192608db42251d675da83286b1cce702) (ScriptedImporter) -> (artifact id: 'bffe229b22366993cca97a813a6e4a91') in 0.0415222 seconds
Number of updated asset objects reloaded before import = 0Number of asset objects unloaded after import = 2

========================================================================
Received Import Request.
  Time since last request: 0.000081 seconds.
  path: Assets/Tilesets/Tilemap-Zelda-like_63.asset
  artifactKey: Guid(e859d33cbd4b62843b5b8923105d9102) Importer(2089858483,192608db42251d675da83286b1cce702)
Start importing Assets/Tilesets/Tilemap-Zelda-like_63.asset using Guid(e859d33cbd4b62843b5b8923105d9102) Importer(2089858483,192608db42251d675da83286b1cce702) (ScriptedImporter) -> (artifact id: 'f58371ee29af3d366ce83d3e56add79c') in 0.0297496 seconds
Number of updated asset objects reloaded before import = 0Number of asset objects unloaded after import = 2

========================================================================
Received Import Request.
  Time since last request: 0.000036 seconds.
  path: Assets/Tilesets/Tilemap-Zelda-like_153.asset
  artifactKey: Guid(a5489c945b5b2b8499bf5adf3cf4ca74) Importer(2089858483,192608db42251d675da83286b1cce702)
Start importing Assets/Tilesets/Tilemap-Zelda-like_153.asset using Guid(a5489c945b5b2b8499bf5adf3cf4ca74) Importer(2089858483,192608db42251d675da83286b1cce702) (ScriptedImporter) -> (artifact id: 'bd894d0bd590c69b44f978ebd3d3bf30') in 0.0355566 seconds
Number of updated asset objects reloaded before import = 0Number of asset objects unloaded after import = 2

========================================================================
Received Import Request.
  Time since last request: 0.000034 seconds.
  path: Assets/Scripts/PlayerSword.cs
  artifactKey: Guid(598c2db758583f94e884227816f23f66) Importer(2089858483,192608db42251d675da83286b1cce702)
Start importing Assets/Scripts/PlayerSword.cs using Guid(598c2db758583f94e884227816f23f66) Importer(2089858483,192608db42251d675da83286b1cce702) (ScriptedImporter) -> (artifact id: 'f51e0411a36fa0488a3f4bdc154ea9a5') in 0.0302282 seconds
Number of updated asset objects reloaded before import = 0Number of asset objects unloaded after import = 0

========================================================================
Received Import Request.
  Time since last request: 0.000369 seconds.
  path: Assets/Tilesets/Tilemap-Zelda-like_97.asset
  artifactKey: Guid(c308c90e92888704690815eb5c6949a7) Importer(2089858483,192608db42251d675da83286b1cce702)
Start importing Assets/Tilesets/Tilemap-Zelda-like_97.asset using Guid(c308c90e92888704690815eb5c6949a7) Importer(2089858483,192608db42251d675da83286b1cce702) (ScriptedImporter) -> (artifact id: 'f2e11c6149f0f07028e0e5c76c713b41') in 0.0326357 seconds
Number of updated asset objects reloaded before import = 0Number of asset objects unloaded after import = 2

========================================================================
Received Import Request.
  Time since last request: 0.000047 seconds.
  path: Assets/Sprites/slime_anime/death_mouche.anim
  artifactKey: Guid(b3ad4d307c8130f469637e0c9807d43f) Importer(2089858483,192608db42251d675da83286b1cce702)
Start importing Assets/Sprites/slime_anime/death_mouche.anim using Guid(b3ad4d307c8130f469637e0c9807d43f) Importer(2089858483,192608db42251d675da83286b1cce702) (ScriptedImporter) -> (artifact id: '2c9742e8c4ce71987d1e0e97a4dd42c8') in 0.0429947 seconds
Number of updated asset objects reloaded before import = 0Number of asset objects unloaded after import = 1

========================================================================
Received Import Request.
  Time since last request: 0.000144 seconds.
  path: Assets/Sprites/consommable/item37.png
  artifactKey: Guid(b81358087bdfa5544a13444a9aeae0ce) Importer(2089858483,192608db42251d675da83286b1cce702)
Start importing Assets/Sprites/consommable/item37.png using Guid(b81358087bdfa5544a13444a9aeae0ce) Importer(2089858483,192608db42251d675da83286b1cce702) (ScriptedImporter) -> (artifact id: 'ac922338a2d6a2e33e1e35e85cdac682') in 0.0642385 seconds
Number of updated asset objects reloaded before import = 0Number of asset objects unloaded after import = 3

========================================================================
Received Import Request.
  Time since last request: 0.000048 seconds.
  path: Assets/Sprites/consommable/item39.png
  artifactKey: Guid(8533aded874c27045a87e4b08298bea3) Importer(2089858483,192608db42251d675da83286b1cce702)
Start importing Assets/Sprites/consommable/item39.png using Guid(8533aded874c27045a87e4b08298bea3) Importer(2089858483,192608db42251d675da83286b1cce702) (ScriptedImporter) -> (artifact id: 'efa9d81a992406165661633f8c0521a0') in 0.0845225 seconds
Number of updated asset objects reloaded before import = 0Number of asset objects unloaded after import = 3

========================================================================
Received Import Request.
  Time since last request: 0.000051 seconds.
  path: Assets/Tilesets/Tilemap-Zelda-like_79.asset
  artifactKey: Guid(aa4915dc2237ab3438d6c9f00a0ff798) Importer(2089858483,192608db42251d675da83286b1cce702)
Start importing Assets/Tilesets/Tilemap-Zelda-like_79.asset using Guid(aa4915dc2237ab3438d6c9f00a0ff798) Importer(2089858483,192608db42251d675da83286b1cce702) (ScriptedImporter) -> (artifact id: 'd595e170f7a09b0b7de92fc264a85abb') in 0.0349427 seconds
Number of updated asset objects reloaded before import = 0Number of asset objects unloaded after import = 2

========================================================================
Received Import Request.
  Time since last request: 0.000035 seconds.
  path: Assets/Tilesets/Tilemap-Zelda-like_99.asset
  artifactKey: Guid(c5aca4de38108b347a153a28222ae1b7) Importer(2089858483,192608db42251d675da83286b1cce702)
Start importing Assets/Tilesets/Tilemap-Zelda-like_99.asset using Guid(c5aca4de38108b347a153a28222ae1b7) Importer(2089858483,192608db42251d675da83286b1cce702) (ScriptedImporter) -> (artifact id: 'fef0c00436f94d8ca68637d898942bf4') in 0.0340257 seconds
Number of updated asset objects reloaded before import = 0Number of asset objects unloaded after import = 2

========================================================================
Received Import Request.
  Time since last request: 0.000036 seconds.
  path: Assets/Tilesets/Tilemap-Zelda-like_93.asset
  artifactKey: Guid(dabb5651377e4ce4e8bbdcbbac861256) Importer(2089858483,192608db42251d675da83286b1cce702)
Start importing Assets/Tilesets/Tilemap-Zelda-like_93.asset using Guid(dabb5651377e4ce4e8bbdcbbac861256) Importer(2089858483,192608db42251d675da83286b1cce702) (ScriptedImporter) -> (artifact id: '14891ac67edc28465392c5b8b96781ab') in 0.0353865 seconds
Number of updated asset objects reloaded before import = 0Number of asset objects unloaded after import = 2

========================================================================
Received Import Request.
  Time since last request: 0.000043 seconds.
  path: Assets/Sprites/consommable/item35.png
  artifactKey: Guid(63853ee996d8c1947a63b42ba0a4a6ce) Importer(2089858483,192608db42251d675da83286b1cce702)
Start importing Assets/Sprites/consommable/item35.png using Guid(63853ee996d8c1947a63b42ba0a4a6ce) Importer(2089858483,192608db42251d675da83286b1cce702) (ScriptedImporter) -> (artifact id: 'f439bb64c0bf06bd3bd50cc3d6379604') in 0.0569502 seconds
Number of updated asset objects reloaded before import = 0Number of asset objects unloaded after import = 3

========================================================================
Received Import Request.
  Time since last request: 0.000220 seconds.
  path: Assets/Tilesets/Tilemap-Zelda-like_76.asset
  artifactKey: Guid(344e364cd0ef4b14f9c09d0b17c04bee) Importer(2089858483,192608db42251d675da83286b1cce702)
Start importing Assets/Tilesets/Tilemap-Zelda-like_76.asset using Guid(344e364cd0ef4b14f9c09d0b17c04bee) Importer(2089858483,192608db42251d675da83286b1cce702) (ScriptedImporter) -> (artifact id: '423a3bbb882c63f99dab7032d440f5a7') in 0.0386946 seconds
Number of updated asset objects reloaded before import = 0Number of asset objects unloaded after import = 2

========================================================================
Received Import Request.
  Time since last request: 0.000032 seconds.
  path: Assets/Tilesets/Tilemap-Zelda-like_98.asset
  artifactKey: Guid(29e4847c0f87eed4aa274f1d6c6de2b2) Importer(2089858483,192608db42251d675da83286b1cce702)
Start importing Assets/Tilesets/Tilemap-Zelda-like_98.asset using Guid(29e4847c0f87eed4aa274f1d6c6de2b2) Importer(2089858483,192608db42251d675da83286b1cce702) (ScriptedImporter) -> (artifact id: '2b2924f0bf86797a84da5b56a301fb0e') in 0.0368524 seconds
Number of updated asset objects reloaded before import = 0Number of asset objects unloaded after import = 2

========================================================================
Received Import Request.
  Time since last request: 0.000671 seconds.
  path: Assets/Tilesets/Tilemap-Zelda-like_83.asset
  artifactKey: Guid(7618e3e95bfb93f4fadbe684698d0171) Importer(2089858483,192608db42251d675da83286b1cce702)
Start importing Assets/Tilesets/Tilemap-Zelda-like_83.asset using Guid(7618e3e95bfb93f4fadbe684698d0171) Importer(2089858483,192608db42251d675da83286b1cce702) (ScriptedImporter) -> (artifact id: 'f997f6d3c58325aea7c05582f29aebd1') in 0.0388292 seconds
Number of updated asset objects reloaded before import = 0Number of asset objects unloaded after import = 2

========================================================================
Received Import Request.
  Time since last request: 0.000377 seconds.
  path: Assets/Tiles/Dungeon/Holes_10.asset
  artifactKey: Guid(52de7ffc48be8854ab4631b9456c43fc) Importer(2089858483,192608db42251d675da83286b1cce702)
Start importing Assets/Tiles/Dungeon/Holes_10.asset using Guid(52de7ffc48be8854ab4631b9456c43fc) Importer(2089858483,192608db42251d675da83286b1cce702) (ScriptedImporter) -> (artifact id: '4878309dd731f99f9e803c83c9e886e0') in 0.0374117 seconds
Number of updated asset objects reloaded before import = 0Number of asset objects unloaded after import = 2

========================================================================
Received Import Request.
  Time since last request: 0.000033 seconds.
  path: Assets/Tiles/Dungeon/Holes_6.asset
  artifactKey: Guid(b359d08c3b57c314382b0483870cea25) Importer(2089858483,192608db42251d675da83286b1cce702)
Start importing Assets/Tiles/Dungeon/Holes_6.asset using Guid(b359d08c3b57c314382b0483870cea25) Importer(2089858483,192608db42251d675da83286b1cce702) (ScriptedImporter) -> (artifact id: '981704ddad7d2830320758a4d553f1ae') in 0.0375685 seconds
Number of updated asset objects reloaded before import = 0Number of asset objects unloaded after import = 2

========================================================================
Received Import Request.
  Time since last request: 0.000069 seconds.
  path: Assets/Sprites/slime_anime/slime.controller
  artifactKey: Guid(9257d916d4d946049a92569022112443) Importer(2089858483,192608db42251d675da83286b1cce702)
Start importing Assets/Sprites/slime_anime/slime.controller using Guid(9257d916d4d946049a92569022112443) Importer(2089858483,192608db42251d675da83286b1cce702) (ScriptedImporter) -> (artifact id: '15504f45dfe50de4b283092cd6aa35ac') in 0.0794258 seconds
Number of updated asset objects reloaded before import = 0Number of asset objects unloaded after import = 62

========================================================================
Received Import Request.
  Time since last request: 0.000665 seconds.
  path: Assets/Tiles/Dungeon/Holes_1.asset
  artifactKey: Guid(ff7da3e811a3f11469923a25dd77e104) Importer(2089858483,192608db42251d675da83286b1cce702)
Start importing Assets/Tiles/Dungeon/Holes_1.asset using Guid(ff7da3e811a3f11469923a25dd77e104) Importer(2089858483,192608db42251d675da83286b1cce702) (ScriptedImporter) -> (artifact id: '994abebbb678b51c5c29ab4ebc8fcbb3') in 0.0373273 seconds
Number of updated asset objects reloaded before import = 0Number of asset objects unloaded after import = 2

========================================================================
Received Import Request.
  Time since last request: 0.000696 seconds.
  path: Assets/Tiles/Dungeon/Wall_15.asset
  artifactKey: Guid(44a4ba0c668563d40a863149eabc447a) Importer(2089858483,192608db42251d675da83286b1cce702)
Start importing Assets/Tiles/Dungeon/Wall_15.asset using Guid(44a4ba0c668563d40a863149eabc447a) Importer(2089858483,192608db42251d675da83286b1cce702) (ScriptedImporter) -> (artifact id: '8eb3b874b07b714311feb6c5bbf277c9') in 0.0709654 seconds
Number of updated asset objects reloaded before import = 0Number of asset objects unloaded after import = 2

========================================================================
Received Import Request.
  Time since last request: 0.000048 seconds.
  path: Assets/Tiles/Dungeon/Ground_1.asset
  artifactKey: Guid(e1a53c927d0cc824f8561e70023babd1) Importer(2089858483,192608db42251d675da83286b1cce702)
Start importing Assets/Tiles/Dungeon/Ground_1.asset using Guid(e1a53c927d0cc824f8561e70023babd1) Importer(2089858483,192608db42251d675da83286b1cce702) (ScriptedImporter) -> (artifact id: '6eb120d6674de02208e597901c738614') in 0.0356663 seconds
Number of updated asset objects reloaded before import = 0Number of asset objects unloaded after import = 2

========================================================================
Received Import Request.
  Time since last request: 0.000041 seconds.
  path: Assets/Tiles/Dungeon/Holes_2.asset
  artifactKey: Guid(8415515aa609c0e4f85fbdba6fc07404) Importer(2089858483,192608db42251d675da83286b1cce702)
Start importing Assets/Tiles/Dungeon/Holes_2.asset using Guid(8415515aa609c0e4f85fbdba6fc07404) Importer(2089858483,192608db42251d675da83286b1cce702) (ScriptedImporter) -> (artifact id: '9321587091044128ed11d6da19ecfa91') in 0.0364615 seconds
Number of updated asset objects reloaded before import = 0Number of asset objects unloaded after import = 2

========================================================================
Received Import Request.
  Time since last request: 0.000324 seconds.
  path: Assets/Tiles/Dungeon/Holes_12.asset
  artifactKey: Guid(613f67f906e86c742a88fffac32fd715) Importer(2089858483,192608db42251d675da83286b1cce702)
Start importing Assets/Tiles/Dungeon/Holes_12.asset using Guid(613f67f906e86c742a88fffac32fd715) Importer(2089858483,192608db42251d675da83286b1cce702) (ScriptedImporter) -> (artifact id: '2f27a15298254df8f46b36fdd15bcdb0') in 0.0360391 seconds
Number of updated asset objects reloaded before import = 0Number of asset objects unloaded after import = 2

========================================================================
Received Import Request.
  Time since last request: 0.000105 seconds.
  path: Assets/Tiles/Dungeon/Holes_3.asset
  artifactKey: Guid(3c56fc66e183e2b4d958a5eb48349e8a) Importer(2089858483,192608db42251d675da83286b1cce702)
Start importing Assets/Tiles/Dungeon/Holes_3.asset using Guid(3c56fc66e183e2b4d958a5eb48349e8a) Importer(2089858483,192608db42251d675da83286b1cce702) (ScriptedImporter) -> (artifact id: 'd06c5e9f0aa7a1d3fc4b59a596976567') in 0.0457586 seconds
Number of updated asset objects reloaded before import = 0Number of asset objects unloaded after import = 2

========================================================================
Received Import Request.
  Time since last request: 0.000041 seconds.
  path: Assets/Tilesets/Tilemap-Zelda-like_9.asset
  artifactKey: Guid(5620c92f6abc5414eb0fc8814373540f) Importer(2089858483,192608db42251d675da83286b1cce702)
Start importing Assets/Tilesets/Tilemap-Zelda-like_9.asset using Guid(5620c92f6abc5414eb0fc8814373540f) Importer(2089858483,192608db42251d675da83286b1cce702) (ScriptedImporter) -> (artifact id: '472e458889ede394afefa813d9dd93ad') in 0.0381215 seconds
Number of updated asset objects reloaded before import = 0Number of asset objects unloaded after import = 2

========================================================================
Received Import Request.
  Time since last request: 0.000033 seconds.
  path: Assets/Tilesets/Tilemap-Zelda-like_64.asset
  artifactKey: Guid(6c3f79c2c6784464c9ef751fe414f535) Importer(2089858483,192608db42251d675da83286b1cce702)
Start importing Assets/Tilesets/Tilemap-Zelda-like_64.asset using Guid(6c3f79c2c6784464c9ef751fe414f535) Importer(2089858483,192608db42251d675da83286b1cce702) (ScriptedImporter) -> (artifact id: '944cadafe93d9b3af1492fff25de00a9') in 0.0396702 seconds
Number of updated asset objects reloaded before import = 0Number of asset objects unloaded after import = 2

========================================================================
Received Import Request.
  Time since last request: 0.000086 seconds.
  path: Assets/Tiles/Dungeon/Wall_3.asset
  artifactKey: Guid(8f06b634e770b9e498d844d2dd234f41) Importer(2089858483,192608db42251d675da83286b1cce702)
Start importing Assets/Tiles/Dungeon/Wall_3.asset using Guid(8f06b634e770b9e498d844d2dd234f41) Importer(2089858483,192608db42251d675da83286b1cce702) (ScriptedImporter) -> (artifact id: 'fe1eeb5fec059ac2a6ca3936642273a2') in 0.0335783 seconds
Number of updated asset objects reloaded before import = 0Number of asset objects unloaded after import = 2

========================================================================
Received Import Request.
  Time since last request: 0.000041 seconds.
  path: Assets/Tiles/Outside/Bush_10.asset
  artifactKey: Guid(de3939129bfde7745890ab0d140744a1) Importer(2089858483,192608db42251d675da83286b1cce702)
Start importing Assets/Tiles/Outside/Bush_10.asset using Guid(de3939129bfde7745890ab0d140744a1) Importer(2089858483,192608db42251d675da83286b1cce702) (ScriptedImporter) -> (artifact id: '6bb8744d6c8e58257e3a292086092123') in 0.0345268 seconds
Number of updated asset objects reloaded before import = 0Number of asset objects unloaded after import = 2

========================================================================
Received Import Request.
  Time since last request: 0.000046 seconds.
  path: Assets/Tiles/Dungeon/Water_11.asset
  artifactKey: Guid(d31d8d2d3df77524a9c615380b1250a0) Importer(2089858483,192608db42251d675da83286b1cce702)
Start importing Assets/Tiles/Dungeon/Water_11.asset using Guid(d31d8d2d3df77524a9c615380b1250a0) Importer(2089858483,192608db42251d675da83286b1cce702) (ScriptedImporter) -> (artifact id: 'adafb74b0ec0d856b956ecfabfad525d') in 0.0331292 seconds
Number of updated asset objects reloaded before import = 0Number of asset objects unloaded after import = 2

========================================================================
Received Import Request.
  Time since last request: 0.000047 seconds.
  path: Assets/Tiles/Dungeon/Ground_2.asset
  artifactKey: Guid(2ca2efebfca626e48970d6f7e0a5bdcd) Importer(2089858483,192608db42251d675da83286b1cce702)
Start importing Assets/Tiles/Dungeon/Ground_2.asset using Guid(2ca2efebfca626e48970d6f7e0a5bdcd) Importer(2089858483,192608db42251d675da83286b1cce702) (ScriptedImporter) -> (artifact id: '9d829b4276384ea53c1b5095bcb3191e') in 0.0316654 seconds
Number of updated asset objects reloaded before import = 0Number of asset objects unloaded after import = 2

========================================================================
Received Import Request.
  Time since last request: 0.000033 seconds.
  path: Assets/Tiles/Dungeon/Holes_5.asset
  artifactKey: Guid(743a084a5a568b241ad407386abdd91b) Importer(2089858483,192608db42251d675da83286b1cce702)
Start importing Assets/Tiles/Dungeon/Holes_5.asset using Guid(743a084a5a568b241ad407386abdd91b) Importer(2089858483,192608db42251d675da83286b1cce702) (ScriptedImporter) -> (artifact id: 'fb25c424274ea57b44c61f98d2d092e5') in 0.0411445 seconds
Number of updated asset objects reloaded before import = 0Number of asset objects unloaded after import = 2

========================================================================
Received Import Request.
  Time since last request: 0.000302 seconds.
  path: Assets/Tilesets/Tilemap-Zelda-like_136.asset
  artifactKey: Guid(442922a575f4fb34484598d5fc1c3524) Importer(2089858483,192608db42251d675da83286b1cce702)
Start importing Assets/Tilesets/Tilemap-Zelda-like_136.asset using Guid(442922a575f4fb34484598d5fc1c3524) Importer(2089858483,192608db42251d675da83286b1cce702) (ScriptedImporter) -> (artifact id: '7075e0c83d64836773c0fb241e7bb390') in 0.0303148 seconds
Number of updated asset objects reloaded before import = 0Number of asset objects unloaded after import = 2

========================================================================
Received Import Request.
  Time since last request: 0.000302 seconds.
  path: Assets/Sprites/consommable/item36.png
  artifactKey: Guid(1fe7160ae65596e448cff1ee56d53c00) Importer(2089858483,192608db42251d675da83286b1cce702)
Start importing Assets/Sprites/consommable/item36.png using Guid(1fe7160ae65596e448cff1ee56d53c00) Importer(2089858483,192608db42251d675da83286b1cce702) (ScriptedImporter) -> (artifact id: '01770165d21a7632706818f1d28f56ea') in 0.0817851 seconds
Number of updated asset objects reloaded before import = 0Number of asset objects unloaded after import = 3

========================================================================
Received Import Request.
  Time since last request: 0.000036 seconds.
  path: Assets/Tilesets/Tilemap-Zelda-like_124.asset
  artifactKey: Guid(d030d63ee334b244b99ea02902f6930a) Importer(2089858483,192608db42251d675da83286b1cce702)
Start importing Assets/Tilesets/Tilemap-Zelda-like_124.asset using Guid(d030d63ee334b244b99ea02902f6930a) Importer(2089858483,192608db42251d675da83286b1cce702) (ScriptedImporter) -> (artifact id: '732c75de6871bf89757247cb470035a9') in 0.0343531 seconds
Number of updated asset objects reloaded before import = 0Number of asset objects unloaded after import = 2

========================================================================
Received Import Request.
  Time since last request: 0.000041 seconds.
  path: Assets/Tilesets/Tilemap-Zelda-like_132.asset
  artifactKey: Guid(b9b6ed502f5eeb342a74c4966efa7811) Importer(2089858483,192608db42251d675da83286b1cce702)
Start importing Assets/Tilesets/Tilemap-Zelda-like_132.asset using Guid(b9b6ed502f5eeb342a74c4966efa7811) Importer(2089858483,192608db42251d675da83286b1cce702) (ScriptedImporter) -> (artifact id: '0badd323c2bad19399d3f256ee025aea') in 0.0263542 seconds
Number of updated asset objects reloaded before import = 0Number of asset objects unloaded after import = 2

========================================================================
Received Import Request.
  Time since last request: 0.000046 seconds.
  path: Assets/Tilesets/Tilemap-Zelda-like_6.asset
  artifactKey: Guid(1408fae37a35fc447b1a2106aaa3c5ae) Importer(2089858483,192608db42251d675da83286b1cce702)
Start importing Assets/Tilesets/Tilemap-Zelda-like_6.asset using Guid(1408fae37a35fc447b1a2106aaa3c5ae) Importer(2089858483,192608db42251d675da83286b1cce702) (ScriptedImporter) -> (artifact id: 'b97d9e0dc778cefb3bcacf22a1257baf') in 0.03823 seconds
Number of updated asset objects reloaded before import = 0Number of asset objects unloaded after import = 2

========================================================================
Received Import Request.
  Time since last request: 0.000035 seconds.
  path: Assets/Scripts/HealthEnemy.cs
  artifactKey: Guid(481fb82a25c37ee40a5b5eaf226e3097) Importer(2089858483,192608db42251d675da83286b1cce702)
Start importing Assets/Scripts/HealthEnemy.cs using Guid(481fb82a25c37ee40a5b5eaf226e3097) Importer(2089858483,192608db42251d675da83286b1cce702) (ScriptedImporter) -> (artifact id: '773e444e5e36cd1902c88eac7fe6b08b') in 0.0214867 seconds
Number of updated asset objects reloaded before import = 0Number of asset objects unloaded after import = 0

========================================================================
Received Import Request.
  Time since last request: 0.000239 seconds.
  path: Assets/Scripts/autoDialog.cs
  artifactKey: Guid(d86f14e7fd5890540ad1dacd3d318584) Importer(2089858483,192608db42251d675da83286b1cce702)
Start importing Assets/Scripts/autoDialog.cs using Guid(d86f14e7fd5890540ad1dacd3d318584) Importer(2089858483,192608db42251d675da83286b1cce702) (ScriptedImporter) -> (artifact id: '7bd0514ebc92f3db0b899fd7dfd7c0e7') in 0.0253471 seconds
Number of updated asset objects reloaded before import = 0Number of asset objects unloaded after import = 0

========================================================================
Received Import Request.
  Time since last request: 0.000184 seconds.
  path: Assets/Tiles/Dungeon/Wall_8.asset
  artifactKey: Guid(1319a69c719147e4bb679d864dfb5efd) Importer(2089858483,192608db42251d675da83286b1cce702)
Start importing Assets/Tiles/Dungeon/Wall_8.asset using Guid(1319a69c719147e4bb679d864dfb5efd) Importer(2089858483,192608db42251d675da83286b1cce702) (ScriptedImporter) -> (artifact id: 'b58bf190e0ae96b959adc97d78f1e362') in 0.0391522 seconds
Number of updated asset objects reloaded before import = 0Number of asset objects unloaded after import = 2

========================================================================
Received Import Request.
  Time since last request: 0.000106 seconds.
  path: Assets/Tiles/Dungeon/Water_10.asset
  artifactKey: Guid(d105edb7b3c3e9a438a242e697289d76) Importer(2089858483,192608db42251d675da83286b1cce702)
Start importing Assets/Tiles/Dungeon/Water_10.asset using Guid(d105edb7b3c3e9a438a242e697289d76) Importer(2089858483,192608db42251d675da83286b1cce702) (ScriptedImporter) -> (artifact id: 'ff59b088011ebfca72f2d930e628f088') in 0.1160371 seconds
Number of updated asset objects reloaded before import = 0Number of asset objects unloaded after import = 2

========================================================================
Received Import Request.
  Time since last request: 0.000037 seconds.
  path: Assets/Tiles/Outside/Cliff_24.asset
  artifactKey: Guid(58e5647287079c94fa2c20271fa4d2a8) Importer(2089858483,192608db42251d675da83286b1cce702)
Start importing Assets/Tiles/Outside/Cliff_24.asset using Guid(58e5647287079c94fa2c20271fa4d2a8) Importer(2089858483,192608db42251d675da83286b1cce702) (ScriptedImporter) -> (artifact id: '326d2ad7ac8417f17d8b38e31aaaec98') in 0.063146 seconds
Number of updated asset objects reloaded before import = 0Number of asset objects unloaded after import = 2

========================================================================
Received Import Request.
  Time since last request: 0.000044 seconds.
  path: Assets/Tiles/Outside/Grass_8.asset
  artifactKey: Guid(af45dd1eca1f24947a39cf9b96002a44) Importer(2089858483,192608db42251d675da83286b1cce702)
Start importing Assets/Tiles/Outside/Grass_8.asset using Guid(af45dd1eca1f24947a39cf9b96002a44) Importer(2089858483,192608db42251d675da83286b1cce702) (ScriptedImporter) -> (artifact id: '69c3e5e426bd5c14e196ec5fdba09058') in 0.0514564 seconds
Number of updated asset objects reloaded before import = 0Number of asset objects unloaded after import = 2

========================================================================
Received Import Request.
  Time since last request: 0.000042 seconds.
  path: Assets/Tiles/Outside/Grass_13.asset
  artifactKey: Guid(c920cc9e34c8b4644890c36ea9d3a833) Importer(2089858483,192608db42251d675da83286b1cce702)
Start importing Assets/Tiles/Outside/Grass_13.asset using Guid(c920cc9e34c8b4644890c36ea9d3a833) Importer(2089858483,192608db42251d675da83286b1cce702) (ScriptedImporter) -> (artifact id: '44640e4f74f91709a1f678e4246d0492') in 0.0258389 seconds
Number of updated asset objects reloaded before import = 0Number of asset objects unloaded after import = 2

========================================================================
Received Import Request.
  Time since last request: 0.000030 seconds.
  path: Assets/Tiles/Outside/Cliff_4.asset
  artifactKey: Guid(a1171be17b48d64479fc9c417faca767) Importer(2089858483,192608db42251d675da83286b1cce702)
Start importing Assets/Tiles/Outside/Cliff_4.asset using Guid(a1171be17b48d64479fc9c417faca767) Importer(2089858483,192608db42251d675da83286b1cce702) (ScriptedImporter) -> (artifact id: '839c29f01d13715b3f10e1150248ad5b') in 0.0348371 seconds
Number of updated asset objects reloaded before import = 0Number of asset objects unloaded after import = 2

========================================================================
Received Import Request.
  Time since last request: 0.001462 seconds.
  path: Assets/Tiles/Outside/Grass_0.asset
  artifactKey: Guid(bfb8aab2133b10a4ab0fd522c7e62d94) Importer(2089858483,192608db42251d675da83286b1cce702)
Start importing Assets/Tiles/Outside/Grass_0.asset using Guid(bfb8aab2133b10a4ab0fd522c7e62d94) Importer(2089858483,192608db42251d675da83286b1cce702) (ScriptedImporter) -> (artifact id: '768988961f2320eaa6eec1242ae2b155') in 0.0294947 seconds
Number of updated asset objects reloaded before import = 0Number of asset objects unloaded after import = 2

========================================================================
Received Import Request.
  Time since last request: 0.000072 seconds.
  path: Assets/Tiles/Outside/Cliff_11.asset
  artifactKey: Guid(3505a489552d8834f9347af29de9fdba) Importer(2089858483,192608db42251d675da83286b1cce702)
Start importing Assets/Tiles/Outside/Cliff_11.asset using Guid(3505a489552d8834f9347af29de9fdba) Importer(2089858483,192608db42251d675da83286b1cce702) (ScriptedImporter) -> (artifact id: '7f6a6848f89013be8d4e76d14e64a00b') in 0.0390473 seconds
Number of updated asset objects reloaded before import = 0Number of asset objects unloaded after import = 2

========================================================================
Received Import Request.
  Time since last request: 0.000038 seconds.
  path: Assets/Tiles/Outside/Cliff_20.asset
  artifactKey: Guid(01711e55b1e6ee34ba2feb01803b0c45) Importer(2089858483,192608db42251d675da83286b1cce702)
Start importing Assets/Tiles/Outside/Cliff_20.asset using Guid(01711e55b1e6ee34ba2feb01803b0c45) Importer(2089858483,192608db42251d675da83286b1cce702) (ScriptedImporter) -> (artifact id: '206f12d79a5427d52ccb621f1d62d72a') in 0.0419557 seconds
Number of updated asset objects reloaded before import = 0Number of asset objects unloaded after import = 2

========================================================================
Received Import Request.
  Time since last request: 0.000036 seconds.
  path: Assets/Tiles/Outside/Cliff_1.asset
  artifactKey: Guid(746b4d641caa00e4abb1c06fcb62b1d2) Importer(2089858483,192608db42251d675da83286b1cce702)
Start importing Assets/Tiles/Outside/Cliff_1.asset using Guid(746b4d641caa00e4abb1c06fcb62b1d2) Importer(2089858483,192608db42251d675da83286b1cce702) (ScriptedImporter) -> (artifact id: '720bb19ed04a16c3226c3d19cd9b4af8') in 0.0366595 seconds
Number of updated asset objects reloaded before import = 0Number of asset objects unloaded after import = 2

========================================================================
Received Import Request.
  Time since last request: 0.000042 seconds.
  path: Assets/Tiles/Outside/Cliff_6.asset
  artifactKey: Guid(3c18c1a2d0a942547a1e2a2a5a510196) Importer(2089858483,192608db42251d675da83286b1cce702)
Start importing Assets/Tiles/Outside/Cliff_6.asset using Guid(3c18c1a2d0a942547a1e2a2a5a510196) Importer(2089858483,192608db42251d675da83286b1cce702) (ScriptedImporter) -> (artifact id: '93fc3854c9d13d7228de06f0ecb2265f') in 0.0225666 seconds
Number of updated asset objects reloaded before import = 0Number of asset objects unloaded after import = 2

========================================================================
Received Import Request.
  Time since last request: 0.000089 seconds.
  path: Assets/Tiles/Outside/Grass_24.asset
  artifactKey: Guid(2a461613c9a524749b9891c5734b61d5) Importer(2089858483,192608db42251d675da83286b1cce702)
Start importing Assets/Tiles/Outside/Grass_24.asset using Guid(2a461613c9a524749b9891c5734b61d5) Importer(2089858483,192608db42251d675da83286b1cce702) (ScriptedImporter) -> (artifact id: '2cd201a6f2471567f9ea4c6e34d187dc') in 0.0428585 seconds
Number of updated asset objects reloaded before import = 0Number of asset objects unloaded after import = 2

========================================================================
Received Import Request.
  Time since last request: 0.000026 seconds.
  path: Assets/Tiles/Dungeon/Water_1.asset
  artifactKey: Guid(08a67d9f55077a644816d14e812302db) Importer(2089858483,192608db42251d675da83286b1cce702)
Start importing Assets/Tiles/Dungeon/Water_1.asset using Guid(08a67d9f55077a644816d14e812302db) Importer(2089858483,192608db42251d675da83286b1cce702) (ScriptedImporter) -> (artifact id: '7e90f95751692a264f0594d43dcc4d0f') in 0.0229816 seconds
Number of updated asset objects reloaded before import = 0Number of asset objects unloaded after import = 2

========================================================================
Received Import Request.
  Time since last request: 0.000686 seconds.
  path: Assets/Tiles/Dungeon/Wall_4.asset
  artifactKey: Guid(be374ff38da23f54e976222041c8a3aa) Importer(2089858483,192608db42251d675da83286b1cce702)
Start importing Assets/Tiles/Dungeon/Wall_4.asset using Guid(be374ff38da23f54e976222041c8a3aa) Importer(2089858483,192608db42251d675da83286b1cce702) (ScriptedImporter) -> (artifact id: 'cca5019b7b343e76b980e747649bab9c') in 0.0382973 seconds
Number of updated asset objects reloaded before import = 0Number of asset objects unloaded after import = 2

========================================================================
Received Import Request.
  Time since last request: 0.000054 seconds.
  path: Assets/Tiles/Outside/Cliff_0.asset
  artifactKey: Guid(04be4a6e4b89d0c498d32803a15b0a48) Importer(2089858483,192608db42251d675da83286b1cce702)
Start importing Assets/Tiles/Outside/Cliff_0.asset using Guid(04be4a6e4b89d0c498d32803a15b0a48) Importer(2089858483,192608db42251d675da83286b1cce702) (ScriptedImporter) -> (artifact id: '930b4bfd683da1ae6126c5b1e1ec1e1e') in 0.0232096 seconds
Number of updated asset objects reloaded before import = 0Number of asset objects unloaded after import = 2

========================================================================
Received Import Request.
  Time since last request: 0.000073 seconds.
  path: Assets/Tiles/Dungeon/Wall_2.asset
  artifactKey: Guid(4c25761b95b3d5a4b99f5786ecbfdefa) Importer(2089858483,192608db42251d675da83286b1cce702)
Start importing Assets/Tiles/Dungeon/Wall_2.asset using Guid(4c25761b95b3d5a4b99f5786ecbfdefa) Importer(2089858483,192608db42251d675da83286b1cce702) (ScriptedImporter) -> (artifact id: '49e436562f70eb048d8848f2139c2957') in 0.0220188 seconds
Number of updated asset objects reloaded before import = 0Number of asset objects unloaded after import = 2

========================================================================
Received Import Request.
  Time since last request: 0.000116 seconds.
  path: Assets/Tiles/Outside/Cliff_16.asset
  artifactKey: Guid(ce59609238e227842941a4ed59af141e) Importer(2089858483,192608db42251d675da83286b1cce702)
Start importing Assets/Tiles/Outside/Cliff_16.asset using Guid(ce59609238e227842941a4ed59af141e) Importer(2089858483,192608db42251d675da83286b1cce702) (ScriptedImporter) -> (artifact id: '0228891d3d3737c5441d50df9f381ba0') in 0.0268096 seconds
Number of updated asset objects reloaded before import = 0Number of asset objects unloaded after import = 2

========================================================================
Received Import Request.
  Time since last request: 0.000025 seconds.
  path: Assets/Tilesets/Outside/Bush.png
  artifactKey: Guid(54ea4b5c125732e4e9dcab25fcd9c170) Importer(2089858483,192608db42251d675da83286b1cce702)
Start importing Assets/Tilesets/Outside/Bush.png using Guid(54ea4b5c125732e4e9dcab25fcd9c170) Importer(2089858483,192608db42251d675da83286b1cce702) (ScriptedImporter) -> (artifact id: '21cf1dbfd439997dd34a24a29108e871') in 0.0847889 seconds
Number of updated asset objects reloaded before import = 0Number of asset objects unloaded after import = 14

========================================================================
Received Import Request.
  Time since last request: 0.000034 seconds.
  path: Assets/Sprites/Enemies/Mouche/hit_mouche.anim
  artifactKey: Guid(25abb683805e96c4ab1ca1de98c79cdf) Importer(2089858483,192608db42251d675da83286b1cce702)
Start importing Assets/Sprites/Enemies/Mouche/hit_mouche.anim using Guid(25abb683805e96c4ab1ca1de98c79cdf) Importer(2089858483,192608db42251d675da83286b1cce702) (ScriptedImporter) -> (artifact id: '3dbc3007509915b35ee5e96dfc7ae4b5') in 0.0231592 seconds
Number of updated asset objects reloaded before import = 0Number of asset objects unloaded after import = 1

========================================================================
Received Import Request.
  Time since last request: 0.000246 seconds.
  path: Assets/Tiles/Outside/Water_1.asset
  artifactKey: Guid(ab21ad2a8168c5e44a3261a242080c17) Importer(2089858483,192608db42251d675da83286b1cce702)
Start importing Assets/Tiles/Outside/Water_1.asset using Guid(ab21ad2a8168c5e44a3261a242080c17) Importer(2089858483,192608db42251d675da83286b1cce702) (ScriptedImporter) -> (artifact id: 'defca5b2dd3f0b49f80f5864f30d23cc') in 0.0339211 seconds
Number of updated asset objects reloaded before import = 0Number of asset objects unloaded after import = 2

========================================================================
Received Import Request.
  Time since last request: 0.000034 seconds.
  path: Assets/Tiles/Outside/Water_11.asset
  artifactKey: Guid(e9156a28bc9495c45b25f9004714f625) Importer(2089858483,192608db42251d675da83286b1cce702)
Start importing Assets/Tiles/Outside/Water_11.asset using Guid(e9156a28bc9495c45b25f9004714f625) Importer(2089858483,192608db42251d675da83286b1cce702) (ScriptedImporter) -> (artifact id: '46c85eb5c5c19c55db9295e2e5132810') in 0.0354711 seconds
Number of updated asset objects reloaded before import = 0Number of asset objects unloaded after import = 2

========================================================================
Received Import Request.
  Time since last request: 0.000069 seconds.
  path: Assets/Sprites/Slime/slime_base/hit-Sheet.png
  artifactKey: Guid(f704ec11a7fc9b94e8cc821a87ed6ebe) Importer(2089858483,192608db42251d675da83286b1cce702)
Start importing Assets/Sprites/Slime/slime_base/hit-Sheet.png using Guid(f704ec11a7fc9b94e8cc821a87ed6ebe) Importer(2089858483,192608db42251d675da83286b1cce702) (ScriptedImporter) -> (artifact id: '531b90314a9973ba77577dcaa22b97f0') in 0.0581142 seconds
Number of updated asset objects reloaded before import = 0Number of asset objects unloaded after import = 7

========================================================================
Received Import Request.
  Time since last request: 0.000031 seconds.
  path: Assets/Tiles/Outside/Trees_16.asset
  artifactKey: Guid(4d76a6b09be01ac4ebbcb17184370eaa) Importer(2089858483,192608db42251d675da83286b1cce702)
Start importing Assets/Tiles/Outside/Trees_16.asset using Guid(4d76a6b09be01ac4ebbcb17184370eaa) Importer(2089858483,192608db42251d675da83286b1cce702) (ScriptedImporter) -> (artifact id: 'ce1dd399af6beddb705900a54de940e6') in 0.0208178 seconds
Number of updated asset objects reloaded before import = 0Number of asset objects unloaded after import = 2

========================================================================
Received Import Request.
  Time since last request: 0.000088 seconds.
  path: Assets/Tiles/Outside/Water_12.asset
  artifactKey: Guid(fd75e79a7d5ef5f4aba2b7c6a9514139) Importer(2089858483,192608db42251d675da83286b1cce702)
Start importing Assets/Tiles/Outside/Water_12.asset using Guid(fd75e79a7d5ef5f4aba2b7c6a9514139) Importer(2089858483,192608db42251d675da83286b1cce702) (ScriptedImporter) -> (artifact id: 'f572286a65e75674c4154ac2237d9645') in 0.0437984 seconds
Number of updated asset objects reloaded before import = 0Number of asset objects unloaded after import = 2

========================================================================
Received Import Request.
  Time since last request: 0.000126 seconds.
  path: Assets/Tiles/Outside/Trees_17.asset
  artifactKey: Guid(509d5f247d8dc5342827429bd0775c9c) Importer(2089858483,192608db42251d675da83286b1cce702)
Start importing Assets/Tiles/Outside/Trees_17.asset using Guid(509d5f247d8dc5342827429bd0775c9c) Importer(2089858483,192608db42251d675da83286b1cce702) (ScriptedImporter) -> (artifact id: '422a74e5c6db5e99fee194835d50d311') in 0.0229674 seconds
Number of updated asset objects reloaded before import = 0Number of asset objects unloaded after import = 2

========================================================================
Received Import Request.
  Time since last request: 0.000037 seconds.
  path: Assets/Tilesets/Dungeon/Ground.png
  artifactKey: Guid(4fc5346dd24820145b1b0050fd9fe5e6) Importer(2089858483,192608db42251d675da83286b1cce702)
Start importing Assets/Tilesets/Dungeon/Ground.png using Guid(4fc5346dd24820145b1b0050fd9fe5e6) Importer(2089858483,192608db42251d675da83286b1cce702) (ScriptedImporter) -> (artifact id: '0fbd2875cad4ab1bc43be000dd0dd19c') in 0.0568043 seconds
Number of updated asset objects reloaded before import = 0Number of asset objects unloaded after import = 6

========================================================================
Received Import Request.
  Time since last request: 0.000051 seconds.
  path: Assets/Tiles/Outside/Water_7.asset
  artifactKey: Guid(051d6e6dcb96edd4880944a6b9e6b9bd) Importer(2089858483,192608db42251d675da83286b1cce702)
Start importing Assets/Tiles/Outside/Water_7.asset using Guid(051d6e6dcb96edd4880944a6b9e6b9bd) Importer(2089858483,192608db42251d675da83286b1cce702) (ScriptedImporter) -> (artifact id: '01019e147780f9137cee0e4b10aaf9e4') in 0.057586 seconds
Number of updated asset objects reloaded before import = 0Number of asset objects unloaded after import = 2

========================================================================
Received Import Request.
  Time since last request: 0.000028 seconds.
  path: Assets/Tiles/Outside/Water_4.asset
  artifactKey: Guid(05d8ef3ec0598f048bd79e37863f931f) Importer(2089858483,192608db42251d675da83286b1cce702)
Start importing Assets/Tiles/Outside/Water_4.asset using Guid(05d8ef3ec0598f048bd79e37863f931f) Importer(2089858483,192608db42251d675da83286b1cce702) (ScriptedImporter) -> (artifact id: '8dacf0ba8b6bedf7939ae3c002d6c1d8') in 0.0511391 seconds
Number of updated asset objects reloaded before import = 0Number of asset objects unloaded after import = 2

========================================================================
Received Import Request.
  Time since last request: 0.000035 seconds.
  path: Assets/Sprites/Slime/slime_base/atk-Sheet.png
  artifactKey: Guid(d4e5be60a2e902b4f82091df4da5ad11) Importer(2089858483,192608db42251d675da83286b1cce702)
Start importing Assets/Sprites/Slime/slime_base/atk-Sheet.png using Guid(d4e5be60a2e902b4f82091df4da5ad11) Importer(2089858483,192608db42251d675da83286b1cce702) (ScriptedImporter) -> (artifact id: 'e0f3191259f5bd4a5295739e4f9c003d') in 0.0795706 seconds
Number of updated asset objects reloaded before import = 0Number of asset objects unloaded after import = 10

========================================================================
Received Import Request.
  Time since last request: 0.000024 seconds.
  path: Assets/Tilesets/Dungeon/Torch.png
  artifactKey: Guid(57926b92f7393ce4f9e505a9d28041c1) Importer(2089858483,192608db42251d675da83286b1cce702)
Start importing Assets/Tilesets/Dungeon/Torch.png using Guid(57926b92f7393ce4f9e505a9d28041c1) Importer(2089858483,192608db42251d675da83286b1cce702) (ScriptedImporter) -> (artifact id: '5278e3810b1c51d090c8c3173fcb1bec') in 0.050367 seconds
Number of updated asset objects reloaded before import = 0Number of asset objects unloaded after import = 3

========================================================================
Received Import Request.
  Time since last request: 0.000036 seconds.
  path: Assets/Sprites/Slime/slime_sword/move.anim
  artifactKey: Guid(baef6625191e1014690651699bd56a34) Importer(2089858483,192608db42251d675da83286b1cce702)
Start importing Assets/Sprites/Slime/slime_sword/move.anim using Guid(baef6625191e1014690651699bd56a34) Importer(2089858483,192608db42251d675da83286b1cce702) (ScriptedImporter) -> (artifact id: '86fcb6270cf764db6fd1a4c585215eab') in 0.0289781 seconds
Number of updated asset objects reloaded before import = 0Number of asset objects unloaded after import = 1

========================================================================
Received Import Request.
  Time since last request: 0.000308 seconds.
  path: Assets/Sprites/Slime/slime_sword/slime_lancer-Sheet.png
  artifactKey: Guid(bbae3bbdb0be1564e81a16bd4fc9d4e4) Importer(2089858483,192608db42251d675da83286b1cce702)
Start importing Assets/Sprites/Slime/slime_sword/slime_lancer-Sheet.png using Guid(bbae3bbdb0be1564e81a16bd4fc9d4e4) Importer(2089858483,192608db42251d675da83286b1cce702) (ScriptedImporter) -> (artifact id: 'd60662ad3e1a30350902ccd7b5f0579f') in 0.0655008 seconds
Number of updated asset objects reloaded before import = 0Number of asset objects unloaded after import = 10

========================================================================
Received Import Request.
  Time since last request: 0.000033 seconds.
  path: Assets/Sprites/Slime/slime_sword/respawn.anim
  artifactKey: Guid(87ec49e88f99b5f45b05719e4e2e7693) Importer(2089858483,192608db42251d675da83286b1cce702)
Start importing Assets/Sprites/Slime/slime_sword/respawn.anim using Guid(87ec49e88f99b5f45b05719e4e2e7693) Importer(2089858483,192608db42251d675da83286b1cce702) (ScriptedImporter) -> (artifact id: '897b359d25757cc1b6516a5db8174968') in 0.0274831 seconds
Number of updated asset objects reloaded before import = 0Number of asset objects unloaded after import = 1

========================================================================
Received Import Request.
  Time since last request: 0.000203 seconds.
  path: Assets/Sprites/Slime/slime_sword/lancer.anim
  artifactKey: Guid(6ba1fb3a5c276e4418ceb33d9e59a672) Importer(2089858483,192608db42251d675da83286b1cce702)
Start importing Assets/Sprites/Slime/slime_sword/lancer.anim using Guid(6ba1fb3a5c276e4418ceb33d9e59a672) Importer(2089858483,192608db42251d675da83286b1cce702) (ScriptedImporter) -> (artifact id: '616de56bd32568e17e6cbae08007ea19') in 0.0270617 seconds
Number of updated asset objects reloaded before import = 0Number of asset objects unloaded after import = 1

========================================================================
Received Import Request.
  Time since last request: 0.000137 seconds.
  path: Assets/Sprites/Slime/slime_sword/sword2.png
  artifactKey: Guid(c33aed3abfdb58345aa622621add6527) Importer(2089858483,192608db42251d675da83286b1cce702)
Start importing Assets/Sprites/Slime/slime_sword/sword2.png using Guid(c33aed3abfdb58345aa622621add6527) Importer(2089858483,192608db42251d675da83286b1cce702) (ScriptedImporter) -> (artifact id: 'c72c996605981405a65e2d2e566c279a') in 0.0415602 seconds
Number of updated asset objects reloaded before import = 0Number of asset objects unloaded after import = 3

========================================================================
Received Import Request.
  Time since last request: 0.000041 seconds.
  path: Assets/Tiles/Outside/Trees_8.asset
  artifactKey: Guid(52f7c6413c5f40a42b279274e5e434e5) Importer(2089858483,192608db42251d675da83286b1cce702)
Start importing Assets/Tiles/Outside/Trees_8.asset using Guid(52f7c6413c5f40a42b279274e5e434e5) Importer(2089858483,192608db42251d675da83286b1cce702) (ScriptedImporter) -> (artifact id: '0fb753e95f0a3193f4b97b02f214e56c') in 0.0310163 seconds
Number of updated asset objects reloaded before import = 0Number of asset objects unloaded after import = 2

========================================================================
Received Import Request.
  Time since last request: 0.000041 seconds.
  path: Assets/Tilesets/Tilemap-Zelda-like_162.asset
  artifactKey: Guid(5f9952f79062db94f85c87ea72a85ef6) Importer(2089858483,192608db42251d675da83286b1cce702)
Start importing Assets/Tilesets/Tilemap-Zelda-like_162.asset using Guid(5f9952f79062db94f85c87ea72a85ef6) Importer(2089858483,192608db42251d675da83286b1cce702) (ScriptedImporter) -> (artifact id: '43de65c0ce854ed4414c5c66cf55200a') in 0.0262792 seconds
Number of updated asset objects reloaded before import = 0Number of asset objects unloaded after import = 2

========================================================================
Received Import Request.
  Time since last request: 0.000033 seconds.
  path: Assets/Tilesets/Outside/Trees.png
  artifactKey: Guid(5b428d07de9f7ef42b2894384a357281) Importer(2089858483,192608db42251d675da83286b1cce702)
Start importing Assets/Tilesets/Outside/Trees.png using Guid(5b428d07de9f7ef42b2894384a357281) Importer(2089858483,192608db42251d675da83286b1cce702) (ScriptedImporter) -> (artifact id: 'e613c7efeb7f72354edb144f201a78fe') in 0.1009831 seconds
Number of updated asset objects reloaded before import = 0Number of asset objects unloaded after import = 20

========================================================================
Received Import Request.
  Time since last request: 0.000039 seconds.
  path: Assets/Tiles/Outside/Grass_15.asset
  artifactKey: Guid(e6ab1bca55c166f4bbe222b420e3844d) Importer(2089858483,192608db42251d675da83286b1cce702)
Start importing Assets/Tiles/Outside/Grass_15.asset using Guid(e6ab1bca55c166f4bbe222b420e3844d) Importer(2089858483,192608db42251d675da83286b1cce702) (ScriptedImporter) -> (artifact id: '23f27cc195749f8d48b36d8752c79df0') in 0.0284888 seconds
Number of updated asset objects reloaded before import = 0Number of asset objects unloaded after import = 2

========================================================================
Received Import Request.
  Time since last request: 0.000033 seconds.
  path: Assets/Map/MarkSample.png
  artifactKey: Guid(7eb8e9d9e13b29a439bc1b2252bc4346) Importer(2089858483,192608db42251d675da83286b1cce702)
Start importing Assets/Map/MarkSample.png using Guid(7eb8e9d9e13b29a439bc1b2252bc4346) Importer(2089858483,192608db42251d675da83286b1cce702) (ScriptedImporter) -> (artifact id: 'dd3d03ac4a9b6c3d3004382c3f3c492b') in 0.0624629 seconds
Number of updated asset objects reloaded before import = 0Number of asset objects unloaded after import = 3

========================================================================
Received Import Request.
  Time since last request: 0.000620 seconds.
  path: Assets/Scripts/SwordProjectil.cs
  artifactKey: Guid(67f2e07aa9ea6fe49aefb967eeb933af) Importer(2089858483,192608db42251d675da83286b1cce702)
Start importing Assets/Scripts/SwordProjectil.cs using Guid(67f2e07aa9ea6fe49aefb967eeb933af) Importer(2089858483,192608db42251d675da83286b1cce702) (ScriptedImporter) -> (artifact id: '97055b073e45bad1d6d715bfe5356b07') in 0.0296425 seconds
Number of updated asset objects reloaded before import = 0Number of asset objects unloaded after import = 0

========================================================================
Received Import Request.
  Time since last request: 0.000481 seconds.
  path: Assets/Tilesets/Tilemap-Zelda-like_104.asset
  artifactKey: Guid(fb193961d64917d44a3483169ae8871a) Importer(2089858483,192608db42251d675da83286b1cce702)
Start importing Assets/Tilesets/Tilemap-Zelda-like_104.asset using Guid(fb193961d64917d44a3483169ae8871a) Importer(2089858483,192608db42251d675da83286b1cce702) (ScriptedImporter) -> (artifact id: '34cc320adf99720f81655870318f8286') in 0.0302647 seconds
Number of updated asset objects reloaded before import = 0Number of asset objects unloaded after import = 2

========================================================================
Received Import Request.
  Time since last request: 0.000033 seconds.
  path: Assets/Tilesets/Tilemap-Zelda-like_168.asset
  artifactKey: Guid(f9b4fd9c5707c78498107bc156924de8) Importer(2089858483,192608db42251d675da83286b1cce702)
Start importing Assets/Tilesets/Tilemap-Zelda-like_168.asset using Guid(f9b4fd9c5707c78498107bc156924de8) Importer(2089858483,192608db42251d675da83286b1cce702) (ScriptedImporter) -> (artifact id: '78cba2528ad50708c49c68a03abe6a5f') in 0.0430032 seconds
Number of updated asset objects reloaded before import = 0Number of asset objects unloaded after import = 2

========================================================================
Received Import Request.
  Time since last request: 0.000036 seconds.
  path: Assets/_Scenes/MainScene.unity
  artifactKey: Guid(af77b70f3ebb84f48b5d1296354ea61a) Importer(2089858483,192608db42251d675da83286b1cce702)
Start importing Assets/_Scenes/MainScene.unity using Guid(af77b70f3ebb84f48b5d1296354ea61a) Importer(2089858483,192608db42251d675da83286b1cce702) (ScriptedImporter) -> (artifact id: 'b4438071d75469c265af65c81cb351ce') in 0.0858666 seconds
Number of updated asset objects reloaded before import = 0Number of asset objects unloaded after import = 1

========================================================================
Received Import Request.
  Time since last request: 0.000349 seconds.
  path: Assets/Sprites/Slime/slime_sword/death.anim
  artifactKey: Guid(8af51d01a4266594aacd11851667c80b) Importer(2089858483,192608db42251d675da83286b1cce702)
Start importing Assets/Sprites/Slime/slime_sword/death.anim using Guid(8af51d01a4266594aacd11851667c80b) Importer(2089858483,192608db42251d675da83286b1cce702) (ScriptedImporter) -> (artifact id: '09aa1441dabe3202eaa5709c9a494512') in 0.0267826 seconds
Number of updated asset objects reloaded before import = 0Number of asset objects unloaded after import = 1

Editor requested this worker to shutdown with reason: Scaling down because of idle timeout
AssetImportWorker is now disconnected from the server
Process exiting
Exiting without the bug reporter. Application will terminate with return code 0